2024-06-06 19:49:32,941 [INFO] Activator:176 - 


2024-06-06 19:49:32,941 [INFO] Activator:177 - !SESSION log4j initialized
2024-06-06 19:49:38,282 [INFO] LogOutputStream:77 - [STDOUT_REDIRECT] 
2024-06-06 19:49:40,202 [INFO] ApplicationProperties:184 - Using Application install path: C:\ST\STM32CubeIDE_1.15.0\STM32CubeIDE\plugins\com.st.stm32cube.common.mx_6.11.1.202404110753
2024-06-06 19:49:40,216 [INFO] DbMcusXml:78 - Set database path to: C:\ST\STM32CubeIDE_1.15.0\STM32CubeIDE\plugins\com.st.stm32cube.common.mx_6.11.1.202404110753\\db\/mcu/
2024-06-06 19:49:40,216 [INFO] ApiDb:274 - Set plugin database path to: C:\ST\STM32CubeIDE_1.15.0\STM32CubeIDE\plugins\com.st.stm32cube.common.mx_6.11.1.202404110753\\db\/plugins/boardmanager/
2024-06-06 19:49:40,216 [WARN] ApiDb:259 - Overriding images path with different value:  => C:\ST\STM32CubeIDE_1.15.0\STM32CubeIDE\plugins\com.st.stm32cube.common.mx_6.11.1.202404110753\\db\/plugins/mcufinder/images/
2024-06-06 19:49:40,223 [INFO] ApiDb:250 - Set database path to: C:\Users\harun\.stmcufinder\plugins\mcufinder//mcu/
2024-06-06 19:49:40,223 [INFO] DbMcusAds:125 - Set database path to: C:\Users\harun\.stmcufinder\plugins\mcufinder//mcu/
2024-06-06 19:49:40,225 [INFO] CrossReferenceDbSqlite:203 - Set database path to: C:\Users\harun\.stmcufinder\plugins\mcufinder//mcu/cs/
2024-06-06 19:49:40,312 [INFO] RulesReader:64 - Compatibility file has been processed (297 Rules)
2024-06-06 19:49:40,393 [INFO] DbMcusXml:78 - Set database path to: C:\ST\STM32CubeIDE_1.15.0\STM32CubeIDE\plugins\com.st.stm32cube.common.mx_6.11.1.202404110753\\db\/mcu/
2024-06-06 19:49:40,393 [INFO] ApiDb:274 - Set plugin database path to: C:\ST\STM32CubeIDE_1.15.0\STM32CubeIDE\plugins\com.st.stm32cube.common.mx_6.11.1.202404110753\\db\/plugins/boardmanager/
2024-06-06 19:49:40,393 [INFO] ApiDb:261 - Set plugin images path to: C:\ST\STM32CubeIDE_1.15.0\STM32CubeIDE\plugins\com.st.stm32cube.common.mx_6.11.1.202404110753\\db\/plugins/mcufinder/images/
2024-06-06 19:49:40,394 [WARN] DbFile:41 - Overriding database path with different value: C:\Users\harun\.stmcufinder\plugins\mcufinder/ => C:\Users\harun\.stmcufinder\plugins\mcufinder
2024-06-06 19:49:40,394 [INFO] ApiDb:250 - Set database path to: C:\Users\harun\.stmcufinder\plugins\mcufinder//mcu/
2024-06-06 19:49:40,394 [WARN] DbFile:41 - Overriding database path with different value: C:\Users\harun\.stmcufinder\plugins\mcufinder/ => C:\Users\harun\.stmcufinder\plugins\mcufinder
2024-06-06 19:49:40,394 [INFO] DbMcusAds:125 - Set database path to: C:\Users\harun\.stmcufinder\plugins\mcufinder//mcu/
2024-06-06 19:49:40,394 [WARN] DbFile:41 - Overriding database path with different value: C:\Users\harun\.stmcufinder\plugins\mcufinder/ => C:\Users\harun\.stmcufinder\plugins\mcufinder
2024-06-06 19:49:40,394 [WARN] DbFile:41 - Overriding database path with different value: C:\Users\harun\.stmcufinder\plugins\mcufinder/ => C:\Users\harun\.stmcufinder\plugins\mcufinder
2024-06-06 19:49:40,394 [INFO] CrossReferenceDbSqlite:203 - Set database path to: C:\Users\harun\.stmcufinder\plugins\mcufinder//mcu/cs/
2024-06-06 19:49:40,466 [INFO] MainPanel:264 - HeapMemory: 268435456
2024-06-06 19:49:40,544 [INFO] DbMcusXml:78 - Set database path to: C:\ST\STM32CubeIDE_1.15.0\STM32CubeIDE\plugins\com.st.stm32cube.common.mx_6.11.1.202404110753\\db\/mcu/
2024-06-06 19:49:40,544 [INFO] ApiDb:274 - Set plugin database path to: C:\ST\STM32CubeIDE_1.15.0\STM32CubeIDE\plugins\com.st.stm32cube.common.mx_6.11.1.202404110753\\db\/plugins/boardmanager/
2024-06-06 19:49:40,544 [INFO] ApiDb:261 - Set plugin images path to: C:\ST\STM32CubeIDE_1.15.0\STM32CubeIDE\plugins\com.st.stm32cube.common.mx_6.11.1.202404110753\\db\/plugins/mcufinder/images/
2024-06-06 19:49:40,544 [WARN] DbFile:41 - Overriding database path with different value: C:\Users\harun\.stmcufinder\plugins\mcufinder/ => C:\Users\harun\.stmcufinder\plugins\mcufinder
2024-06-06 19:49:40,544 [INFO] ApiDb:250 - Set database path to: C:\Users\harun\.stmcufinder\plugins\mcufinder//mcu/
2024-06-06 19:49:40,545 [WARN] DbFile:41 - Overriding database path with different value: C:\Users\harun\.stmcufinder\plugins\mcufinder/ => C:\Users\harun\.stmcufinder\plugins\mcufinder
2024-06-06 19:49:40,545 [INFO] DbMcusAds:125 - Set database path to: C:\Users\harun\.stmcufinder\plugins\mcufinder//mcu/
2024-06-06 19:49:40,545 [WARN] DbFile:41 - Overriding database path with different value: C:\Users\harun\.stmcufinder\plugins\mcufinder/ => C:\Users\harun\.stmcufinder\plugins\mcufinder
2024-06-06 19:49:40,545 [WARN] DbFile:41 - Overriding database path with different value: C:\Users\harun\.stmcufinder\plugins\mcufinder/ => C:\Users\harun\.stmcufinder\plugins\mcufinder
2024-06-06 19:49:40,545 [INFO] CrossReferenceDbSqlite:203 - Set database path to: C:\Users\harun\.stmcufinder\plugins\mcufinder//mcu/cs/
2024-06-06 19:49:40,561 [INFO] ApplicationProperties:184 - Using Application install path: C:\ST\STM32CubeIDE_1.15.0\STM32CubeIDE\plugins\com.st.stm32cube.common.mx_6.11.1.202404110753
2024-06-06 19:49:40,562 [INFO] PluginManage:196 - Search for loadable plugins [exclusion list=, ]
2024-06-06 19:49:40,563 [INFO] PluginManage:310 - Check plugin analytics
2024-06-06 19:49:40,695 [INFO] AnalyticsPlugin:253 - Accepted Software Licenses: 
2024-06-06 19:49:40,695 [INFO] AnalyticsPlugin:255 - Accepted CMSIS Pack Licenses: 
2024-06-06 19:49:40,696 [INFO] AnalyticsPlugin:257 - Accepted Firmware Licenses: FW.F7.1.17.0
2024-06-06 19:49:40,697 [INFO] PluginManage:359 - Loaded plugin analytics (category:tool,tabindex:-1)
2024-06-06 19:49:40,698 [INFO] PluginManage:310 - Check plugin cadmodel
2024-06-06 19:49:40,739 [INFO] CADModel:105 - Init CAD model plugin
2024-06-06 19:49:40,740 [INFO] PluginManage:359 - Loaded plugin cadmodel (category:power,tabindex:5)
2024-06-06 19:49:40,740 [INFO] PluginManage:310 - Check plugin clock
2024-06-06 19:49:40,758 [INFO] PluginManage:359 - Loaded plugin clock (category:base,tabindex:2)
2024-06-06 19:49:40,758 [INFO] PluginManage:310 - Check plugin ddr
2024-06-06 19:49:40,760 [INFO] PluginManage:359 - Loaded plugin ddr (category:tool,tabindex:6)
2024-06-06 19:49:40,760 [INFO] PluginManage:310 - Check plugin filemanager
2024-06-06 19:49:40,901 [INFO] PluginManage:359 - Loaded plugin filemanager (category:base,tabindex:10)
2024-06-06 19:49:40,901 [INFO] PluginManage:310 - Check plugin ipmanager
2024-06-06 19:49:40,908 [INFO] PluginManage:359 - Loaded plugin ipmanager (category:base,tabindex:5)
2024-06-06 19:49:40,908 [INFO] PluginManage:310 - Check plugin lpbam
2024-06-06 19:49:40,922 [INFO] PluginManage:359 - Loaded plugin lpbam (category:base,tabindex:0)
2024-06-06 19:49:40,922 [INFO] PluginManage:310 - Check plugin memorymap
2024-06-06 19:49:40,941 [INFO] PluginManage:359 - Loaded plugin memorymap (category:base,tabindex:4)
2024-06-06 19:49:40,942 [INFO] PluginManage:310 - Check plugin pinoutandconfiguration
2024-06-06 19:49:40,955 [INFO] PluginManage:359 - Loaded plugin pinoutandconfiguration (category:base,tabindex:1)
2024-06-06 19:49:40,955 [INFO] PluginManage:310 - Check plugin pinoutconfig
2024-06-06 19:49:41,030 [WARN] SupportedApi:132 - Cannot load RTOS API schema: s4s-elt-must-match.1: The content of 'definitions' must match (annotation?, (simpleType | complexType)?, (unique | key | keyref)*)). A problem was found starting at: attribute.
2024-06-06 19:49:41,145 [INFO] PluginManage:359 - Loaded plugin pinoutconfig (category:base,tabindex:0)
2024-06-06 19:49:41,145 [INFO] PluginManage:310 - Check plugin power
2024-06-06 19:49:41,163 [INFO] PluginManage:359 - Loaded plugin power (category:power,tabindex:4)
2024-06-06 19:49:41,163 [INFO] PluginManage:310 - Check plugin projectmanager
2024-06-06 19:49:41,177 [INFO] PluginManage:359 - Loaded plugin projectmanager (category:projectmanager,tabindex:3)
2024-06-06 19:49:41,177 [INFO] PluginManage:310 - Check plugin thirdparty
2024-06-06 19:49:41,406 [INFO] PluginManage:359 - Loaded plugin thirdparty (category:base,tabindex:-1)
2024-06-06 19:49:41,406 [INFO] PluginManage:310 - Check plugin tools
2024-06-06 19:49:41,406 [WARN] IntegrityCheckThread:84 - waiting for thirdparty lock release [integrity check]
2024-06-06 19:49:41,406 [INFO] IntegrityCheckThread:86 - entering critical section [integrity check]
2024-06-06 19:49:41,406 [INFO] ThirdPartyUpdaterWithRetryManager:70 - Updater plugin not ready yet. [1/15]
2024-06-06 19:49:41,436 [INFO] PluginManage:359 - Loaded plugin tools (category:base,tabindex:7)
2024-06-06 19:49:41,436 [INFO] PluginManage:310 - Check plugin tutovideos
2024-06-06 19:49:41,602 [INFO] PluginManage:359 - Loaded plugin tutovideos (category:base,tabindex:-1)
2024-06-06 19:49:41,603 [INFO] PluginManage:310 - Check plugin updater
2024-06-06 19:49:41,611 [INFO] PluginManage:359 - Loaded plugin updater (category:base,tabindex:12)
2024-06-06 19:49:41,611 [INFO] PluginManage:310 - Check plugin userauth
2024-06-06 19:49:41,617 [INFO] UserAuth:114 - Init User Auth plugin
2024-06-06 19:49:41,617 [INFO] PluginManage:359 - Loaded plugin userauth (category:base,tabindex:14)
2024-06-06 19:49:41,618 [INFO] PluginManage:283 - PluginManage : Loaded plugins [17]
2024-06-06 19:49:41,805 [INFO] PinOutPanel:1561 - setPackage(No Configuration,No Configuration)
2024-06-06 19:49:41,879 [INFO] CADModel:165 - CPN selected for project level
2024-06-06 19:49:41,879 [INFO] CADModel:114 - Register for checkConnection events
2024-06-06 19:49:41,904 [INFO] IPUIPlugin:80 - create IPUIPlugin
2024-06-06 19:49:41,904 [INFO] PluginManager:220 - loadIPPluginJar : add adc
2024-06-06 19:49:41,935 [INFO] IPUIPlugin:80 - create IPUIPlugin
2024-06-06 19:49:41,935 [INFO] PluginManager:220 - loadIPPluginJar : add aes
2024-06-06 19:49:41,977 [INFO] IPUIPlugin:80 - create IPUIPlugin
2024-06-06 19:49:41,978 [INFO] PluginManager:220 - loadIPPluginJar : add can
2024-06-06 19:49:42,005 [INFO] IPUIPlugin:80 - create IPUIPlugin
2024-06-06 19:49:42,005 [INFO] PluginManager:220 - loadIPPluginJar : add comp
2024-06-06 19:49:42,037 [INFO] IPUIPlugin:80 - create IPUIPlugin
2024-06-06 19:49:42,038 [INFO] PluginManager:220 - loadIPPluginJar : add cryp
2024-06-06 19:49:42,061 [INFO] IPUIPlugin:80 - create IPUIPlugin
2024-06-06 19:49:42,061 [INFO] PluginManager:220 - loadIPPluginJar : add dfsdm
2024-06-06 19:49:42,072 [INFO] IPUIPlugin:80 - create IPUIPlugin
2024-06-06 19:49:42,073 [INFO] PluginManager:220 - loadIPPluginJar : add dma
2024-06-06 19:49:42,108 [INFO] IPUIPlugin:80 - create IPUIPlugin
2024-06-06 19:49:42,108 [INFO] PluginManager:220 - loadIPPluginJar : add dma3
2024-06-06 19:49:42,140 [INFO] IPUIPlugin:80 - create IPUIPlugin
2024-06-06 19:49:42,140 [INFO] PluginManager:220 - loadIPPluginJar : add extmemmanager
2024-06-06 19:49:42,156 [INFO] IPUIPlugin:80 - create IPUIPlugin
2024-06-06 19:49:42,156 [INFO] PluginManager:220 - loadIPPluginJar : add fatfs
2024-06-06 19:49:42,191 [INFO] IPUIPlugin:80 - create IPUIPlugin
2024-06-06 19:49:42,191 [INFO] PluginManager:220 - loadIPPluginJar : add fmc
2024-06-06 19:49:42,205 [INFO] IPUIPlugin:80 - create IPUIPlugin
2024-06-06 19:49:42,205 [INFO] PluginManager:220 - loadIPPluginJar : add freertos
2024-06-06 19:49:42,223 [INFO] IPUIPlugin:80 - create IPUIPlugin
2024-06-06 19:49:42,223 [INFO] PluginManager:220 - loadIPPluginJar : add genericplugin
2024-06-06 19:49:42,294 [INFO] IPUIPlugin:80 - create IPUIPlugin
2024-06-06 19:49:42,294 [INFO] PluginManager:220 - loadIPPluginJar : add gfxmmu
2024-06-06 19:49:42,386 [INFO] IPUIPlugin:80 - create IPUIPlugin
2024-06-06 19:49:42,386 [INFO] PluginManager:220 - loadIPPluginJar : add gic
2024-06-06 19:49:42,397 [INFO] IPUIPlugin:80 - create IPUIPlugin
2024-06-06 19:49:42,397 [INFO] PluginManager:220 - loadIPPluginJar : add gpio
2024-06-06 19:49:42,464 [INFO] IPUIPlugin:80 - create IPUIPlugin
2024-06-06 19:49:42,464 [INFO] PluginManager:220 - loadIPPluginJar : add gtzc
2024-06-06 19:49:42,489 [INFO] IPUIPlugin:80 - create IPUIPlugin
2024-06-06 19:49:42,489 [INFO] PluginManager:220 - loadIPPluginJar : add hash
2024-06-06 19:49:42,531 [INFO] IPUIPlugin:80 - create IPUIPlugin
2024-06-06 19:49:42,531 [INFO] PluginManager:220 - loadIPPluginJar : add i2c
2024-06-06 19:49:42,560 [INFO] IPUIPlugin:80 - create IPUIPlugin
2024-06-06 19:49:42,560 [INFO] PluginManager:220 - loadIPPluginJar : add i2s
2024-06-06 19:49:42,592 [INFO] IPUIPlugin:80 - create IPUIPlugin
2024-06-06 19:49:42,592 [INFO] PluginManager:220 - loadIPPluginJar : add i3c
2024-06-06 19:49:42,673 [INFO] IPUIPlugin:80 - create IPUIPlugin
2024-06-06 19:49:42,674 [INFO] PluginManager:220 - loadIPPluginJar : add ipddr
2024-06-06 19:49:42,740 [INFO] IPUIPlugin:80 - create IPUIPlugin
2024-06-06 19:49:42,740 [INFO] PluginManager:220 - loadIPPluginJar : add linkedlist
2024-06-06 19:49:42,768 [INFO] IPUIPlugin:80 - create IPUIPlugin
2024-06-06 19:49:42,768 [INFO] PluginManager:220 - loadIPPluginJar : add lorawan
2024-06-06 19:49:42,795 [INFO] IPUIPlugin:80 - create IPUIPlugin
2024-06-06 19:49:42,795 [INFO] PluginManager:220 - loadIPPluginJar : add ltdc
2024-06-06 19:49:42,807 [INFO] IPUIPlugin:80 - create IPUIPlugin
2024-06-06 19:49:42,807 [INFO] PluginManager:220 - loadIPPluginJar : add mdma
2024-06-06 19:49:42,816 [INFO] IPUIPlugin:80 - create IPUIPlugin
2024-06-06 19:49:42,816 [INFO] PluginManager:220 - loadIPPluginJar : add nvic
2024-06-06 19:49:42,844 [INFO] IPUIPlugin:80 - create IPUIPlugin
2024-06-06 19:49:42,844 [INFO] PluginManager:220 - loadIPPluginJar : add opamp
2024-06-06 19:49:42,887 [INFO] IPUIPlugin:80 - create IPUIPlugin
2024-06-06 19:49:42,887 [INFO] PluginManager:220 - loadIPPluginJar : add openamp
2024-06-06 19:49:42,924 [INFO] IPUIPlugin:80 - create IPUIPlugin
2024-06-06 19:49:42,924 [INFO] PluginManager:220 - loadIPPluginJar : add pdm2pcm
2024-06-06 19:49:42,936 [INFO] IPUIPlugin:80 - create IPUIPlugin
2024-06-06 19:49:42,938 [INFO] PluginManager:220 - loadIPPluginJar : add plateformsettings
2024-06-06 19:49:42,956 [INFO] IPUIPlugin:80 - create IPUIPlugin
2024-06-06 19:49:42,956 [INFO] PluginManager:220 - loadIPPluginJar : add quadspi
2024-06-06 19:49:42,966 [INFO] IPUIPlugin:80 - create IPUIPlugin
2024-06-06 19:49:42,966 [INFO] PluginManager:220 - loadIPPluginJar : add resmgrutility
2024-06-06 19:49:43,002 [INFO] IPUIPlugin:80 - create IPUIPlugin
2024-06-06 19:49:43,002 [INFO] PluginManager:220 - loadIPPluginJar : add sai
2024-06-06 19:49:43,031 [INFO] IPUIPlugin:80 - create IPUIPlugin
2024-06-06 19:49:43,031 [INFO] PluginManager:220 - loadIPPluginJar : add spi
2024-06-06 19:49:43,080 [INFO] IPUIPlugin:80 - create IPUIPlugin
2024-06-06 19:49:43,081 [INFO] PluginManager:220 - loadIPPluginJar : add stm32_wpan
2024-06-06 19:49:43,100 [INFO] IPUIPlugin:80 - create IPUIPlugin
2024-06-06 19:49:43,100 [INFO] PluginManager:220 - loadIPPluginJar : add tim
2024-06-06 19:49:43,145 [INFO] IPUIPlugin:80 - create IPUIPlugin
2024-06-06 19:49:43,145 [INFO] PluginManager:220 - loadIPPluginJar : add touchsensing
2024-06-06 19:49:43,163 [INFO] IPUIPlugin:80 - create IPUIPlugin
2024-06-06 19:49:43,164 [INFO] PluginManager:220 - loadIPPluginJar : add tracer_emb
2024-06-06 19:49:43,181 [INFO] IPUIPlugin:80 - create IPUIPlugin
2024-06-06 19:49:43,181 [INFO] PluginManager:220 - loadIPPluginJar : add ts
2024-06-06 19:49:43,200 [INFO] IPUIPlugin:80 - create IPUIPlugin
2024-06-06 19:49:43,200 [INFO] PluginManager:220 - loadIPPluginJar : add tsc
2024-06-06 19:49:43,217 [INFO] IPUIPlugin:80 - create IPUIPlugin
2024-06-06 19:49:43,217 [INFO] PluginManager:220 - loadIPPluginJar : add ucpd
2024-06-06 19:49:43,250 [INFO] IPUIPlugin:80 - create IPUIPlugin
2024-06-06 19:49:43,250 [INFO] PluginManager:220 - loadIPPluginJar : add usart
2024-06-06 19:49:43,282 [INFO] IPUIPlugin:80 - create IPUIPlugin
2024-06-06 19:49:43,282 [INFO] PluginManager:220 - loadIPPluginJar : add usbx
2024-06-06 19:49:43,397 [INFO] CADModel:165 - CPN selected for project level
2024-06-06 19:49:43,397 [INFO] CADModel:114 - Register for checkConnection events
2024-06-06 19:49:43,397 [FATAL] Updater:308 - Updater called before beeing initialized
2024-06-06 19:49:43,397 [ERROR] CADModel:125 - Updater not yet initialized, retry later 
2024-06-06 19:49:43,505 [INFO] CADModel:165 - CPN selected for project level
2024-06-06 19:49:43,505 [INFO] CADModel:114 - Register for checkConnection events
2024-06-06 19:49:43,505 [FATAL] Updater:308 - Updater called before beeing initialized
2024-06-06 19:49:43,505 [ERROR] CADModel:125 - Updater not yet initialized, retry later 
2024-06-06 19:49:43,508 [FATAL] Updater:308 - Updater called before beeing initialized
2024-06-06 19:49:43,594 [FATAL] Updater:308 - Updater called before beeing initialized
2024-06-06 19:49:43,603 [INFO] DbMcusAds:53 - JSON generation date=Thu May 02 04:37:29 EDT 2024 (1714639049318)
2024-06-06 19:49:43,603 [FATAL] Updater:308 - Updater called before beeing initialized
2024-06-06 19:49:43,637 [WARN] DetailPanel:346 - Failed to get advertising image, set to default
2024-06-06 19:49:43,743 [FATAL] Updater:308 - Updater called before beeing initialized
2024-06-06 19:49:43,744 [FATAL] Updater:308 - Updater called before beeing initialized
2024-06-06 19:49:43,744 [FATAL] Updater:308 - Updater called before beeing initialized
2024-06-06 19:49:43,744 [WARN] DetailPanel:346 - Failed to get advertising image, set to default
2024-06-06 19:49:43,745 [FATAL] Updater:308 - Updater called before beeing initialized
2024-06-06 19:49:43,793 [ERROR] Updater:1120 - MainUpdater not yet initialized. External WinMGr cannot be set.
2024-06-06 19:49:43,805 [INFO] Updater:1056 - Updater Version found : 6.11.1
2024-06-06 19:49:43,829 [INFO] ApplicationProperties:184 - Using Application install path: C:\ST\STM32CubeIDE_1.15.0\STM32CubeIDE\plugins\com.st.stm32cube.common.mx_6.11.1.202404110753
2024-06-06 19:49:44,409 [INFO] ThirdPartyUpdaterWithRetryManager:70 - Updater plugin not ready yet. [2/15]
2024-06-06 19:49:45,408 [ERROR] LogOutputStream:75 - [STDERR_REDIRECT] Jun 06, 2024 7:49:45 PM java.util.prefs.WindowsPreferences <init>
2024-06-06 19:49:45,409 [ERROR] LogOutputStream:75 - [STDERR_REDIRECT] WARNING: Could not open/create prefs root node Software\JavaSoft\Prefs at root 0xffffffff80000002. Windows RegCreateKeyEx(...) returned error code 5.
2024-06-06 19:49:45,409 [ERROR] LogOutputStream:75 - [STDERR_REDIRECT] 
2024-06-06 19:49:45,779 [INFO] MainUpdater:2873 - connection check result : 10
2024-06-06 19:49:45,779 [INFO] MainUpdater:3567 - Updater definition file requires update
2024-06-06 19:49:45,779 [INFO] MainUpdater:290 - Updater Check For Update Now.
2024-06-06 19:49:45,779 [INFO] MicroXplorer:498 - Change Database Version : DB.6.0.111
2024-06-06 19:49:45,794 [INFO] McuFinderGlobals:63 - Set McuFinder mode to 2 (CubeIDE integrated)
2024-06-06 19:49:45,803 [INFO] UserAuth:415 - Internet connection configuration mode: 1
2024-06-06 19:49:45,821 [INFO] JxBrowserEngine:152 - Initiate JxBrowser Engine with user profile folder
2024-06-06 19:49:45,901 [INFO] ServerAccessManage:473 - Download File updaters.zip
2024-06-06 19:49:45,970 [INFO] FileExtend:240 - Unzip File : updaters.zip
2024-06-06 19:49:45,970 [INFO] FileExtend:255 - Standard Zip Deflate
2024-06-06 19:49:46,439 [INFO] ServerAccessManage:473 - Download File PacksControlFlags.xml
2024-06-06 19:49:46,519 [INFO] ServerAccessManage:473 - Download File cubemx.pidx
2024-06-06 19:49:46,616 [INFO] LoadServerUpdatesThread:375 - End of LoadServerUpdate Thread
2024-06-06 19:49:46,780 [INFO] CheckServerUpdateThread:120 - End of CheckServer Thread
2024-06-06 19:49:47,585 [WARN] PackLoader:240 - Cannot read IP mode file for STMicroelectronics.FP-SNS-MOTENVWB1.1.4.0
2024-06-06 19:49:47,600 [WARN] PackLoader:240 - Cannot read IP mode file for STMicroelectronics.X-CUBE-SMBUS.2.1.0
2024-06-06 19:49:47,611 [WARN] PackLoader:240 - Cannot read IP mode file for STMicroelectronics.X-CUBE-TOUCHGFX.4.23.2
2024-06-06 19:49:47,641 [WARN] PackLoader:240 - Cannot read IP mode file for STMicroelectronics.X-CUBE-AZRTOS-F7.1.1.0
2024-06-06 19:49:47,658 [WARN] PackLoader:240 - Cannot read IP mode file for STMicroelectronics.FP-SNS-FLIGHT1.5.0.2
2024-06-06 19:49:47,673 [WARN] PackLoader:240 - Cannot read IP mode file for STMicroelectronics.X-CUBE-DISPLAY.3.0.0
2024-06-06 19:49:47,691 [WARN] PackLoader:240 - Cannot read IP mode file for STMicroelectronics.X-CUBE-BLE1.7.0.0
2024-06-06 19:49:47,704 [WARN] PackLoader:240 - Cannot read IP mode file for emotas.I-CUBE-CANOPEN.1.3.0
2024-06-06 19:49:47,720 [WARN] PackLoader:240 - Cannot read IP mode file for STMicroelectronics.X-CUBE-BLEMGR.3.1.0
2024-06-06 19:49:47,734 [WARN] PackLoader:240 - Cannot read IP mode file for STMicroelectronics.FP-SNS-SMARTAG2.1.2.0
2024-06-06 19:49:47,751 [INFO] LogOutputStream:77 - [STDOUT_REDIRECT] 1 : Invalid condition id : UX_CORESTACK_Condition cause : null
2024-06-06 19:49:47,752 [INFO] LogOutputStream:77 - [STDOUT_REDIRECT] 1 : Invalid condition id : UX_CORESTACK_Condition cause : null
2024-06-06 19:49:47,753 [INFO] LogOutputStream:77 - [STDOUT_REDIRECT] 1 : Invalid condition id : UX_CORESTACK_Condition cause : null
2024-06-06 19:49:47,753 [INFO] LogOutputStream:77 - [STDOUT_REDIRECT] 1 : Invalid condition id : UX_CORESTACK_Condition cause : null
2024-06-06 19:49:47,754 [INFO] LogOutputStream:77 - [STDOUT_REDIRECT] 1 : Invalid condition id : UX_CORESTACK_Condition cause : null
2024-06-06 19:49:47,756 [WARN] PackLoader:240 - Cannot read IP mode file for STMicroelectronics.X-CUBE-AZRTOS-WL.2.0.0
2024-06-06 19:49:47,769 [WARN] PackLoader:240 - Cannot read IP mode file for WES.I-CUBE-Cesium.1.3.0
2024-06-06 19:49:47,781 [WARN] PackLoader:240 - Cannot read IP mode file for STMicroelectronics.X-CUBE-BLE2.3.3.0
2024-06-06 19:49:47,793 [WARN] PackLoader:240 - Cannot read IP mode file for STMicroelectronics.X-CUBE-TCPP.4.1.0
2024-06-06 19:49:47,807 [WARN] PackLoader:240 - Cannot read IP mode file for STMicroelectronics.X-CUBE-ALGOBUILD.1.3.0
2024-06-06 19:49:47,830 [WARN] PackLoader:240 - Cannot read IP mode file for STMicroelectronics.X-CUBE-AZRTOS-G0.1.1.0
2024-06-06 19:49:47,846 [WARN] PackLoader:240 - Cannot read IP mode file for STMicroelectronics.X-CUBE-SAFEA1.1.2.2
2024-06-06 19:49:47,860 [WARN] PackLoader:240 - Cannot read IP mode file for STMicroelectronics.X-CUBE-NFC4.3.0.0
2024-06-06 19:49:47,874 [WARN] PackLoader:240 - Cannot read IP mode file for wolfSSL.I-CUBE-wolfMQTT.1.18.0
2024-06-06 19:49:47,886 [WARN] PackLoader:240 - Cannot read IP mode file for wolfSSL.I-CUBE-wolfSSL.5.7.0
2024-06-06 19:49:47,899 [WARN] PackLoader:240 - Cannot read IP mode file for STMicroelectronics.FP-ATR-SIGFOX1.3.2.0
2024-06-06 19:49:47,913 [WARN] PackLoader:240 - Cannot read IP mode file for STMicroelectronics.X-CUBE-EEPRMA1.5.1.0
2024-06-06 19:49:47,930 [WARN] PackLoader:240 - Cannot read IP mode file for ITTIA_DB.I-CUBE-ITTIADB.8.9.0
2024-06-06 19:49:47,963 [WARN] PackLoader:240 - Cannot read IP mode file for SEGGER.I-CUBE-embOS.1.3.1
2024-06-06 19:49:48,000 [WARN] PackLoader:240 - Cannot read IP mode file for STMicroelectronics.X-CUBE-ALGOBUILD.1.4.0
2024-06-06 19:49:48,014 [WARN] PackLoader:240 - Cannot read IP mode file for STMicroelectronics.X-CUBE-GNSS1.6.0.0
2024-06-06 19:49:48,040 [WARN] PackLoader:240 - Cannot read IP mode file for STMicroelectronics.X-CUBE-AZRTOS-F4.1.1.0
2024-06-06 19:49:48,058 [WARN] PackLoader:240 - Cannot read IP mode file for STMicroelectronics.X-CUBE-FREERTOS.1.2.0
2024-06-06 19:49:48,086 [WARN] PackLoader:240 - Cannot read IP mode file for STMicroelectronics.X-CUBE-AZRTOS-L5.2.0.0
2024-06-06 19:49:48,105 [WARN] PackLoader:240 - Cannot read IP mode file for STMicroelectronics.X-CUBE-NFC6.3.1.0
2024-06-06 19:49:48,119 [WARN] PackLoader:240 - Cannot read IP mode file for STMicroelectronics.X-CUBE-AI.9.0.0
2024-06-06 19:49:48,134 [WARN] PackLoader:240 - Cannot read IP mode file for STMicroelectronics.X-CUBE-NFC7.1.0.1
2024-06-06 19:49:48,148 [WARN] PackLoader:240 - Cannot read IP mode file for STMicroelectronics.X-CUBE-AI.8.1.0
2024-06-06 19:49:48,179 [WARN] ConditionMgr:438 - getConditionDescription Invalid condition id : LAN8742 Phy interface Condition cause : null
2024-06-06 19:49:48,180 [WARN] PackLoader:240 - Cannot read IP mode file for STMicroelectronics.X-CUBE-AZRTOS-L4.2.0.0
2024-06-06 19:49:48,181 [WARN] ConditionMgr:1039 - genDependencies : Invalid condition id : LAN8742 Phy interface Condition cause : null
2024-06-06 19:49:48,181 [WARN] ConditionMgr:1039 - genDependencies : Invalid condition id : LAN8742 Phy interface Condition cause : null
2024-06-06 19:49:48,182 [WARN] ConditionMgr:1039 - genDependencies : Invalid condition id : LAN8742 Phy interface Condition cause : null
2024-06-06 19:49:48,200 [WARN] PackLoader:240 - Cannot read IP mode file for STMicroelectronics.X-CUBE-SFXS2LP1.4.0.0
2024-06-06 19:49:48,228 [WARN] ConditionMgr:438 - getConditionDescription Invalid condition id : UX DEVICE CLASS RTOS Condition cause : null
2024-06-06 19:49:48,228 [WARN] ConditionMgr:438 - getConditionDescription Invalid condition id : UX DEVICE CLASS RTOS Condition cause : null
2024-06-06 19:49:48,230 [WARN] PackLoader:240 - Cannot read IP mode file for STMicroelectronics.X-CUBE-AZRTOS-WB.2.0.0
2024-06-06 19:49:48,230 [WARN] ConditionMgr:1039 - genDependencies : Invalid condition id : UX DEVICE CLASS RTOS Condition cause : null
2024-06-06 19:49:48,231 [WARN] ConditionMgr:1039 - genDependencies : Invalid condition id : UX DEVICE CLASS RTOS Condition cause : null
2024-06-06 19:49:48,231 [WARN] ConditionMgr:1039 - genDependencies : Invalid condition id : UX DEVICE CLASS RTOS Condition cause : null
2024-06-06 19:49:48,231 [WARN] ConditionMgr:1039 - genDependencies : Invalid condition id : UX DEVICE CLASS RTOS Condition cause : null
2024-06-06 19:49:48,231 [WARN] ConditionMgr:1039 - genDependencies : Invalid condition id : UX DEVICE CLASS RTOS Condition cause : null
2024-06-06 19:49:48,255 [WARN] PackLoader:240 - Cannot read IP mode file for STMicroelectronics.X-CUBE-SUBG2.5.0.0
2024-06-06 19:49:48,287 [WARN] PackLoader:240 - Cannot read IP mode file for STMicroelectronics.X-CUBE-AZRTOS-G4.2.0.0
2024-06-06 19:49:48,307 [WARN] PackLoader:240 - Cannot read IP mode file for STMicroelectronics.FP-SNS-MOTENVWB1.1.3.1
2024-06-06 19:49:48,325 [WARN] PackLoader:240 - Cannot read IP mode file for STMicroelectronics.X-CUBE-ISPU.2.0.0
2024-06-06 19:49:48,340 [WARN] PackLoader:240 - Cannot read IP mode file for STMicroelectronics.X-CUBE-ALS.1.0.2
2024-06-06 19:49:48,386 [WARN] PackLoader:240 - Cannot read IP mode file for STMicroelectronics.X-CUBE-MEMS1.10.0.0
2024-06-06 19:49:48,465 [WARN] PackLoader:240 - Cannot read IP mode file for STMicroelectronics.X-CUBE-FREERTOS.1.1.0
2024-06-06 19:49:48,483 [WARN] PackLoader:240 - Cannot read IP mode file for portGmbH.I-Cube-SoM-uGOAL.1.1.0
2024-06-06 19:49:48,497 [WARN] PackLoader:240 - Cannot read IP mode file for STMicroelectronics.X-CUBE-ALS.1.0.1
2024-06-06 19:49:48,521 [WARN] PackLoader:240 - Cannot read IP mode file for STMicroelectronics.X-CUBE-AZRTOS-H7RS.1.0.0
2024-06-06 19:49:48,534 [WARN] PackLoader:240 - Cannot read IP mode file for STMicroelectronics.FP-ATR-ASTRA1.2.0.0
2024-06-06 19:49:48,554 [WARN] PackLoader:240 - Cannot read IP mode file for STMicroelectronics.X-CUBE-TOF1.3.4.1
2024-06-06 19:49:48,585 [WARN] PackLoader:240 - Cannot read IP mode file for STMicroelectronics.X-CUBE-AZRTOS-H7.3.2.0
2024-06-06 19:49:48,612 [WARN] PackLoader:240 - Cannot read IP mode file for Infineon.AIROC-Wi-Fi-Bluetooth-STM32.1.6.0
2024-06-06 19:49:48,615 [INFO] ThirdParty:978 - Integrity check success = true
2024-06-06 19:49:48,616 [INFO] IntegrityCheckThread:100 - exiting critical section [integrity check]
2024-06-06 19:49:48,616 [INFO] IntegrityCheckThread:103 - End integrity checks thread
2024-06-06 19:49:50,143 [INFO] WebApp:161 - Instantiating new browser for Auth
2024-06-06 19:49:50,609 [INFO] WebApp:779 - Register for checkConnection events
2024-06-06 19:49:50,609 [INFO] WebApp:414 - Apply proxy settings
2024-06-06 19:49:50,609 [INFO] WebApp:499 - Chromium requires no authentication
2024-06-06 19:49:50,615 [INFO] WebApp:442 - Direct internet connection detected
2024-06-06 19:49:50,753 [INFO] WebApp:192 - Starting web application
2024-06-06 19:49:50,753 [INFO] WebApp:544 - Web application path used C:\ST\STM32CubeIDE_1.15.0\STM32CubeIDE\plugins\com.st.stm32cube.common.mx_6.11.1.202404110753\db\plugins\mcufinder\reactClient1\index.html
2024-06-06 21:32:49,863 [INFO] McuFinderGlobals:63 - Set McuFinder mode to 2 (CubeIDE integrated)
2024-06-06 21:32:49,887 [INFO] MainUpdater:2873 - connection check result : 10
2024-06-06 21:32:49,893 [INFO] MainUpdater:2873 - connection check result : 10
2024-06-06 21:32:50,049 [INFO] MicroXplorer:468 - Change Database Path : 
2024-06-06 21:32:50,049 [INFO] MicroXplorer:498 - Change Database Version : DB.6.0.111
2024-06-06 21:32:50,053 [WARN] ThirdParty:871 - waiting for thirdparty lock release [close project]
2024-06-06 21:32:50,053 [INFO] ThirdParty:873 - entering critical section [close project]
2024-06-06 21:32:50,054 [INFO] ThirdParty:883 - exiting critical section [close project]
2024-06-06 21:32:50,055 [INFO] PinOutPanel:1561 - setPackage(No Configuration,No Configuration)
2024-06-06 21:32:50,058 [INFO] UtilMem:75 - Begin LoadConfig() Used Memory: 306038616 Bytes (623902720)
2024-06-06 21:32:50,058 [INFO] MicroXplorer:468 - Change Database Path : 
2024-06-06 21:32:50,058 [INFO] MicroXplorer:498 - Change Database Version : DB.6.0.111
2024-06-06 21:32:50,058 [INFO] OpenFileManager:312 - Change cursor
2024-06-06 21:32:50,091 [INFO] Mcu:2021 - Initializing MCU STM32F767ZITx STM32F767ZITx STM32F767ZIT6
2024-06-06 21:32:52,553 [INFO] Context:663 - Trying to add GPIOservice into a context  which must be forbidden
2024-06-06 21:32:53,198 [INFO] RtosManager:555 - Registered RTOS mode: class=CMSIS, group=RTOS, mode=CMSIS_V1, owner=FREERTOS
2024-06-06 21:32:53,198 [INFO] RtosManager:555 - Registered RTOS mode: class=CMSIS, group=RTOS2, mode=CMSIS_V2, owner=FREERTOS
2024-06-06 21:32:53,198 [INFO] RtosManager:555 - Registered RTOS mode: class=RTOS, group=Core, mode=CMSIS_V1, owner=FREERTOS
2024-06-06 21:32:53,198 [INFO] RtosManager:555 - Registered RTOS mode: class=RTOS, group=Core, mode=CMSIS_V2, owner=FREERTOS
2024-06-06 21:32:53,198 [WARN] ModelIntegratedComponent:184 - Missing modes for component STMicroelectronics:FreeRTOS:0.0.1:STMicroelectronics:RTOS:FreeRTOS:Core:::10.2.0:
2024-06-06 21:32:53,215 [WARN] ModelIntegratedComponent:63 - No mode defined for component null
2024-06-06 21:32:53,215 [WARN] ModelIntegratedComponent:63 - No mode defined for component null
2024-06-06 21:32:53,215 [WARN] ModelIntegratedComponent:63 - No mode defined for component null
2024-06-06 21:32:53,215 [WARN] ModelIntegratedComponent:63 - No mode defined for component null
2024-06-06 21:32:53,215 [WARN] ModelIntegratedComponent:63 - No mode defined for component null
2024-06-06 21:32:53,215 [WARN] ModelIntegratedComponent:63 - No mode defined for component null
2024-06-06 21:32:53,215 [WARN] ModelIntegratedComponent:63 - No mode defined for component null
2024-06-06 21:32:53,215 [WARN] ModelIntegratedComponent:63 - No mode defined for component null
2024-06-06 21:32:53,215 [WARN] ModelIntegratedComponent:63 - No mode defined for component null
2024-06-06 21:32:53,215 [WARN] ModelIntegratedComponent:63 - No mode defined for component null
2024-06-06 21:32:53,215 [WARN] ModelIntegratedComponent:63 - No mode defined for component null
2024-06-06 21:32:53,215 [WARN] ModelIntegratedComponent:63 - No mode defined for component null
2024-06-06 21:32:53,215 [WARN] ModelIntegratedComponent:63 - No mode defined for component null
2024-06-06 21:32:53,217 [WARN] ModelIntegratedComponent:63 - No mode defined for component null
2024-06-06 21:32:53,217 [WARN] ModelIntegratedComponent:63 - No mode defined for component null
2024-06-06 21:32:53,217 [WARN] ModelIntegratedComponent:63 - No mode defined for component null
2024-06-06 21:32:53,217 [WARN] ModelIntegratedComponent:63 - No mode defined for component null
2024-06-06 21:32:53,217 [WARN] ModelIntegratedComponent:63 - No mode defined for component null
2024-06-06 21:32:53,217 [WARN] ModelIntegratedComponent:63 - No mode defined for component null
2024-06-06 21:32:53,217 [WARN] ModelIntegratedComponent:63 - No mode defined for component null
2024-06-06 21:32:53,217 [WARN] ModelIntegratedComponent:63 - No mode defined for component null
2024-06-06 21:32:53,217 [WARN] ModelIntegratedComponent:63 - No mode defined for component null
2024-06-06 21:32:53,217 [WARN] ModelIntegratedComponent:63 - No mode defined for component null
2024-06-06 21:32:53,217 [WARN] ModelIntegratedComponent:63 - No mode defined for component null
2024-06-06 21:32:53,217 [WARN] ModelIntegratedComponent:63 - No mode defined for component null
2024-06-06 21:32:53,217 [WARN] ModelIntegratedComponent:63 - No mode defined for component null
2024-06-06 21:32:53,217 [WARN] ModelIntegratedComponent:63 - No mode defined for component null
2024-06-06 21:32:53,217 [WARN] ModelIntegratedComponent:63 - No mode defined for component null
2024-06-06 21:32:53,217 [WARN] ModelIntegratedComponent:63 - No mode defined for component null
2024-06-06 21:32:53,217 [WARN] ModelIntegratedComponent:63 - No mode defined for component null
2024-06-06 21:32:53,217 [WARN] ModelIntegratedComponent:63 - No mode defined for component null
2024-06-06 21:32:53,217 [WARN] ModelIntegratedComponent:63 - No mode defined for component null
2024-06-06 21:32:53,217 [WARN] ModelIntegratedComponent:63 - No mode defined for component null
2024-06-06 21:32:53,217 [WARN] ModelIntegratedComponent:63 - No mode defined for component null
2024-06-06 21:32:53,282 [INFO] ThirdPartyModel:298 - Start build external matchings
2024-06-06 21:32:53,498 [INFO] ThirdPartyModel:316 - End build external matchings
2024-06-06 21:32:53,517 [INFO] ImportTextPane:194 - (OptionalMessage_ERROR) IP (DMA) : Parameter (Instance) has Id (UART4_RX) currently not set
2024-06-06 21:32:53,517 [INFO] ImportTextPane:194 - (OptionalMessage_ERROR) IP (DMA) : Parameter (Channel) has Id (UART4_RX) currently not set
2024-06-06 21:32:53,517 [INFO] ImportTextPane:194 - (OptionalMessage_ERROR) IP (DMA) : Parameter (Direction) has Id (UART4_RX) currently not set
2024-06-06 21:32:53,517 [INFO] ImportTextPane:194 - (OptionalMessage_ERROR) IP (DMA) : Parameter (PeriphInc) has Id (UART4_RX) currently not set
2024-06-06 21:32:53,517 [INFO] ImportTextPane:194 - (OptionalMessage_ERROR) IP (DMA) : Parameter (MemInc) has Id (UART4_RX) currently not set
2024-06-06 21:32:53,517 [INFO] ImportTextPane:194 - (OptionalMessage_ERROR) IP (DMA) : Parameter (PeriphDataAlignment) has Id (UART4_RX) currently not set
2024-06-06 21:32:53,517 [INFO] ImportTextPane:194 - (OptionalMessage_ERROR) IP (DMA) : Parameter (MemDataAlignment) has Id (UART4_RX) currently not set
2024-06-06 21:32:53,517 [INFO] ImportTextPane:194 - (OptionalMessage_ERROR) IP (DMA) : Parameter (Mode) has Id (UART4_RX) currently not set
2024-06-06 21:32:53,517 [INFO] ImportTextPane:194 - (OptionalMessage_ERROR) IP (DMA) : Parameter (Priority) has Id (UART4_RX) currently not set
2024-06-06 21:32:53,517 [INFO] ImportTextPane:194 - (OptionalMessage_ERROR) IP (DMA) : Parameter (FIFOMode) has Id (UART4_RX) currently not set
2024-06-06 21:32:54,095 [INFO] ApiDb:581 - Connected to CubeFinder SQLite database (C:\Users\harun\.stmcufinder\plugins\mcufinder\mcu\cube-finder-db.db)
2024-06-06 21:32:54,165 [INFO] ApiDb:668 - CubeFinder database Data Model version=2.1
2024-06-06 21:32:54,165 [INFO] ApiDb:669 - CubeFinder database Configuration version=3.0.39
2024-06-06 21:32:54,167 [INFO] ApiDb:670 - CubeFinder database generation date=2024-04-15 (1713193726)
2024-06-06 21:32:54,167 [INFO] ApiDb:671 - CubeFinder database FW Pack versions=[FP-ATR-ASTRA1_V2.0.0, FP-SNS-FLIGHT1_V5.0.1, FP-SNS-FLIGHT1_V5.0.2, FP-SNS-MOTENV1_V4.3.1, FP-SNS-MOTENV1_V4.3.2, FP-SNS-MOTENVWB1_V1.3.1, FP-SNS-SMARTAG2_V1.2.0, STM32Cube_FW_C0_V1.1.0, STM32Cube_FW_F4_V1.28.0, STM32Cube_FW_F7_V1.17.0, STM32Cube_FW_G0_V1.6.2, STM32Cube_FW_G4_V1.5.2, STM32Cube_FW_H5_V0.5.1, STM32Cube_FW_H5_V1.1.1, STM32Cube_FW_H5_V1.2.0, STM32Cube_FW_H5_V1.2.0RC4, STM32Cube_FW_H7RS_V1.0.0, STM32Cube_FW_H7RS_V1.0.0RC4, STM32Cube_FW_H7_V1.11.0, STM32Cube_FW_L0_V1.12.2, STM32Cube_FW_L5_V1.5.1, STM32Cube_FW_U0_V1.0.0, STM32Cube_FW_U0_V1.0.0RC1, STM32Cube_FW_U5_V1.3.0RC4, STM32Cube_FW_U5_V1.5.0, STM32Cube_FW_U5_V1.5.0RC1, STM32Cube_FW_WBA_V1.0.0RC1, STM32Cube_FW_WBA_V1.2.0, STM32Cube_FW_WBA_V1.2.0RC2, STM32Cube_FW_WBA_V1.3.0, STM32Cube_FW_WBA_V1.3.0RC1, STM32Cube_FW_WB_V1.15.0RC1, STM32Cube_FW_WB_V1.16.0, STM32Cube_FW_WB_V1.16.0RC2, STM32Cube_FW_WB_V1.18.0, STM32Cube_FW_WB_V1.19.0, STM32Cube_FW_WL_V1.3.0, X-CUBE-ALGOBUILD_V1.3.0, X-CUBE-ALS_V1.0.1, X-CUBE-AZRTOS-F4_V1.1.0, X-CUBE-AZRTOS-F7_V1.1.0, X-CUBE-AZRTOS-G0_V1.1.0, X-CUBE-AZRTOS-G4_V2.0.0, X-CUBE-AZRTOS-H7_V3.2.0, X-CUBE-AZRTOS-L4_V1.0.0, X-CUBE-AZRTOS-L4_V2.0.0, X-CUBE-AZRTOS-L5_V1.1.0, X-CUBE-AZRTOS-WB_V2.0.0, X-CUBE-AZRTOS-WL_V2.0.0, X-CUBE-BLE1_V7.0.0, X-CUBE-BLE2_V3.3.0, X-CUBE-BLEMGR_V3.1.0, X-CUBE-EEPRMA1_V4.1.0, X-CUBE-EEPRMA1_V5.1.0, X-CUBE-FREERTOS_V1.1.0, X-CUBE-GNSS1_V6.0.0, X-CUBE-MEMS1_V10.0.0, X-CUBE-MEMS1_V9.1.0, X-CUBE-MEMS1_V9.4.0, X-CUBE-MEMS1_V9.6.0, X-CUBE-NFC4_V3.0.0, X-CUBE-NFC7_V1.0.1, X-CUBE-SFXS2LP1_V4.0.0, X-CUBE-SUBG2_V5.0.0, X-CUBE-TOF1_V3.4.0]
2024-06-06 21:32:54,282 [INFO] DbBoardsSqlite:226 - include board P-NUCLEO-WB55-NUCLEO as a kit item of type 'Nucleo-64'
2024-06-06 21:32:54,282 [INFO] DbBoardsSqlite:226 - include board P-NUCLEO-WB55-USBDONGLE as a kit item of type 'Nucleo USB Dongle'
2024-06-06 21:32:54,283 [INFO] DbBoardsSqlite:226 - include board STEVAL-IDP005V1 as a kit item of type 'Evaluation Board'
2024-06-06 21:32:54,283 [INFO] DbBoardsSqlite:226 - include board STEVAL-IDP005V2 as a kit item of type 'Evaluation Board'
2024-06-06 21:32:54,655 [INFO] ApiDb:240 - Found 483 in-development CPN: [B-G473E-ZEST1S, B-WB1M-WPAN1, B-WL5M-SUBG1, NUCLEO-C031C6, NUCLEO-H503RB, NUCLEO-H533RE, NUCLEO-H563ZI, NUCLEO-H7S3L8, NUCLEO-U031R8, NUCLEO-U083RC, NUCLEO-U545RE-Q, NUCLEO-U5A5ZJ-Q, NUCLEO-WBA52CG, NUCLEO-WBA55CG, STEVAL-PROTEUS1, STEVAL-SMARTAG2, STEVAL-STWINBX1, STM320518-EVAL, STM32C0116-DK, STM32C011D6Y3TR, STM32C011D6Y6TR, STM32C011F4P3, STM32C011F4P6, STM32C011F4U3, STM32C011F4U6TR, STM32C011F6P3, STM32C011F6P6, STM32C011F6U3, STM32C011F6U6TR, STM32C011J4M3, STM32C011J4M6, STM32C011J6M3, STM32C011J6M6, STM32C0316-DK, STM32C031C4T3, STM32C031C4T6, STM32C031C4U3, STM32C031C4U6, STM32C031C6T3, STM32C031C6T6, STM32C031C6U3, STM32C031C6U6, STM32C031F4P3, STM32C031F4P6, STM32C031F6P3, STM32C031F6P6, STM32C031G4U3, STM32C031G4U6, STM32C031G6U3, STM32C031G6U6, STM32C031K4T3, STM32C031K4T6, STM32C031K4U3, STM32C031K4U6, STM32C031K6T3, STM32C031K6T6, STM32C031K6U3, STM32C031K6U6, STM32G071K8TXN, STM32G071K8UXN, STM32G081GBU6N, STM32G081KBT6N, STM32G081KBUXN, STM32G0B1CCT6N, STM32G0B1KCT6, STM32G0B1NEY6TR, STM32G0B1RCT6N, STM32G0C1CCT6, STM32G0C1CCT6N, STM32G0C1CCU6N, STM32G0C1CET6N, STM32G0C1CEU6N, STM32G0C1KCT6, STM32G0C1NEY6TR, STM32G0C1RCI6N, STM32G0C1RCT6N, STM32G0C1REI6N, STM32G0C1RET6N, STM32G0C1VCI6, STM32G0C1VEI6, STM32G471CCT6, STM32G471CCU6, STM32G471CET3, STM32G471CET6, STM32G471CEU3, STM32G471CEU6, STM32G471MCT6, STM32G471MET3, STM32G471MET6, STM32G471MEY6TR, STM32G471QCT6, STM32G471QET3, STM32G471RCT6, STM32G471RET3, STM32G471RET6, STM32G471VCH6, STM32G471VCI6, STM32G471VCT6, STM32G471VEH3, STM32G471VEH6, STM32G471VEI3, STM32G471VEI6, STM32G471VET3, STM32G471VET6, STM32G474CCT6, STM32H503CBT6, STM32H503CBU6, STM32H503EBY6TR, STM32H503KBU6, STM32H503RBT6, STM32H523CCT6, STM32H523CCU6, STM32H523CET6, STM32H523CEU6, STM32H523HEY6TR, STM32H523RCT6, STM32H523RET6, STM32H523VCI6, STM32H523VCT6, STM32H523VEI6, STM32H523VET6, STM32H523ZCJ6, STM32H523ZCT6, STM32H523ZEJ6, STM32H523ZET6, STM32H533CET6, STM32H533CEU6, STM32H533HEY6TR, STM32H533RET6, STM32H533VEI6, STM32H533VET6, STM32H533ZEJ6, STM32H533ZET6, STM32H562AGI6, STM32H562AII6, STM32H562IGK6, STM32H562IGT6, STM32H562IIK6, STM32H562IIT6, STM32H562RGT6, STM32H562RGV6, STM32H562RIT6, STM32H562RIV6, STM32H562VGT6, STM32H562VIT6, STM32H562ZGT6, STM32H562ZIT6, STM32H563AGI6, STM32H563AII3Q, STM32H563AII6, STM32H563IGK6, STM32H563IGT6, STM32H563IIK3Q, STM32H563IIK6, STM32H563IIT3Q, STM32H563IIT6, STM32H563MIY3QTR, STM32H563RGT6, STM32H563RGV6, STM32H563RIT6, STM32H563RIV6, STM32H563VGT6, STM32H563VIT3Q, STM32H563VIT6, STM32H563ZGT6, STM32H563ZIT3Q, STM32H563ZIT6, STM32H573AII3Q, STM32H573AII6, STM32H573I-DK, STM32H573IIK3Q, STM32H573IIK6, STM32H573IIT3Q, STM32H573IIT6, STM32H573MIY3QTR, STM32H573RIT6, STM32H573RIV6, STM32H573VIT3Q, STM32H573VIT6, STM32H573ZIT3Q, STM32H573ZIT6, STM32H7R3A8I6, STM32H7R3I8K6, STM32H7R3I8T6, STM32H7R3L8H6, STM32H7R3L8H6H, STM32H7R3R8V6, STM32H7R3V8H6, STM32H7R3V8T6, STM32H7R3V8Y6, STM32H7R3Z8J6, STM32H7R3Z8T6, STM32H7R7A8I6, STM32H7R7I8K6, STM32H7R7I8T6, STM32H7R7L8H6, STM32H7R7L8H6H, STM32H7R7Z8J6, STM32H7S3A8I6, STM32H7S3I8K6, STM32H7S3I8T6, STM32H7S3L8H6, STM32H7S3L8H6H, STM32H7S3R8V6, STM32H7S3V8H6, STM32H7S3V8T6, STM32H7S3V8Y6, STM32H7S3Z8J6, STM32H7S3Z8T6, STM32H7S78-DK, STM32H7S7A8I6, STM32H7S7I8K6, STM32H7S7I8T6, STM32H7S7L8H6, STM32H7S7L8H6H, STM32H7S7Z8J6, STM32L4R5QGI6STR, STM32MP131AAE3, STM32MP131AAF3, STM32MP131AAG3, STM32MP131CAE3, STM32MP131CAF3, STM32MP131CAG3, STM32MP131DAE7, STM32MP131DAF7, STM32MP131DAG7, STM32MP131FAE7, STM32MP131FAF7, STM32MP131FAG7, STM32MP133AAE3, STM32MP133AAF3, STM32MP133AAG3, STM32MP133CAE3, STM32MP133CAF3, STM32MP133CAG3, STM32MP133DAE7, STM32MP133DAF7, STM32MP133DAG7, STM32MP133FAE7, STM32MP133FAF7, STM32MP133FAG7, STM32MP135AAE3, STM32MP135AAF3, STM32MP135AAG3, STM32MP135CAE3, STM32MP135CAF3, STM32MP135CAG3, STM32MP135DAE7, STM32MP135DAF7, STM32MP135DAG7, STM32MP135F-DK, STM32MP135FAE7, STM32MP135FAF7, STM32MP135FAF7T, STM32MP135FAF7U, STM32MP135FAG7, STM32U031C6T6, STM32U031C6U6, STM32U031C8T6, STM32U031C8U6, STM32U031F4P6, STM32U031F6P6, STM32U031F8P6, STM32U031G6Y6TR, STM32U031G8Y6TR, STM32U031K4U6, STM32U031K6U6, STM32U031K8U6, STM32U031R6I6, STM32U031R6T6, STM32U031R8I6, STM32U031R8T6, STM32U073C8T6, STM32U073C8U6, STM32U073CBT6, STM32U073CBU6, STM32U073CCT6, STM32U073CCU6, STM32U073H8Y6TR, STM32U073HBY6TR, STM32U073HCY6TR, STM32U073K8U6, STM32U073KBU6, STM32U073KCU6, STM32U073M8I6, STM32U073M8T6, STM32U073MBI6, STM32U073MBT6, STM32U073MCI6, STM32U073MCT6, STM32U073R8I6, STM32U073R8T6, STM32U073RBI6, STM32U073RBT6, STM32U073RCI6, STM32U073RCT6, STM32U083C-DK, STM32U083CCT6, STM32U083CCU6, STM32U083HCY6TR, STM32U083KCU6, STM32U083MCI6, STM32U083MCT6, STM32U083RCI6, STM32U083RCT6, STM32U535CBT6, STM32U535CBT6Q, STM32U535CBU6, STM32U535CBU6Q, STM32U535CCT6, STM32U535CCT6Q, STM32U535CCU6, STM32U535CCU6Q, STM32U535CET6, STM32U535CET6Q, STM32U535CEU6, STM32U535CEU6Q, STM32U535JEY6QTR, STM32U535NCY6QTR, STM32U535NEY6QTR, STM32U535RBI6, STM32U535RBI6Q, STM32U535RBT6, STM32U535RBT6Q, STM32U535RCI6, STM32U535RCI6Q, STM32U535RCT6, STM32U535RCT6Q, STM32U535REI6, STM32U535REI6Q, STM32U535RET6, STM32U535RET6Q, STM32U535VCI6, STM32U535VCI6Q, STM32U535VCT6, STM32U535VCT6Q, STM32U535VEI6, STM32U535VEI6Q, STM32U535VET6, STM32U535VET6Q, STM32U545CET6, STM32U545CET6Q, STM32U545CEU6, STM32U545CEU6Q, STM32U545JEY6QTR, STM32U545NEY6QTR, STM32U545REI6, STM32U545REI6Q, STM32U545RET6, STM32U545RET6Q, STM32U545VEI6, STM32U545VEI6Q, STM32U545VET6, STM32U545VET6Q, STM32U595AIH6, STM32U595AIH6Q, STM32U595AJH6, STM32U595AJH6Q, STM32U595QII6, STM32U595QII6Q, STM32U595QJI6, STM32U595QJI6Q, STM32U595RIT6, STM32U595RIT6Q, STM32U595RJT6, STM32U595RJT6Q, STM32U595VIT6, STM32U595VIT6Q, STM32U595VJT6, STM32U595VJT6Q, STM32U595ZIT6, STM32U595ZIT6Q, STM32U595ZIY6QTR, STM32U595ZJT6, STM32U595ZJT6Q, STM32U595ZJY6QTR, STM32U599BJY6QTR, STM32U599NIH6Q, STM32U599NJH6Q, STM32U599VIT6Q, STM32U599VJT6, STM32U599VJT6Q, STM32U599ZIT6Q, STM32U599ZIY6QTR, STM32U599ZJT6Q, STM32U599ZJY6QTR, STM32U5A5AJH6, STM32U5A5AJH6Q, STM32U5A5QII3Q , STM32U5A5QJI6, STM32U5A5QJI6Q, STM32U5A5RJT6, STM32U5A5RJT6Q, STM32U5A5VJT6, STM32U5A5VJT6Q, STM32U5A5ZJT6, STM32U5A5ZJT6Q, STM32U5A5ZJY6QTR, STM32U5A9BJY6QTR, STM32U5A9J-DK, STM32U5A9NJH6Q, STM32U5A9VJT6Q, STM32U5A9ZJT6Q, STM32U5A9ZJY6QTR, STM32U5F7VIT6, STM32U5F7VIT6Q, STM32U5F7VJT6, STM32U5F7VJT6Q, STM32U5F9BJY6QTR, STM32U5F9NJH6Q, STM32U5F9VIT6Q, STM32U5F9VJT6Q, STM32U5F9ZIJ6QTR, STM32U5F9ZIT6Q, STM32U5F9ZJJ6QTR, STM32U5F9ZJT6Q, STM32U5G7VJT6, STM32U5G7VJT6Q, STM32U5G9BJY6QTR, STM32U5G9J-DK1, STM32U5G9J-DK2, STM32U5G9NJH6Q, STM32U5G9VJT6Q, STM32U5G9ZJJ6QTR, STM32U5G9ZJT6Q, STM32WB1MMCH6, STM32WBA50KEU6, STM32WBA50KEU6TR, STM32WBA50KGU6, STM32WBA50KGU6TR, STM32WBA52CEU6, STM32WBA52CEU6TR, STM32WBA52CEU7, STM32WBA52CEU7TR, STM32WBA52CGU6, STM32WBA52CGU6TR, STM32WBA52CGU6U, STM32WBA52CGU7, STM32WBA52CGU7TR, STM32WBA52KEU6, STM32WBA52KEU6TR, STM32WBA52KGU6, STM32WBA52KGU6TR, STM32WBA54CEU6, STM32WBA54CEU6TR, STM32WBA54CEU7, STM32WBA54CEU7TR, STM32WBA54CGU6, STM32WBA54CGU6TR, STM32WBA54CGU7, STM32WBA54CGU7TR, STM32WBA54KEU6, STM32WBA54KEU6TR, STM32WBA54KEU7, STM32WBA54KEU7TR, STM32WBA54KGU6, STM32WBA54KGU6TR, STM32WBA54KGU7, STM32WBA54KGU7TR, STM32WBA55CEU6, STM32WBA55CEU6TR, STM32WBA55CEU7, STM32WBA55CEU7TR, STM32WBA55CGU6, STM32WBA55CGU6TR, STM32WBA55CGU6U, STM32WBA55CGU7, STM32WBA55CGU7TR, STM32WBA55G-DK1, STM32WBA55HEF6, STM32WBA55HEF7, STM32WBA55HGF6, STM32WBA55HGF7, STM32WBA55UEI6, STM32WBA55UEI6TR, STM32WBA55UEI7, STM32WBA55UEI7TR, STM32WBA55UGI6, STM32WBA55UGI6TR, STM32WBA55UGI7, STM32WBA55UGI7TR, STM32WL5MOCH6, STM32WL5MOCH6TR]
2024-06-06 21:32:54,751 [INFO] BoardInfo:889 - No configuration file found for board P-NUCLEO-WB55
2024-06-06 21:32:54,751 [INFO] DbBoards:161 - Kit is not supported: P-NUCLEO-WB55
2024-06-06 21:32:54,755 [INFO] BoardInfo:889 - No configuration file found for board STEVAL-BFA001V1B
2024-06-06 21:32:54,755 [INFO] DbBoards:161 - Kit is not supported: STEVAL-BFA001V1B
2024-06-06 21:32:54,756 [INFO] BoardInfo:889 - No configuration file found for board STEVAL-BFA001V2B
2024-06-06 21:32:54,756 [INFO] DbBoards:161 - Kit is not supported: STEVAL-BFA001V2B
2024-06-06 21:32:54,854 [INFO] DbBoards:168 - Found 199 boards, 196 are supported
2024-06-06 21:32:54,854 [INFO] DbBoards:169 - Found 199 boards, 8 of them is supported for  Bsp
2024-06-06 21:32:54,857 [INFO] ApiDb:668 - CubeFinder database Data Model version=2.1
2024-06-06 21:32:54,857 [INFO] ApiDb:669 - CubeFinder database Configuration version=3.0.39
2024-06-06 21:32:54,857 [INFO] ApiDb:670 - CubeFinder database generation date=2024-04-15 (1713193726)
2024-06-06 21:32:54,858 [INFO] ApiDb:671 - CubeFinder database FW Pack versions=[FP-ATR-ASTRA1_V2.0.0, FP-SNS-FLIGHT1_V5.0.1, FP-SNS-FLIGHT1_V5.0.2, FP-SNS-MOTENV1_V4.3.1, FP-SNS-MOTENV1_V4.3.2, FP-SNS-MOTENVWB1_V1.3.1, FP-SNS-SMARTAG2_V1.2.0, STM32Cube_FW_C0_V1.1.0, STM32Cube_FW_F4_V1.28.0, STM32Cube_FW_F7_V1.17.0, STM32Cube_FW_G0_V1.6.2, STM32Cube_FW_G4_V1.5.2, STM32Cube_FW_H5_V0.5.1, STM32Cube_FW_H5_V1.1.1, STM32Cube_FW_H5_V1.2.0, STM32Cube_FW_H5_V1.2.0RC4, STM32Cube_FW_H7RS_V1.0.0, STM32Cube_FW_H7RS_V1.0.0RC4, STM32Cube_FW_H7_V1.11.0, STM32Cube_FW_L0_V1.12.2, STM32Cube_FW_L5_V1.5.1, STM32Cube_FW_U0_V1.0.0, STM32Cube_FW_U0_V1.0.0RC1, STM32Cube_FW_U5_V1.3.0RC4, STM32Cube_FW_U5_V1.5.0, STM32Cube_FW_U5_V1.5.0RC1, STM32Cube_FW_WBA_V1.0.0RC1, STM32Cube_FW_WBA_V1.2.0, STM32Cube_FW_WBA_V1.2.0RC2, STM32Cube_FW_WBA_V1.3.0, STM32Cube_FW_WBA_V1.3.0RC1, STM32Cube_FW_WB_V1.15.0RC1, STM32Cube_FW_WB_V1.16.0, STM32Cube_FW_WB_V1.16.0RC2, STM32Cube_FW_WB_V1.18.0, STM32Cube_FW_WB_V1.19.0, STM32Cube_FW_WL_V1.3.0, X-CUBE-ALGOBUILD_V1.3.0, X-CUBE-ALS_V1.0.1, X-CUBE-AZRTOS-F4_V1.1.0, X-CUBE-AZRTOS-F7_V1.1.0, X-CUBE-AZRTOS-G0_V1.1.0, X-CUBE-AZRTOS-G4_V2.0.0, X-CUBE-AZRTOS-H7_V3.2.0, X-CUBE-AZRTOS-L4_V1.0.0, X-CUBE-AZRTOS-L4_V2.0.0, X-CUBE-AZRTOS-L5_V1.1.0, X-CUBE-AZRTOS-WB_V2.0.0, X-CUBE-AZRTOS-WL_V2.0.0, X-CUBE-BLE1_V7.0.0, X-CUBE-BLE2_V3.3.0, X-CUBE-BLEMGR_V3.1.0, X-CUBE-EEPRMA1_V4.1.0, X-CUBE-EEPRMA1_V5.1.0, X-CUBE-FREERTOS_V1.1.0, X-CUBE-GNSS1_V6.0.0, X-CUBE-MEMS1_V10.0.0, X-CUBE-MEMS1_V9.1.0, X-CUBE-MEMS1_V9.4.0, X-CUBE-MEMS1_V9.6.0, X-CUBE-NFC4_V3.0.0, X-CUBE-NFC7_V1.0.1, X-CUBE-SFXS2LP1_V4.0.0, X-CUBE-SUBG2_V5.0.0, X-CUBE-TOF1_V3.4.0]
2024-06-06 21:32:56,493 [INFO] ApiDb:240 - Found 483 in-development CPN: [B-G473E-ZEST1S, B-WB1M-WPAN1, B-WL5M-SUBG1, NUCLEO-C031C6, NUCLEO-H503RB, NUCLEO-H533RE, NUCLEO-H563ZI, NUCLEO-H7S3L8, NUCLEO-U031R8, NUCLEO-U083RC, NUCLEO-U545RE-Q, NUCLEO-U5A5ZJ-Q, NUCLEO-WBA52CG, NUCLEO-WBA55CG, STEVAL-PROTEUS1, STEVAL-SMARTAG2, STEVAL-STWINBX1, STM320518-EVAL, STM32C0116-DK, STM32C011D6Y3TR, STM32C011D6Y6TR, STM32C011F4P3, STM32C011F4P6, STM32C011F4U3, STM32C011F4U6TR, STM32C011F6P3, STM32C011F6P6, STM32C011F6U3, STM32C011F6U6TR, STM32C011J4M3, STM32C011J4M6, STM32C011J6M3, STM32C011J6M6, STM32C0316-DK, STM32C031C4T3, STM32C031C4T6, STM32C031C4U3, STM32C031C4U6, STM32C031C6T3, STM32C031C6T6, STM32C031C6U3, STM32C031C6U6, STM32C031F4P3, STM32C031F4P6, STM32C031F6P3, STM32C031F6P6, STM32C031G4U3, STM32C031G4U6, STM32C031G6U3, STM32C031G6U6, STM32C031K4T3, STM32C031K4T6, STM32C031K4U3, STM32C031K4U6, STM32C031K6T3, STM32C031K6T6, STM32C031K6U3, STM32C031K6U6, STM32G071K8TXN, STM32G071K8UXN, STM32G081GBU6N, STM32G081KBT6N, STM32G081KBUXN, STM32G0B1CCT6N, STM32G0B1KCT6, STM32G0B1NEY6TR, STM32G0B1RCT6N, STM32G0C1CCT6, STM32G0C1CCT6N, STM32G0C1CCU6N, STM32G0C1CET6N, STM32G0C1CEU6N, STM32G0C1KCT6, STM32G0C1NEY6TR, STM32G0C1RCI6N, STM32G0C1RCT6N, STM32G0C1REI6N, STM32G0C1RET6N, STM32G0C1VCI6, STM32G0C1VEI6, STM32G471CCT6, STM32G471CCU6, STM32G471CET3, STM32G471CET6, STM32G471CEU3, STM32G471CEU6, STM32G471MCT6, STM32G471MET3, STM32G471MET6, STM32G471MEY6TR, STM32G471QCT6, STM32G471QET3, STM32G471RCT6, STM32G471RET3, STM32G471RET6, STM32G471VCH6, STM32G471VCI6, STM32G471VCT6, STM32G471VEH3, STM32G471VEH6, STM32G471VEI3, STM32G471VEI6, STM32G471VET3, STM32G471VET6, STM32G474CCT6, STM32H503CBT6, STM32H503CBU6, STM32H503EBY6TR, STM32H503KBU6, STM32H503RBT6, STM32H523CCT6, STM32H523CCU6, STM32H523CET6, STM32H523CEU6, STM32H523HEY6TR, STM32H523RCT6, STM32H523RET6, STM32H523VCI6, STM32H523VCT6, STM32H523VEI6, STM32H523VET6, STM32H523ZCJ6, STM32H523ZCT6, STM32H523ZEJ6, STM32H523ZET6, STM32H533CET6, STM32H533CEU6, STM32H533HEY6TR, STM32H533RET6, STM32H533VEI6, STM32H533VET6, STM32H533ZEJ6, STM32H533ZET6, STM32H562AGI6, STM32H562AII6, STM32H562IGK6, STM32H562IGT6, STM32H562IIK6, STM32H562IIT6, STM32H562RGT6, STM32H562RGV6, STM32H562RIT6, STM32H562RIV6, STM32H562VGT6, STM32H562VIT6, STM32H562ZGT6, STM32H562ZIT6, STM32H563AGI6, STM32H563AII3Q, STM32H563AII6, STM32H563IGK6, STM32H563IGT6, STM32H563IIK3Q, STM32H563IIK6, STM32H563IIT3Q, STM32H563IIT6, STM32H563MIY3QTR, STM32H563RGT6, STM32H563RGV6, STM32H563RIT6, STM32H563RIV6, STM32H563VGT6, STM32H563VIT3Q, STM32H563VIT6, STM32H563ZGT6, STM32H563ZIT3Q, STM32H563ZIT6, STM32H573AII3Q, STM32H573AII6, STM32H573I-DK, STM32H573IIK3Q, STM32H573IIK6, STM32H573IIT3Q, STM32H573IIT6, STM32H573MIY3QTR, STM32H573RIT6, STM32H573RIV6, STM32H573VIT3Q, STM32H573VIT6, STM32H573ZIT3Q, STM32H573ZIT6, STM32H7R3A8I6, STM32H7R3I8K6, STM32H7R3I8T6, STM32H7R3L8H6, STM32H7R3L8H6H, STM32H7R3R8V6, STM32H7R3V8H6, STM32H7R3V8T6, STM32H7R3V8Y6, STM32H7R3Z8J6, STM32H7R3Z8T6, STM32H7R7A8I6, STM32H7R7I8K6, STM32H7R7I8T6, STM32H7R7L8H6, STM32H7R7L8H6H, STM32H7R7Z8J6, STM32H7S3A8I6, STM32H7S3I8K6, STM32H7S3I8T6, STM32H7S3L8H6, STM32H7S3L8H6H, STM32H7S3R8V6, STM32H7S3V8H6, STM32H7S3V8T6, STM32H7S3V8Y6, STM32H7S3Z8J6, STM32H7S3Z8T6, STM32H7S78-DK, STM32H7S7A8I6, STM32H7S7I8K6, STM32H7S7I8T6, STM32H7S7L8H6, STM32H7S7L8H6H, STM32H7S7Z8J6, STM32L4R5QGI6STR, STM32MP131AAE3, STM32MP131AAF3, STM32MP131AAG3, STM32MP131CAE3, STM32MP131CAF3, STM32MP131CAG3, STM32MP131DAE7, STM32MP131DAF7, STM32MP131DAG7, STM32MP131FAE7, STM32MP131FAF7, STM32MP131FAG7, STM32MP133AAE3, STM32MP133AAF3, STM32MP133AAG3, STM32MP133CAE3, STM32MP133CAF3, STM32MP133CAG3, STM32MP133DAE7, STM32MP133DAF7, STM32MP133DAG7, STM32MP133FAE7, STM32MP133FAF7, STM32MP133FAG7, STM32MP135AAE3, STM32MP135AAF3, STM32MP135AAG3, STM32MP135CAE3, STM32MP135CAF3, STM32MP135CAG3, STM32MP135DAE7, STM32MP135DAF7, STM32MP135DAG7, STM32MP135F-DK, STM32MP135FAE7, STM32MP135FAF7, STM32MP135FAF7T, STM32MP135FAF7U, STM32MP135FAG7, STM32U031C6T6, STM32U031C6U6, STM32U031C8T6, STM32U031C8U6, STM32U031F4P6, STM32U031F6P6, STM32U031F8P6, STM32U031G6Y6TR, STM32U031G8Y6TR, STM32U031K4U6, STM32U031K6U6, STM32U031K8U6, STM32U031R6I6, STM32U031R6T6, STM32U031R8I6, STM32U031R8T6, STM32U073C8T6, STM32U073C8U6, STM32U073CBT6, STM32U073CBU6, STM32U073CCT6, STM32U073CCU6, STM32U073H8Y6TR, STM32U073HBY6TR, STM32U073HCY6TR, STM32U073K8U6, STM32U073KBU6, STM32U073KCU6, STM32U073M8I6, STM32U073M8T6, STM32U073MBI6, STM32U073MBT6, STM32U073MCI6, STM32U073MCT6, STM32U073R8I6, STM32U073R8T6, STM32U073RBI6, STM32U073RBT6, STM32U073RCI6, STM32U073RCT6, STM32U083C-DK, STM32U083CCT6, STM32U083CCU6, STM32U083HCY6TR, STM32U083KCU6, STM32U083MCI6, STM32U083MCT6, STM32U083RCI6, STM32U083RCT6, STM32U535CBT6, STM32U535CBT6Q, STM32U535CBU6, STM32U535CBU6Q, STM32U535CCT6, STM32U535CCT6Q, STM32U535CCU6, STM32U535CCU6Q, STM32U535CET6, STM32U535CET6Q, STM32U535CEU6, STM32U535CEU6Q, STM32U535JEY6QTR, STM32U535NCY6QTR, STM32U535NEY6QTR, STM32U535RBI6, STM32U535RBI6Q, STM32U535RBT6, STM32U535RBT6Q, STM32U535RCI6, STM32U535RCI6Q, STM32U535RCT6, STM32U535RCT6Q, STM32U535REI6, STM32U535REI6Q, STM32U535RET6, STM32U535RET6Q, STM32U535VCI6, STM32U535VCI6Q, STM32U535VCT6, STM32U535VCT6Q, STM32U535VEI6, STM32U535VEI6Q, STM32U535VET6, STM32U535VET6Q, STM32U545CET6, STM32U545CET6Q, STM32U545CEU6, STM32U545CEU6Q, STM32U545JEY6QTR, STM32U545NEY6QTR, STM32U545REI6, STM32U545REI6Q, STM32U545RET6, STM32U545RET6Q, STM32U545VEI6, STM32U545VEI6Q, STM32U545VET6, STM32U545VET6Q, STM32U595AIH6, STM32U595AIH6Q, STM32U595AJH6, STM32U595AJH6Q, STM32U595QII6, STM32U595QII6Q, STM32U595QJI6, STM32U595QJI6Q, STM32U595RIT6, STM32U595RIT6Q, STM32U595RJT6, STM32U595RJT6Q, STM32U595VIT6, STM32U595VIT6Q, STM32U595VJT6, STM32U595VJT6Q, STM32U595ZIT6, STM32U595ZIT6Q, STM32U595ZIY6QTR, STM32U595ZJT6, STM32U595ZJT6Q, STM32U595ZJY6QTR, STM32U599BJY6QTR, STM32U599NIH6Q, STM32U599NJH6Q, STM32U599VIT6Q, STM32U599VJT6, STM32U599VJT6Q, STM32U599ZIT6Q, STM32U599ZIY6QTR, STM32U599ZJT6Q, STM32U599ZJY6QTR, STM32U5A5AJH6, STM32U5A5AJH6Q, STM32U5A5QII3Q , STM32U5A5QJI6, STM32U5A5QJI6Q, STM32U5A5RJT6, STM32U5A5RJT6Q, STM32U5A5VJT6, STM32U5A5VJT6Q, STM32U5A5ZJT6, STM32U5A5ZJT6Q, STM32U5A5ZJY6QTR, STM32U5A9BJY6QTR, STM32U5A9J-DK, STM32U5A9NJH6Q, STM32U5A9VJT6Q, STM32U5A9ZJT6Q, STM32U5A9ZJY6QTR, STM32U5F7VIT6, STM32U5F7VIT6Q, STM32U5F7VJT6, STM32U5F7VJT6Q, STM32U5F9BJY6QTR, STM32U5F9NJH6Q, STM32U5F9VIT6Q, STM32U5F9VJT6Q, STM32U5F9ZIJ6QTR, STM32U5F9ZIT6Q, STM32U5F9ZJJ6QTR, STM32U5F9ZJT6Q, STM32U5G7VJT6, STM32U5G7VJT6Q, STM32U5G9BJY6QTR, STM32U5G9J-DK1, STM32U5G9J-DK2, STM32U5G9NJH6Q, STM32U5G9VJT6Q, STM32U5G9ZJJ6QTR, STM32U5G9ZJT6Q, STM32WB1MMCH6, STM32WBA50KEU6, STM32WBA50KEU6TR, STM32WBA50KGU6, STM32WBA50KGU6TR, STM32WBA52CEU6, STM32WBA52CEU6TR, STM32WBA52CEU7, STM32WBA52CEU7TR, STM32WBA52CGU6, STM32WBA52CGU6TR, STM32WBA52CGU6U, STM32WBA52CGU7, STM32WBA52CGU7TR, STM32WBA52KEU6, STM32WBA52KEU6TR, STM32WBA52KGU6, STM32WBA52KGU6TR, STM32WBA54CEU6, STM32WBA54CEU6TR, STM32WBA54CEU7, STM32WBA54CEU7TR, STM32WBA54CGU6, STM32WBA54CGU6TR, STM32WBA54CGU7, STM32WBA54CGU7TR, STM32WBA54KEU6, STM32WBA54KEU6TR, STM32WBA54KEU7, STM32WBA54KEU7TR, STM32WBA54KGU6, STM32WBA54KGU6TR, STM32WBA54KGU7, STM32WBA54KGU7TR, STM32WBA55CEU6, STM32WBA55CEU6TR, STM32WBA55CEU7, STM32WBA55CEU7TR, STM32WBA55CGU6, STM32WBA55CGU6TR, STM32WBA55CGU6U, STM32WBA55CGU7, STM32WBA55CGU7TR, STM32WBA55G-DK1, STM32WBA55HEF6, STM32WBA55HEF7, STM32WBA55HGF6, STM32WBA55HGF7, STM32WBA55UEI6, STM32WBA55UEI6TR, STM32WBA55UEI7, STM32WBA55UEI7TR, STM32WBA55UGI6, STM32WBA55UGI6TR, STM32WBA55UGI7, STM32WBA55UGI7TR, STM32WL5MOCH6, STM32WL5MOCH6TR]
2024-06-06 21:32:56,495 [INFO] DbMcus:218 - Found 4096 MCUs, 4096 are supported
2024-06-06 21:32:56,495 [INFO] ApiDb:423 - Load user favorites file C:\Users\harun/.stm32cubeide/favorites.mcus.txt: 0 item(s)
2024-06-06 21:32:56,496 [INFO] ApiDb:427 - User favorites MCUs=[]
2024-06-06 21:32:56,496 [INFO] DbMcus:224 - Set 0 / 0 favorites MCUs
2024-06-06 21:32:56,708 [INFO] ApiDb:423 - Load user favorites file C:\Users\harun/.stm32cubeide/favorites.boards.txt: 0 item(s)
2024-06-06 21:32:56,708 [INFO] ApiDb:427 - User favorites Boards=[]
2024-06-06 21:32:56,708 [INFO] DbBoards:198 - Set 0 / 0 favorites Boards
2024-06-06 21:32:56,766 [INFO] UtilMem:75 - End LoadConfig() Used Memory: 232640296 Bytes (623902720)
2024-06-06 21:32:56,878 [WARN] ThirdParty:833 - waiting for thirdparty lock release [change project]
2024-06-06 21:32:56,878 [INFO] ThirdParty:835 - entering critical section [change project]
2024-06-06 21:32:56,878 [INFO] ThirdParty:1030 - CMSIS Pack Vendor :STMicroelectronics USBPD 4.1
2024-06-06 21:32:56,878 [INFO] ThirdParty:1030 - CMSIS Pack Vendor :STMicroelectronics X-CUBE-GNSS1 6.0.0
2024-06-06 21:32:56,878 [INFO] ThirdParty:1030 - CMSIS Pack Vendor :STMicroelectronics USB_HOST 2.0.0
2024-06-06 21:32:56,878 [INFO] ThirdParty:1030 - CMSIS Pack Vendor :STMicroelectronics FP-SNS-MOTENVWB1 1.4.0
2024-06-06 21:32:56,878 [INFO] ThirdParty:1030 - CMSIS Pack Vendor :STMicroelectronics X-CUBE-AZRTOS-F4 1.1.0
2024-06-06 21:32:56,878 [INFO] ThirdParty:1030 - CMSIS Pack Vendor :STMicroelectronics LIBJPEG 8.0.0
2024-06-06 21:32:56,878 [INFO] ThirdParty:1030 - CMSIS Pack Vendor :STMicroelectronics X-CUBE-SMBUS 2.1.0
2024-06-06 21:32:56,878 [INFO] ThirdParty:1030 - CMSIS Pack Vendor :STMicroelectronics USB_DEVICE 3.0.0
2024-06-06 21:32:56,878 [INFO] ThirdParty:1030 - CMSIS Pack Vendor :STMicroelectronics X-CUBE-TCPP 4.1.0
2024-06-06 21:32:56,878 [INFO] ThirdParty:1030 - CMSIS Pack Vendor :STMicroelectronics X-CUBE-FREERTOS 1.2.0
2024-06-06 21:32:56,878 [INFO] ThirdParty:1030 - CMSIS Pack Vendor :STMicroelectronics X-CUBE-AZRTOS-WB 2.0.0
2024-06-06 21:32:56,878 [INFO] ThirdParty:1030 - CMSIS Pack Vendor :STMicroelectronics X-CUBE-TOUCHGFX 4.23.2
2024-06-06 21:32:56,878 [INFO] ThirdParty:1030 - CMSIS Pack Vendor :STMicroelectronics X-CUBE-AZRTOS-F7 1.1.0
2024-06-06 21:32:56,879 [INFO] ThirdParty:1030 - CMSIS Pack Vendor :STMicroelectronics X-CUBE-AZRTOS-L5 2.0.0
2024-06-06 21:32:56,879 [INFO] ThirdParty:1030 - CMSIS Pack Vendor :STMicroelectronics USB_DEVICE 2.0.0
2024-06-06 21:32:56,879 [INFO] ThirdParty:1030 - CMSIS Pack Vendor :STMicroelectronics X-CUBE-NFC6 3.1.0
2024-06-06 21:32:56,879 [INFO] ThirdParty:1030 - CMSIS Pack Vendor :STMicroelectronics X-CUBE-ALGOBUILD 1.3.0
2024-06-06 21:32:56,879 [INFO] ThirdParty:1030 - CMSIS Pack Vendor :STMicroelectronics FreeRTOS 0.0.1
2024-06-06 21:32:56,879 [INFO] ThirdParty:1030 - CMSIS Pack Vendor :STMicroelectronics X-CUBE-AZRTOS-G0 1.1.0
2024-06-06 21:32:56,879 [INFO] ThirdParty:1030 - CMSIS Pack Vendor :STMicroelectronics X-CUBE-SAFEA1 1.2.2
2024-06-06 21:32:56,879 [INFO] ThirdParty:1030 - CMSIS Pack Vendor :STMicroelectronics X-CUBE-NFC4 3.0.0
2024-06-06 21:32:56,879 [INFO] ThirdParty:1030 - CMSIS Pack Vendor :STMicroelectronics X-CUBE-SUBG2 5.0.0
2024-06-06 21:32:56,879 [INFO] ThirdParty:1030 - CMSIS Pack Vendor :STMicroelectronics STM32_WPAN 1.0.0
2024-06-06 21:32:56,879 [INFO] ThirdParty:1030 - CMSIS Pack Vendor :wolfSSL I-CUBE-wolfMQTT 1.18.0
2024-06-06 21:32:56,879 [INFO] ThirdParty:1030 - CMSIS Pack Vendor :STMicroelectronics lwIP 2.0.3
2024-06-06 21:32:56,879 [INFO] ThirdParty:1030 - CMSIS Pack Vendor :STMicroelectronics FP-SNS-FLIGHT1 5.0.2
2024-06-06 21:32:56,879 [INFO] ThirdParty:1030 - CMSIS Pack Vendor :STMicroelectronics USB_HOST 1.0.0
2024-06-06 21:32:56,879 [INFO] ThirdParty:1030 - CMSIS Pack Vendor :STMicroelectronics X-CUBE-AI 9.0.0
2024-06-06 21:32:56,879 [INFO] ThirdParty:1030 - CMSIS Pack Vendor :STMicroelectronics X-CUBE-AZRTOS-G4 2.0.0
2024-06-06 21:32:56,879 [INFO] ThirdParty:1030 - CMSIS Pack Vendor :STMicroelectronics PDM2PCM 3.1.0
2024-06-06 21:32:56,879 [INFO] ThirdParty:1030 - CMSIS Pack Vendor :STMicroelectronics PDM2PCM 3.3.0
2024-06-06 21:32:56,879 [INFO] ThirdParty:1030 - CMSIS Pack Vendor :STMicroelectronics X-CUBE-DISPLAY 3.0.0
2024-06-06 21:32:56,879 [INFO] ThirdParty:1030 - CMSIS Pack Vendor :wolfSSL I-CUBE-wolfSSL 5.7.0
2024-06-06 21:32:56,879 [INFO] ThirdParty:1030 - CMSIS Pack Vendor :STMicroelectronics FP-SNS-MOTENVWB1 1.3.1
2024-06-06 21:32:56,879 [INFO] ThirdParty:1030 - CMSIS Pack Vendor :STMicroelectronics X-CUBE-BLE1 7.0.0
2024-06-06 21:32:56,879 [INFO] ThirdParty:1030 - CMSIS Pack Vendor :STMicroelectronics FP-ATR-SIGFOX1 3.2.0
2024-06-06 21:32:56,879 [INFO] ThirdParty:1030 - CMSIS Pack Vendor :STMicroelectronics X-CUBE-ISPU 2.0.0
2024-06-06 21:32:56,879 [INFO] ThirdParty:1030 - CMSIS Pack Vendor :STMicroelectronics X-CUBE-EEPRMA1 5.1.0
2024-06-06 21:32:56,879 [INFO] ThirdParty:1030 - CMSIS Pack Vendor :STMicroelectronics HAL Drivers 0.0.0
2024-06-06 21:32:56,879 [INFO] ThirdParty:1030 - CMSIS Pack Vendor :STMicroelectronics MBEDTLS 2.16.2
2024-06-06 21:32:56,879 [INFO] ThirdParty:1030 - CMSIS Pack Vendor :STMicroelectronics X-CUBE-ALS 1.0.2
2024-06-06 21:32:56,879 [INFO] ThirdParty:1030 - CMSIS Pack Vendor :emotas I-CUBE-CANOPEN 1.3.0
2024-06-06 21:32:56,879 [INFO] ThirdParty:1030 - CMSIS Pack Vendor :STMicroelectronics X-CUBE-MEMS1 10.0.0
2024-06-06 21:32:56,879 [INFO] ThirdParty:1030 - CMSIS Pack Vendor :STMicroelectronics X-CUBE-FREERTOS 1.1.0
2024-06-06 21:32:56,879 [INFO] ThirdParty:1030 - CMSIS Pack Vendor :STMicroelectronics X-CUBE-NFC7 1.0.1
2024-06-06 21:32:56,879 [INFO] ThirdParty:1030 - CMSIS Pack Vendor :STMicroelectronics MBEDTLS 2.14.1
2024-06-06 21:32:56,879 [INFO] ThirdParty:1030 - CMSIS Pack Vendor :ITTIA_DB I-CUBE-ITTIADB 8.9.0
2024-06-06 21:32:56,880 [INFO] ThirdParty:1030 - CMSIS Pack Vendor :portGmbH I-Cube-SoM-uGOAL 1.1.0
2024-06-06 21:32:56,880 [INFO] ThirdParty:1030 - CMSIS Pack Vendor :STMicroelectronics X-CUBE-ALS 1.0.1
2024-06-06 21:32:56,880 [INFO] ThirdParty:1030 - CMSIS Pack Vendor :STMicroelectronics X-CUBE-BLEMGR 3.1.0
2024-06-06 21:32:56,880 [INFO] ThirdParty:1030 - CMSIS Pack Vendor :STMicroelectronics ThreadX 1.0.0
2024-06-06 21:32:56,880 [INFO] ThirdParty:1030 - CMSIS Pack Vendor :STMicroelectronics FP-SNS-SMARTAG2 1.2.0
2024-06-06 21:32:56,880 [INFO] ThirdParty:1030 - CMSIS Pack Vendor :STMicroelectronics X-CUBE-AZRTOS-WL 2.0.0
2024-06-06 21:32:56,880 [INFO] ThirdParty:1030 - CMSIS Pack Vendor :SEGGER I-CUBE-embOS 1.3.1
2024-06-06 21:32:56,880 [INFO] ThirdParty:1030 - CMSIS Pack Vendor :STMicroelectronics X-CUBE-ALGOBUILD 1.4.0
2024-06-06 21:32:56,880 [INFO] ThirdParty:1030 - CMSIS Pack Vendor :STMicroelectronics USB_DEVICE 1.0.0
2024-06-06 21:32:56,880 [INFO] ThirdParty:1030 - CMSIS Pack Vendor :STMicroelectronics X-CUBE-AI 8.1.0
2024-06-06 21:32:56,880 [INFO] ThirdParty:1030 - CMSIS Pack Vendor :STMicroelectronics X-CUBE-AZRTOS-H7RS 1.0.0
2024-06-06 21:32:56,880 [INFO] ThirdParty:1030 - CMSIS Pack Vendor :STMicroelectronics X-CUBE-AZRTOS-L4 2.0.0
2024-06-06 21:32:56,880 [INFO] ThirdParty:1030 - CMSIS Pack Vendor :STMicroelectronics ThreadX 0.0.2
2024-06-06 21:32:56,880 [INFO] ThirdParty:1030 - CMSIS Pack Vendor :WES I-CUBE-Cesium 1.3.0
2024-06-06 21:32:56,880 [INFO] ThirdParty:1030 - CMSIS Pack Vendor :STMicroelectronics FP-ATR-ASTRA1 2.0.0
2024-06-06 21:32:56,880 [INFO] ThirdParty:1030 - CMSIS Pack Vendor :STMicroelectronics lwIP 2.1.2
2024-06-06 21:32:56,880 [INFO] ThirdParty:1030 - CMSIS Pack Vendor :STMicroelectronics X-CUBE-SFXS2LP1 4.0.0
2024-06-06 21:32:56,880 [INFO] ThirdParty:1030 - CMSIS Pack Vendor :STMicroelectronics X-CUBE-BLE2 3.3.0
2024-06-06 21:32:56,880 [INFO] ThirdParty:1030 - CMSIS Pack Vendor :STMicroelectronics X-CUBE-TOF1 3.4.1
2024-06-06 21:32:56,880 [INFO] ThirdParty:1030 - CMSIS Pack Vendor :STMicroelectronics X-CUBE-AZRTOS-H7 3.2.0
2024-06-06 21:32:56,880 [INFO] ThirdParty:1030 - CMSIS Pack Vendor :Infineon AIROC-Wi-Fi-Bluetooth-STM32 1.6.0
2024-06-06 21:32:56,880 [INFO] ThirdParty:1030 - CMSIS Pack Vendor :STMicroelectronics PDM2PCM 3.2.0
2024-06-06 21:32:56,880 [INFO] ThirdParty:841 - exiting critical section [change project]
2024-06-06 21:32:57,365 [INFO] PinOutPanel:1561 - setPackage(No Configuration,No Configuration)
2024-06-06 21:32:57,365 [INFO] PinOutPanel:1561 - setPackage(STM32F767ZITx,LQFP144)
2024-06-06 21:32:57,982 [INFO] UtilMem:75 - Before build in PCC Used Memory: 279175296 Bytes (623902720)
2024-06-06 21:32:59,211 [INFO] UtilMem:75 - After build in PCC Used Memory: 344189664 Bytes (623902720)
2024-06-06 21:32:59,249 [INFO] IPUIPlugin:80 - create IPUIPlugin
2024-06-06 21:32:59,249 [INFO] IPUIPlugin:80 - create IPUIPlugin
2024-06-06 21:32:59,249 [INFO] IPUIPlugin:80 - create IPUIPlugin
2024-06-06 21:32:59,249 [INFO] IPUIPlugin:80 - create IPUIPlugin
2024-06-06 21:32:59,249 [INFO] IPUIPlugin:80 - create IPUIPlugin
2024-06-06 21:32:59,249 [INFO] IPUIPlugin:80 - create IPUIPlugin
2024-06-06 21:32:59,249 [INFO] IPUIPlugin:80 - create IPUIPlugin
2024-06-06 21:32:59,249 [INFO] IPUIPlugin:80 - create IPUIPlugin
2024-06-06 21:32:59,249 [INFO] IPUIPlugin:80 - create IPUIPlugin
2024-06-06 21:32:59,249 [INFO] IPUIPlugin:80 - create IPUIPlugin
2024-06-06 21:32:59,249 [INFO] IPUIPlugin:80 - create IPUIPlugin
2024-06-06 21:32:59,249 [INFO] IPUIPlugin:80 - create IPUIPlugin
2024-06-06 21:32:59,249 [INFO] IPUIPlugin:80 - create IPUIPlugin
2024-06-06 21:32:59,249 [INFO] IPUIPlugin:80 - create IPUIPlugin
2024-06-06 21:32:59,249 [INFO] IPUIPlugin:80 - create IPUIPlugin
2024-06-06 21:32:59,249 [INFO] IPUIPlugin:80 - create IPUIPlugin
2024-06-06 21:32:59,249 [INFO] IPUIPlugin:80 - create IPUIPlugin
2024-06-06 21:32:59,249 [INFO] IPUIPlugin:80 - create IPUIPlugin
2024-06-06 21:32:59,249 [INFO] IPUIPlugin:80 - create IPUIPlugin
2024-06-06 21:32:59,249 [INFO] IPUIPlugin:80 - create IPUIPlugin
2024-06-06 21:32:59,249 [INFO] IPUIPlugin:80 - create IPUIPlugin
2024-06-06 21:32:59,249 [INFO] IPUIPlugin:80 - create IPUIPlugin
2024-06-06 21:32:59,249 [INFO] IPUIPlugin:80 - create IPUIPlugin
2024-06-06 21:32:59,249 [INFO] IPUIPlugin:80 - create IPUIPlugin
2024-06-06 21:32:59,249 [INFO] IPUIPlugin:80 - create IPUIPlugin
2024-06-06 21:32:59,249 [INFO] IPUIPlugin:80 - create IPUIPlugin
2024-06-06 21:32:59,249 [INFO] IPUIPlugin:80 - create IPUIPlugin
2024-06-06 21:32:59,249 [INFO] IPUIPlugin:80 - create IPUIPlugin
2024-06-06 21:32:59,249 [INFO] IPUIPlugin:80 - create IPUIPlugin
2024-06-06 21:32:59,249 [INFO] IPUIPlugin:80 - create IPUIPlugin
2024-06-06 21:32:59,249 [INFO] IPUIPlugin:80 - create IPUIPlugin
2024-06-06 21:32:59,249 [INFO] IPUIPlugin:80 - create IPUIPlugin
2024-06-06 21:32:59,249 [INFO] IPUIPlugin:80 - create IPUIPlugin
2024-06-06 21:32:59,249 [INFO] IPUIPlugin:80 - create IPUIPlugin
2024-06-06 21:32:59,249 [INFO] IPUIPlugin:80 - create IPUIPlugin
2024-06-06 21:32:59,249 [INFO] IPUIPlugin:80 - create IPUIPlugin
2024-06-06 21:32:59,249 [INFO] IPUIPlugin:80 - create IPUIPlugin
2024-06-06 21:32:59,249 [INFO] IPUIPlugin:80 - create IPUIPlugin
2024-06-06 21:32:59,249 [INFO] IPUIPlugin:80 - create IPUIPlugin
2024-06-06 21:32:59,249 [INFO] IPUIPlugin:80 - create IPUIPlugin
2024-06-06 21:32:59,249 [INFO] IPUIPlugin:80 - create IPUIPlugin
2024-06-06 21:32:59,249 [INFO] IPUIPlugin:80 - create IPUIPlugin
2024-06-06 21:32:59,249 [INFO] IPUIPlugin:80 - create IPUIPlugin
2024-06-06 21:32:59,249 [INFO] IPUIPlugin:80 - create IPUIPlugin
2024-06-06 21:32:59,249 [INFO] IPUIPlugin:80 - create IPUIPlugin
2024-06-06 21:32:59,249 [INFO] IPUIPlugin:80 - create IPUIPlugin
2024-06-06 21:32:59,249 [INFO] IPUIPlugin:80 - create IPUIPlugin
2024-06-06 21:32:59,249 [INFO] IPUIPlugin:80 - create IPUIPlugin
2024-06-06 21:32:59,249 [INFO] IPUIPlugin:80 - create IPUIPlugin
2024-06-06 21:32:59,249 [INFO] IPUIPlugin:80 - create IPUIPlugin
2024-06-06 21:32:59,249 [INFO] IPUIPlugin:80 - create IPUIPlugin
2024-06-06 21:32:59,249 [INFO] IPUIPlugin:80 - create IPUIPlugin
2024-06-06 21:32:59,249 [INFO] IPUIPlugin:80 - create IPUIPlugin
2024-06-06 21:32:59,249 [INFO] IPUIPlugin:80 - create IPUIPlugin
2024-06-06 21:32:59,249 [INFO] IPUIPlugin:80 - create IPUIPlugin
2024-06-06 21:32:59,249 [INFO] IPUIPlugin:80 - create IPUIPlugin
2024-06-06 21:32:59,249 [INFO] IPUIPlugin:80 - create IPUIPlugin
2024-06-06 21:32:59,249 [INFO] IPUIPlugin:80 - create IPUIPlugin
2024-06-06 21:32:59,249 [INFO] IPUIPlugin:80 - create IPUIPlugin
2024-06-06 21:32:59,249 [INFO] IPUIPlugin:80 - create IPUIPlugin
2024-06-06 21:32:59,249 [INFO] IPUIPlugin:80 - create IPUIPlugin
2024-06-06 21:32:59,249 [INFO] IPUIPlugin:80 - create IPUIPlugin
2024-06-06 21:32:59,249 [INFO] IPUIPlugin:80 - create IPUIPlugin
2024-06-06 21:32:59,249 [INFO] IPUIPlugin:80 - create IPUIPlugin
2024-06-06 21:32:59,249 [INFO] IPUIPlugin:80 - create IPUIPlugin
2024-06-06 21:32:59,249 [INFO] IPUIPlugin:80 - create IPUIPlugin
2024-06-06 21:32:59,249 [INFO] IPUIPlugin:80 - create IPUIPlugin
2024-06-06 21:32:59,249 [INFO] IPUIPlugin:80 - create IPUIPlugin
2024-06-06 21:32:59,249 [INFO] IPUIPlugin:80 - create IPUIPlugin
2024-06-06 21:32:59,249 [INFO] IPUIPlugin:80 - create IPUIPlugin
2024-06-06 21:32:59,249 [INFO] IPUIPlugin:80 - create IPUIPlugin
2024-06-06 21:32:59,249 [INFO] IPUIPlugin:80 - create IPUIPlugin
2024-06-06 21:32:59,249 [INFO] IPUIPlugin:80 - create IPUIPlugin
2024-06-06 21:32:59,249 [INFO] IPUIPlugin:80 - create IPUIPlugin
2024-06-06 21:32:59,264 [INFO] IPUIPlugin:80 - create IPUIPlugin
2024-06-06 21:32:59,264 [INFO] IPUIPlugin:80 - create IPUIPlugin
2024-06-06 21:32:59,265 [INFO] IPUIPlugin:80 - create IPUIPlugin
2024-06-06 21:32:59,265 [INFO] IPUIPlugin:80 - create IPUIPlugin
2024-06-06 21:32:59,266 [INFO] IPUIPlugin:80 - create IPUIPlugin
2024-06-06 21:32:59,398 [INFO] ApiDbMcu:508 - Load IP Config File for PDM2PCM
2024-06-06 21:32:59,680 [INFO] CADModel:165 - CPN selected for project levelSTM32F767ZIT6
2024-06-06 21:32:59,680 [INFO] CADModel:114 - Register for checkConnection events
2024-06-06 21:32:59,732 [INFO] OpenFileManager:343 - Restore cursor
2024-06-06 21:33:39,798 [INFO] UtilMem:75 - End SaveConfig() Used Memory: 533257656 Bytes (735051776)
2024-06-06 21:33:40,851 [INFO] UtilMem:75 - End SaveConfig() Used Memory: 569435576 Bytes (735051776)
2024-06-06 21:33:45,470 [INFO] UtilMem:75 - End SaveConfig() Used Memory: 269413816 Bytes (735051776)
2024-06-06 21:33:45,893 [INFO] BlockDiagram:2759 - set Specific Code input for plugin: SYS
2024-06-06 21:33:45,893 [INFO] BlockDiagram:2759 - set Specific Code input for plugin: RCC
2024-06-06 21:33:45,893 [INFO] BlockDiagram:2759 - set Specific Code input for plugin: NVIC
2024-06-06 21:33:45,893 [INFO] BlockDiagram:2759 - set Specific Code input for plugin: USART
2024-06-06 21:33:45,893 [INFO] BlockDiagram:2759 - set Specific Code input for plugin: CORTEX_M7
2024-06-06 21:33:45,893 [INFO] BlockDiagram:2759 - set Specific Code input for plugin: DMA
2024-06-06 21:33:45,894 [INFO] BlockDiagram:2759 - set Specific Code input for plugin: UART
2024-06-06 21:33:45,894 [INFO] BlockDiagram:2759 - set Specific Code input for plugin: GPIO
2024-06-06 21:33:45,896 [INFO] CodeGenerator:807 - code generatio: config db path: C:\ST\STM32CubeIDE_1.15.0\STM32CubeIDE\plugins\com.st.stm32cube.common.mx_6.11.1.202404110753\\db\
2024-06-06 21:33:46,105 [INFO] CodeEngine:255 - oldGeneratedFile, C:\Users\harun\Documents\GitHub\Personal-Projects\microFlipper\WifiModule\ESP_WIFI\MXTmpFiles\license.tmp_save
2024-06-06 21:33:46,431 [INFO] CodeEngine:279 - Generated code: C:\Users\harun\Documents\GitHub\Personal-Projects\microFlipper\WifiModule\ESP_WIFI\MXTmpFiles\license.tmp
2024-06-06 21:33:46,522 [INFO] CodeEngine:255 - oldGeneratedFile, C:\Users\harun\Documents\GitHub\Personal-Projects\microFlipper\WifiModule\ESP_WIFI\MXTmpFiles\gpio.tmp_save
2024-06-06 21:33:46,675 [INFO] CodeEngine:279 - Generated code: C:\Users\harun\Documents\GitHub\Personal-Projects\microFlipper\WifiModule\ESP_WIFI\MXTmpFiles\gpio.tmp
2024-06-06 21:33:46,896 [INFO] CodeEngine:255 - oldGeneratedFile, C:\Users\harun\Documents\GitHub\Personal-Projects\microFlipper\WifiModule\ESP_WIFI\MXTmpFiles\cortex.tmp_save
2024-06-06 21:33:47,000 [INFO] CodeEngine:279 - Generated code: C:\Users\harun\Documents\GitHub\Personal-Projects\microFlipper\WifiModule\ESP_WIFI\MXTmpFiles\cortex.tmp
2024-06-06 21:33:47,029 [INFO] CodeEngine:255 - oldGeneratedFile, C:\Users\harun\Documents\GitHub\Personal-Projects\microFlipper\WifiModule\ESP_WIFI\MXTmpFiles\dma.tmp_save
2024-06-06 21:33:47,129 [INFO] CodeEngine:279 - Generated code: C:\Users\harun\Documents\GitHub\Personal-Projects\microFlipper\WifiModule\ESP_WIFI\MXTmpFiles\dma.tmp
2024-06-06 21:33:47,141 [INFO] CodeEngine:255 - oldGeneratedFile, C:\Users\harun\Documents\GitHub\Personal-Projects\microFlipper\WifiModule\ESP_WIFI\MXTmpFiles\dma_GV.tmp_save
2024-06-06 21:33:47,207 [INFO] CodeEngine:279 - Generated code: C:\Users\harun\Documents\GitHub\Personal-Projects\microFlipper\WifiModule\ESP_WIFI\MXTmpFiles\dma_GV.tmp
2024-06-06 21:33:47,242 [INFO] CodeEngine:255 - oldGeneratedFile, C:\Users\harun\Documents\GitHub\Personal-Projects\microFlipper\WifiModule\ESP_WIFI\Core\Src\stm32f7xx_it.c_save
2024-06-06 21:33:47,393 [INFO] CodeEngine:279 - Generated code: C:\Users\harun\Documents\GitHub\Personal-Projects\microFlipper\WifiModule\ESP_WIFI\Core\Src\stm32f7xx_it.c
2024-06-06 21:33:47,414 [INFO] CodeEngine:255 - oldGeneratedFile, C:\Users\harun\Documents\GitHub\Personal-Projects\microFlipper\WifiModule\ESP_WIFI\Core\Inc\stm32f7xx_it.h_save
2024-06-06 21:33:47,495 [INFO] CodeEngine:279 - Generated code: C:\Users\harun\Documents\GitHub\Personal-Projects\microFlipper\WifiModule\ESP_WIFI\Core\Inc\stm32f7xx_it.h
2024-06-06 21:33:47,534 [INFO] CodeEngine:255 - oldGeneratedFile, C:\Users\harun\Documents\GitHub\Personal-Projects\microFlipper\WifiModule\ESP_WIFI\Core\Src\stm32f7xx_hal_msp.c_save
2024-06-06 21:33:47,674 [INFO] CodeEngine:279 - Generated code: C:\Users\harun\Documents\GitHub\Personal-Projects\microFlipper\WifiModule\ESP_WIFI\Core\Src\stm32f7xx_hal_msp.c
2024-06-06 21:33:47,688 [INFO] CodeEngine:255 - oldGeneratedFile, C:\Users\harun\Documents\GitHub\Personal-Projects\microFlipper\WifiModule\ESP_WIFI\MXTmpFiles\system.tmp_save
2024-06-06 21:33:47,768 [INFO] CodeEngine:279 - Generated code: C:\Users\harun\Documents\GitHub\Personal-Projects\microFlipper\WifiModule\ESP_WIFI\MXTmpFiles\system.tmp
2024-06-06 21:33:47,795 [INFO] CodeEngine:311 - oldGeneratedFile, C:\Users\harun\Documents\GitHub\Personal-Projects\microFlipper\WifiModule\ESP_WIFI\Core\Inc\stm32f7xx_hal_conf.h_save
2024-06-06 21:33:47,898 [INFO] CodeEngine:335 - Generated code: C:\Users\harun\Documents\GitHub\Personal-Projects\microFlipper\WifiModule\ESP_WIFI\Core\Inc\stm32f7xx_hal_conf.h
2024-06-06 21:33:47,955 [INFO] CodeEngine:255 - oldGeneratedFile, C:\Users\harun\Documents\GitHub\Personal-Projects\microFlipper\WifiModule\ESP_WIFI\Core\Inc\main.h_save
2024-06-06 21:33:48,048 [INFO] CodeEngine:279 - Generated code: C:\Users\harun\Documents\GitHub\Personal-Projects\microFlipper\WifiModule\ESP_WIFI\Core\Inc\main.h
2024-06-06 21:33:48,073 [INFO] CodeEngine:255 - oldGeneratedFile, C:\Users\harun\Documents\GitHub\Personal-Projects\microFlipper\WifiModule\ESP_WIFI\Core\Src\main.c_save
2024-06-06 21:33:48,228 [INFO] CodeEngine:279 - Generated code: C:\Users\harun\Documents\GitHub\Personal-Projects\microFlipper\WifiModule\ESP_WIFI\Core\Src\main.c
2024-06-06 21:33:48,668 [INFO] ProjectBuilder:3163 - Time for Copy HAL[1] : 195mS.
2024-06-06 21:33:48,674 [INFO] ProjectBuilder:4736 - Project Generator version: 4.3.0-B58
2024-06-06 21:33:48,745 [INFO] ConfigFileManager:1503 - The Die is : DIE451
2024-06-06 21:33:48,761 [INFO] ApiDbMcu:508 - Load IP Config File for FATFS
2024-06-06 21:33:48,773 [INFO] ApiDbMcu:508 - Load IP Config File for FREERTOS
2024-06-06 21:33:48,783 [INFO] ApiDbMcu:508 - Load IP Config File for LIBJPEG
2024-06-06 21:33:48,796 [INFO] ApiDbMcu:508 - Load IP Config File for LWIP
2024-06-06 21:33:48,809 [INFO] ApiDbMcu:508 - Load IP Config File for MBEDTLS
2024-06-06 21:33:48,823 [INFO] ApiDbMcu:508 - Load IP Config File for USB_DEVICE
2024-06-06 21:33:48,833 [INFO] ApiDbMcu:508 - Load IP Config File for USB_HOST
2024-06-06 21:33:49,409 [INFO] LogOutputStream:77 - [STDOUT_REDIRECT] 
2024-06-06 21:33:51,318 [INFO] ProjectBuilder:5002 - Time for Generating toolchain IDE Files: 2644mS.
2024-06-06 21:33:51,320 [INFO] ProjectBuilder:3034 - Time for Copy CMSIS : 1mS.
2024-06-06 21:33:51,325 [INFO] ProjectBuilder:3034 - Time for Copy CMSIS : 0mS.
2024-06-06 22:02:28,561 [ERROR] LogOutputStream:75 - [STDERR_REDIRECT] 
