2024-05-23 21:25:15,026 [INFO] Activator:176 - 


2024-05-23 21:25:15,033 [INFO] Activator:177 - !SESSION log4j initialized
2024-05-23 21:25:20,000 [INFO] LogOutputStream:77 - [STDOUT_REDIRECT] 
2024-05-23 21:25:22,164 [INFO] ApplicationProperties:184 - Using Application install path: C:\ST\STM32CubeIDE_1.15.0\STM32CubeIDE\plugins\com.st.stm32cube.common.mx_6.11.1.202404110753
2024-05-23 21:25:22,178 [INFO] DbMcusXml:78 - Set database path to: C:\ST\STM32CubeIDE_1.15.0\STM32CubeIDE\plugins\com.st.stm32cube.common.mx_6.11.1.202404110753\\db\/mcu/
2024-05-23 21:25:22,179 [INFO] ApiDb:274 - Set plugin database path to: C:\ST\STM32CubeIDE_1.15.0\STM32CubeIDE\plugins\com.st.stm32cube.common.mx_6.11.1.202404110753\\db\/plugins/boardmanager/
2024-05-23 21:25:22,179 [WARN] ApiDb:259 - Overriding images path with different value:  => C:\ST\STM32CubeIDE_1.15.0\STM32CubeIDE\plugins\com.st.stm32cube.common.mx_6.11.1.202404110753\\db\/plugins/mcufinder/images/
2024-05-23 21:25:22,186 [INFO] ApiDb:250 - Set database path to: C:\Users\harun\.stmcufinder\plugins\mcufinder//mcu/
2024-05-23 21:25:22,187 [INFO] DbMcusAds:125 - Set database path to: C:\Users\harun\.stmcufinder\plugins\mcufinder//mcu/
2024-05-23 21:25:22,189 [INFO] CrossReferenceDbSqlite:203 - Set database path to: C:\Users\harun\.stmcufinder\plugins\mcufinder//mcu/cs/
2024-05-23 21:25:22,293 [INFO] RulesReader:64 - Compatibility file has been processed (297 Rules)
2024-05-23 21:25:22,395 [INFO] DbMcusXml:78 - Set database path to: C:\ST\STM32CubeIDE_1.15.0\STM32CubeIDE\plugins\com.st.stm32cube.common.mx_6.11.1.202404110753\\db\/mcu/
2024-05-23 21:25:22,396 [INFO] ApiDb:274 - Set plugin database path to: C:\ST\STM32CubeIDE_1.15.0\STM32CubeIDE\plugins\com.st.stm32cube.common.mx_6.11.1.202404110753\\db\/plugins/boardmanager/
2024-05-23 21:25:22,396 [INFO] ApiDb:261 - Set plugin images path to: C:\ST\STM32CubeIDE_1.15.0\STM32CubeIDE\plugins\com.st.stm32cube.common.mx_6.11.1.202404110753\\db\/plugins/mcufinder/images/
2024-05-23 21:25:22,396 [WARN] DbFile:41 - Overriding database path with different value: C:\Users\harun\.stmcufinder\plugins\mcufinder/ => C:\Users\harun\.stmcufinder\plugins\mcufinder
2024-05-23 21:25:22,396 [INFO] ApiDb:250 - Set database path to: C:\Users\harun\.stmcufinder\plugins\mcufinder//mcu/
2024-05-23 21:25:22,396 [WARN] DbFile:41 - Overriding database path with different value: C:\Users\harun\.stmcufinder\plugins\mcufinder/ => C:\Users\harun\.stmcufinder\plugins\mcufinder
2024-05-23 21:25:22,396 [INFO] DbMcusAds:125 - Set database path to: C:\Users\harun\.stmcufinder\plugins\mcufinder//mcu/
2024-05-23 21:25:22,396 [WARN] DbFile:41 - Overriding database path with different value: C:\Users\harun\.stmcufinder\plugins\mcufinder/ => C:\Users\harun\.stmcufinder\plugins\mcufinder
2024-05-23 21:25:22,396 [WARN] DbFile:41 - Overriding database path with different value: C:\Users\harun\.stmcufinder\plugins\mcufinder/ => C:\Users\harun\.stmcufinder\plugins\mcufinder
2024-05-23 21:25:22,396 [INFO] CrossReferenceDbSqlite:203 - Set database path to: C:\Users\harun\.stmcufinder\plugins\mcufinder//mcu/cs/
2024-05-23 21:25:22,469 [INFO] MainPanel:264 - HeapMemory: 268435456
2024-05-23 21:25:22,554 [INFO] DbMcusXml:78 - Set database path to: C:\ST\STM32CubeIDE_1.15.0\STM32CubeIDE\plugins\com.st.stm32cube.common.mx_6.11.1.202404110753\\db\/mcu/
2024-05-23 21:25:22,554 [INFO] ApiDb:274 - Set plugin database path to: C:\ST\STM32CubeIDE_1.15.0\STM32CubeIDE\plugins\com.st.stm32cube.common.mx_6.11.1.202404110753\\db\/plugins/boardmanager/
2024-05-23 21:25:22,554 [INFO] ApiDb:261 - Set plugin images path to: C:\ST\STM32CubeIDE_1.15.0\STM32CubeIDE\plugins\com.st.stm32cube.common.mx_6.11.1.202404110753\\db\/plugins/mcufinder/images/
2024-05-23 21:25:22,555 [WARN] DbFile:41 - Overriding database path with different value: C:\Users\harun\.stmcufinder\plugins\mcufinder/ => C:\Users\harun\.stmcufinder\plugins\mcufinder
2024-05-23 21:25:22,555 [INFO] ApiDb:250 - Set database path to: C:\Users\harun\.stmcufinder\plugins\mcufinder//mcu/
2024-05-23 21:25:22,555 [WARN] DbFile:41 - Overriding database path with different value: C:\Users\harun\.stmcufinder\plugins\mcufinder/ => C:\Users\harun\.stmcufinder\plugins\mcufinder
2024-05-23 21:25:22,555 [INFO] DbMcusAds:125 - Set database path to: C:\Users\harun\.stmcufinder\plugins\mcufinder//mcu/
2024-05-23 21:25:22,555 [WARN] DbFile:41 - Overriding database path with different value: C:\Users\harun\.stmcufinder\plugins\mcufinder/ => C:\Users\harun\.stmcufinder\plugins\mcufinder
2024-05-23 21:25:22,555 [WARN] DbFile:41 - Overriding database path with different value: C:\Users\harun\.stmcufinder\plugins\mcufinder/ => C:\Users\harun\.stmcufinder\plugins\mcufinder
2024-05-23 21:25:22,555 [INFO] CrossReferenceDbSqlite:203 - Set database path to: C:\Users\harun\.stmcufinder\plugins\mcufinder//mcu/cs/
2024-05-23 21:25:22,571 [INFO] ApplicationProperties:184 - Using Application install path: C:\ST\STM32CubeIDE_1.15.0\STM32CubeIDE\plugins\com.st.stm32cube.common.mx_6.11.1.202404110753
2024-05-23 21:25:22,572 [INFO] PluginManage:196 - Search for loadable plugins [exclusion list=, ]
2024-05-23 21:25:22,574 [INFO] PluginManage:310 - Check plugin analytics
2024-05-23 21:25:22,715 [INFO] AnalyticsPlugin:253 - Accepted Software Licenses: 
2024-05-23 21:25:22,715 [INFO] AnalyticsPlugin:255 - Accepted CMSIS Pack Licenses: 
2024-05-23 21:25:22,715 [INFO] AnalyticsPlugin:257 - Accepted Firmware Licenses: FW.F7.1.17.0
2024-05-23 21:25:22,718 [INFO] PluginManage:359 - Loaded plugin analytics (category:tool,tabindex:-1)
2024-05-23 21:25:22,718 [INFO] PluginManage:310 - Check plugin cadmodel
2024-05-23 21:25:22,765 [INFO] CADModel:105 - Init CAD model plugin
2024-05-23 21:25:22,765 [INFO] PluginManage:359 - Loaded plugin cadmodel (category:power,tabindex:5)
2024-05-23 21:25:22,765 [INFO] PluginManage:310 - Check plugin clock
2024-05-23 21:25:22,784 [INFO] PluginManage:359 - Loaded plugin clock (category:base,tabindex:2)
2024-05-23 21:25:22,785 [INFO] PluginManage:310 - Check plugin ddr
2024-05-23 21:25:22,787 [INFO] PluginManage:359 - Loaded plugin ddr (category:tool,tabindex:6)
2024-05-23 21:25:22,787 [INFO] PluginManage:310 - Check plugin filemanager
2024-05-23 21:25:22,911 [INFO] PluginManage:359 - Loaded plugin filemanager (category:base,tabindex:10)
2024-05-23 21:25:22,912 [INFO] PluginManage:310 - Check plugin ipmanager
2024-05-23 21:25:22,919 [INFO] PluginManage:359 - Loaded plugin ipmanager (category:base,tabindex:5)
2024-05-23 21:25:22,919 [INFO] PluginManage:310 - Check plugin lpbam
2024-05-23 21:25:22,934 [INFO] PluginManage:359 - Loaded plugin lpbam (category:base,tabindex:0)
2024-05-23 21:25:22,934 [INFO] PluginManage:310 - Check plugin memorymap
2024-05-23 21:25:22,954 [INFO] PluginManage:359 - Loaded plugin memorymap (category:base,tabindex:4)
2024-05-23 21:25:22,954 [INFO] PluginManage:310 - Check plugin pinoutandconfiguration
2024-05-23 21:25:22,968 [INFO] PluginManage:359 - Loaded plugin pinoutandconfiguration (category:base,tabindex:1)
2024-05-23 21:25:22,968 [INFO] PluginManage:310 - Check plugin pinoutconfig
2024-05-23 21:25:23,072 [WARN] SupportedApi:132 - Cannot load RTOS API schema: s4s-elt-must-match.1: The content of 'definitions' must match (annotation?, (simpleType | complexType)?, (unique | key | keyref)*)). A problem was found starting at: attribute.
2024-05-23 21:25:23,256 [INFO] PluginManage:359 - Loaded plugin pinoutconfig (category:base,tabindex:0)
2024-05-23 21:25:23,256 [INFO] PluginManage:310 - Check plugin power
2024-05-23 21:25:23,284 [INFO] PluginManage:359 - Loaded plugin power (category:power,tabindex:4)
2024-05-23 21:25:23,285 [INFO] PluginManage:310 - Check plugin projectmanager
2024-05-23 21:25:23,305 [INFO] PluginManage:359 - Loaded plugin projectmanager (category:projectmanager,tabindex:3)
2024-05-23 21:25:23,305 [INFO] PluginManage:310 - Check plugin thirdparty
2024-05-23 21:25:23,591 [INFO] PluginManage:359 - Loaded plugin thirdparty (category:base,tabindex:-1)
2024-05-23 21:25:23,591 [WARN] IntegrityCheckThread:84 - waiting for thirdparty lock release [integrity check]
2024-05-23 21:25:23,591 [INFO] PluginManage:310 - Check plugin tools
2024-05-23 21:25:23,591 [INFO] IntegrityCheckThread:86 - entering critical section [integrity check]
2024-05-23 21:25:23,592 [INFO] ThirdPartyUpdaterWithRetryManager:70 - Updater plugin not ready yet. [1/15]
2024-05-23 21:25:23,629 [INFO] PluginManage:359 - Loaded plugin tools (category:base,tabindex:7)
2024-05-23 21:25:23,629 [INFO] PluginManage:310 - Check plugin tutovideos
2024-05-23 21:25:23,840 [INFO] PluginManage:359 - Loaded plugin tutovideos (category:base,tabindex:-1)
2024-05-23 21:25:23,840 [INFO] PluginManage:310 - Check plugin updater
2024-05-23 21:25:23,852 [INFO] PluginManage:359 - Loaded plugin updater (category:base,tabindex:12)
2024-05-23 21:25:23,852 [INFO] PluginManage:310 - Check plugin userauth
2024-05-23 21:25:23,858 [INFO] UserAuth:114 - Init User Auth plugin
2024-05-23 21:25:23,858 [INFO] PluginManage:359 - Loaded plugin userauth (category:base,tabindex:14)
2024-05-23 21:25:23,859 [INFO] PluginManage:283 - PluginManage : Loaded plugins [17]
2024-05-23 21:25:24,082 [INFO] PinOutPanel:1561 - setPackage(No Configuration,No Configuration)
2024-05-23 21:25:24,168 [INFO] CADModel:165 - CPN selected for project level
2024-05-23 21:25:24,168 [INFO] CADModel:114 - Register for checkConnection events
2024-05-23 21:25:24,190 [INFO] IPUIPlugin:80 - create IPUIPlugin
2024-05-23 21:25:24,190 [INFO] PluginManager:220 - loadIPPluginJar : add adc
2024-05-23 21:25:24,218 [INFO] IPUIPlugin:80 - create IPUIPlugin
2024-05-23 21:25:24,218 [INFO] PluginManager:220 - loadIPPluginJar : add aes
2024-05-23 21:25:24,251 [INFO] IPUIPlugin:80 - create IPUIPlugin
2024-05-23 21:25:24,251 [INFO] PluginManager:220 - loadIPPluginJar : add can
2024-05-23 21:25:24,270 [INFO] IPUIPlugin:80 - create IPUIPlugin
2024-05-23 21:25:24,271 [INFO] PluginManager:220 - loadIPPluginJar : add comp
2024-05-23 21:25:24,297 [INFO] IPUIPlugin:80 - create IPUIPlugin
2024-05-23 21:25:24,297 [INFO] PluginManager:220 - loadIPPluginJar : add cryp
2024-05-23 21:25:24,323 [INFO] IPUIPlugin:80 - create IPUIPlugin
2024-05-23 21:25:24,323 [INFO] PluginManager:220 - loadIPPluginJar : add dfsdm
2024-05-23 21:25:24,336 [INFO] IPUIPlugin:80 - create IPUIPlugin
2024-05-23 21:25:24,336 [INFO] PluginManager:220 - loadIPPluginJar : add dma
2024-05-23 21:25:24,374 [INFO] IPUIPlugin:80 - create IPUIPlugin
2024-05-23 21:25:24,375 [INFO] PluginManager:220 - loadIPPluginJar : add dma3
2024-05-23 21:25:24,410 [INFO] IPUIPlugin:80 - create IPUIPlugin
2024-05-23 21:25:24,410 [INFO] PluginManager:220 - loadIPPluginJar : add extmemmanager
2024-05-23 21:25:24,430 [INFO] IPUIPlugin:80 - create IPUIPlugin
2024-05-23 21:25:24,430 [INFO] PluginManager:220 - loadIPPluginJar : add fatfs
2024-05-23 21:25:24,481 [INFO] IPUIPlugin:80 - create IPUIPlugin
2024-05-23 21:25:24,482 [INFO] PluginManager:220 - loadIPPluginJar : add fmc
2024-05-23 21:25:24,495 [INFO] IPUIPlugin:80 - create IPUIPlugin
2024-05-23 21:25:24,495 [INFO] PluginManager:220 - loadIPPluginJar : add freertos
2024-05-23 21:25:24,512 [INFO] IPUIPlugin:80 - create IPUIPlugin
2024-05-23 21:25:24,512 [INFO] PluginManager:220 - loadIPPluginJar : add genericplugin
2024-05-23 21:25:24,581 [INFO] IPUIPlugin:80 - create IPUIPlugin
2024-05-23 21:25:24,581 [INFO] PluginManager:220 - loadIPPluginJar : add gfxmmu
2024-05-23 21:25:24,677 [INFO] IPUIPlugin:80 - create IPUIPlugin
2024-05-23 21:25:24,677 [INFO] PluginManager:220 - loadIPPluginJar : add gic
2024-05-23 21:25:24,688 [INFO] IPUIPlugin:80 - create IPUIPlugin
2024-05-23 21:25:24,688 [INFO] PluginManager:220 - loadIPPluginJar : add gpio
2024-05-23 21:25:24,759 [INFO] IPUIPlugin:80 - create IPUIPlugin
2024-05-23 21:25:24,759 [INFO] PluginManager:220 - loadIPPluginJar : add gtzc
2024-05-23 21:25:24,789 [INFO] IPUIPlugin:80 - create IPUIPlugin
2024-05-23 21:25:24,789 [INFO] PluginManager:220 - loadIPPluginJar : add hash
2024-05-23 21:25:24,830 [INFO] IPUIPlugin:80 - create IPUIPlugin
2024-05-23 21:25:24,830 [INFO] PluginManager:220 - loadIPPluginJar : add i2c
2024-05-23 21:25:24,862 [INFO] IPUIPlugin:80 - create IPUIPlugin
2024-05-23 21:25:24,862 [INFO] PluginManager:220 - loadIPPluginJar : add i2s
2024-05-23 21:25:24,892 [INFO] IPUIPlugin:80 - create IPUIPlugin
2024-05-23 21:25:24,892 [INFO] PluginManager:220 - loadIPPluginJar : add i3c
2024-05-23 21:25:24,974 [INFO] IPUIPlugin:80 - create IPUIPlugin
2024-05-23 21:25:24,974 [INFO] PluginManager:220 - loadIPPluginJar : add ipddr
2024-05-23 21:25:25,049 [INFO] IPUIPlugin:80 - create IPUIPlugin
2024-05-23 21:25:25,049 [INFO] PluginManager:220 - loadIPPluginJar : add linkedlist
2024-05-23 21:25:25,079 [INFO] IPUIPlugin:80 - create IPUIPlugin
2024-05-23 21:25:25,079 [INFO] PluginManager:220 - loadIPPluginJar : add lorawan
2024-05-23 21:25:25,108 [INFO] IPUIPlugin:80 - create IPUIPlugin
2024-05-23 21:25:25,108 [INFO] PluginManager:220 - loadIPPluginJar : add ltdc
2024-05-23 21:25:25,119 [INFO] IPUIPlugin:80 - create IPUIPlugin
2024-05-23 21:25:25,120 [INFO] PluginManager:220 - loadIPPluginJar : add mdma
2024-05-23 21:25:25,131 [INFO] IPUIPlugin:80 - create IPUIPlugin
2024-05-23 21:25:25,131 [INFO] PluginManager:220 - loadIPPluginJar : add nvic
2024-05-23 21:25:25,161 [INFO] IPUIPlugin:80 - create IPUIPlugin
2024-05-23 21:25:25,161 [INFO] PluginManager:220 - loadIPPluginJar : add opamp
2024-05-23 21:25:25,206 [INFO] IPUIPlugin:80 - create IPUIPlugin
2024-05-23 21:25:25,207 [INFO] PluginManager:220 - loadIPPluginJar : add openamp
2024-05-23 21:25:25,239 [INFO] IPUIPlugin:80 - create IPUIPlugin
2024-05-23 21:25:25,239 [INFO] PluginManager:220 - loadIPPluginJar : add pdm2pcm
2024-05-23 21:25:25,250 [INFO] IPUIPlugin:80 - create IPUIPlugin
2024-05-23 21:25:25,252 [INFO] PluginManager:220 - loadIPPluginJar : add plateformsettings
2024-05-23 21:25:25,269 [INFO] IPUIPlugin:80 - create IPUIPlugin
2024-05-23 21:25:25,269 [INFO] PluginManager:220 - loadIPPluginJar : add quadspi
2024-05-23 21:25:25,280 [INFO] IPUIPlugin:80 - create IPUIPlugin
2024-05-23 21:25:25,280 [INFO] PluginManager:220 - loadIPPluginJar : add resmgrutility
2024-05-23 21:25:25,317 [INFO] IPUIPlugin:80 - create IPUIPlugin
2024-05-23 21:25:25,317 [INFO] PluginManager:220 - loadIPPluginJar : add sai
2024-05-23 21:25:25,347 [INFO] IPUIPlugin:80 - create IPUIPlugin
2024-05-23 21:25:25,347 [INFO] PluginManager:220 - loadIPPluginJar : add spi
2024-05-23 21:25:25,399 [INFO] IPUIPlugin:80 - create IPUIPlugin
2024-05-23 21:25:25,399 [INFO] PluginManager:220 - loadIPPluginJar : add stm32_wpan
2024-05-23 21:25:25,416 [INFO] IPUIPlugin:80 - create IPUIPlugin
2024-05-23 21:25:25,416 [INFO] PluginManager:220 - loadIPPluginJar : add tim
2024-05-23 21:25:25,459 [INFO] IPUIPlugin:80 - create IPUIPlugin
2024-05-23 21:25:25,459 [INFO] PluginManager:220 - loadIPPluginJar : add touchsensing
2024-05-23 21:25:25,478 [INFO] IPUIPlugin:80 - create IPUIPlugin
2024-05-23 21:25:25,478 [INFO] PluginManager:220 - loadIPPluginJar : add tracer_emb
2024-05-23 21:25:25,495 [INFO] IPUIPlugin:80 - create IPUIPlugin
2024-05-23 21:25:25,496 [INFO] PluginManager:220 - loadIPPluginJar : add ts
2024-05-23 21:25:25,513 [INFO] IPUIPlugin:80 - create IPUIPlugin
2024-05-23 21:25:25,513 [INFO] PluginManager:220 - loadIPPluginJar : add tsc
2024-05-23 21:25:25,530 [INFO] IPUIPlugin:80 - create IPUIPlugin
2024-05-23 21:25:25,530 [INFO] PluginManager:220 - loadIPPluginJar : add ucpd
2024-05-23 21:25:25,564 [INFO] IPUIPlugin:80 - create IPUIPlugin
2024-05-23 21:25:25,564 [INFO] PluginManager:220 - loadIPPluginJar : add usart
2024-05-23 21:25:25,599 [INFO] IPUIPlugin:80 - create IPUIPlugin
2024-05-23 21:25:25,599 [INFO] PluginManager:220 - loadIPPluginJar : add usbx
2024-05-23 21:25:25,714 [INFO] CADModel:165 - CPN selected for project level
2024-05-23 21:25:25,714 [INFO] CADModel:114 - Register for checkConnection events
2024-05-23 21:25:25,714 [FATAL] Updater:308 - Updater called before beeing initialized
2024-05-23 21:25:25,714 [ERROR] CADModel:125 - Updater not yet initialized, retry later 
2024-05-23 21:25:25,829 [INFO] CADModel:165 - CPN selected for project level
2024-05-23 21:25:25,829 [INFO] CADModel:114 - Register for checkConnection events
2024-05-23 21:25:25,829 [FATAL] Updater:308 - Updater called before beeing initialized
2024-05-23 21:25:25,829 [ERROR] CADModel:125 - Updater not yet initialized, retry later 
2024-05-23 21:25:25,832 [FATAL] Updater:308 - Updater called before beeing initialized
2024-05-23 21:25:25,922 [FATAL] Updater:308 - Updater called before beeing initialized
2024-05-23 21:25:25,937 [INFO] DbMcusAds:53 - JSON generation date=Thu May 02 04:37:29 EDT 2024 (1714639049318)
2024-05-23 21:25:25,937 [FATAL] Updater:308 - Updater called before beeing initialized
2024-05-23 21:25:25,972 [WARN] DetailPanel:346 - Failed to get advertising image, set to default
2024-05-23 21:25:26,094 [FATAL] Updater:308 - Updater called before beeing initialized
2024-05-23 21:25:26,096 [FATAL] Updater:308 - Updater called before beeing initialized
2024-05-23 21:25:26,096 [FATAL] Updater:308 - Updater called before beeing initialized
2024-05-23 21:25:26,096 [WARN] DetailPanel:346 - Failed to get advertising image, set to default
2024-05-23 21:25:26,097 [FATAL] Updater:308 - Updater called before beeing initialized
2024-05-23 21:25:26,152 [ERROR] Updater:1120 - MainUpdater not yet initialized. External WinMGr cannot be set.
2024-05-23 21:25:26,162 [INFO] Updater:1056 - Updater Version found : 6.11.1
2024-05-23 21:25:26,177 [INFO] ApplicationProperties:184 - Using Application install path: C:\ST\STM32CubeIDE_1.15.0\STM32CubeIDE\plugins\com.st.stm32cube.common.mx_6.11.1.202404110753
2024-05-23 21:25:26,604 [INFO] ThirdPartyUpdaterWithRetryManager:70 - Updater plugin not ready yet. [2/15]
2024-05-23 21:25:27,756 [ERROR] LogOutputStream:75 - [STDERR_REDIRECT] May 23, 2024 9:25:27 PM java.util.prefs.WindowsPreferences <init>
2024-05-23 21:25:27,756 [ERROR] LogOutputStream:75 - [STDERR_REDIRECT] WARNING: Could not open/create prefs root node Software\JavaSoft\Prefs at root 0xffffffff80000002. Windows RegCreateKeyEx(...) returned error code 5.
2024-05-23 21:25:27,756 [ERROR] LogOutputStream:75 - [STDERR_REDIRECT] 
2024-05-23 21:25:28,313 [INFO] MainUpdater:2873 - connection check result : 10
2024-05-23 21:25:28,313 [INFO] MainUpdater:290 - Updater Check For Update Now.
2024-05-23 21:25:28,313 [INFO] MicroXplorer:498 - Change Database Version : DB.6.0.111
2024-05-23 21:25:28,329 [INFO] McuFinderGlobals:63 - Set McuFinder mode to 2 (CubeIDE integrated)
2024-05-23 21:25:28,339 [INFO] UserAuth:415 - Internet connection configuration mode: 1
2024-05-23 21:25:28,389 [INFO] JxBrowserEngine:152 - Initiate JxBrowser Engine with user profile folder
2024-05-23 21:25:28,505 [INFO] CheckServerUpdateThread:120 - End of CheckServer Thread
2024-05-23 21:25:29,830 [WARN] PackLoader:240 - Cannot read IP mode file for STMicroelectronics.FP-SNS-MOTENVWB1.1.4.0
2024-05-23 21:25:29,851 [WARN] PackLoader:240 - Cannot read IP mode file for STMicroelectronics.X-CUBE-SMBUS.2.1.0
2024-05-23 21:25:29,862 [WARN] PackLoader:240 - Cannot read IP mode file for STMicroelectronics.X-CUBE-TOUCHGFX.4.23.2
2024-05-23 21:25:29,910 [WARN] PackLoader:240 - Cannot read IP mode file for STMicroelectronics.X-CUBE-AZRTOS-F7.1.1.0
2024-05-23 21:25:29,939 [WARN] PackLoader:240 - Cannot read IP mode file for STMicroelectronics.FP-SNS-FLIGHT1.5.0.2
2024-05-23 21:25:29,955 [WARN] PackLoader:240 - Cannot read IP mode file for STMicroelectronics.X-CUBE-DISPLAY.3.0.0
2024-05-23 21:25:29,972 [WARN] PackLoader:240 - Cannot read IP mode file for STMicroelectronics.X-CUBE-BLE1.7.0.0
2024-05-23 21:25:29,988 [WARN] PackLoader:240 - Cannot read IP mode file for emotas.I-CUBE-CANOPEN.1.3.0
2024-05-23 21:25:30,005 [WARN] PackLoader:240 - Cannot read IP mode file for STMicroelectronics.X-CUBE-BLEMGR.3.1.0
2024-05-23 21:25:30,022 [WARN] PackLoader:240 - Cannot read IP mode file for STMicroelectronics.FP-SNS-SMARTAG2.1.2.0
2024-05-23 21:25:30,038 [INFO] LogOutputStream:77 - [STDOUT_REDIRECT] 1 : Invalid condition id : UX_CORESTACK_Condition cause : null
2024-05-23 21:25:30,038 [INFO] LogOutputStream:77 - [STDOUT_REDIRECT] 1 : Invalid condition id : UX_CORESTACK_Condition cause : null
2024-05-23 21:25:30,038 [INFO] LogOutputStream:77 - [STDOUT_REDIRECT] 1 : Invalid condition id : UX_CORESTACK_Condition cause : null
2024-05-23 21:25:30,038 [INFO] LogOutputStream:77 - [STDOUT_REDIRECT] 1 : Invalid condition id : UX_CORESTACK_Condition cause : null
2024-05-23 21:25:30,038 [INFO] LogOutputStream:77 - [STDOUT_REDIRECT] 1 : Invalid condition id : UX_CORESTACK_Condition cause : null
2024-05-23 21:25:30,038 [WARN] PackLoader:240 - Cannot read IP mode file for STMicroelectronics.X-CUBE-AZRTOS-WL.2.0.0
2024-05-23 21:25:30,055 [WARN] PackLoader:240 - Cannot read IP mode file for WES.I-CUBE-Cesium.1.3.0
2024-05-23 21:25:30,072 [WARN] PackLoader:240 - Cannot read IP mode file for STMicroelectronics.X-CUBE-BLE2.3.3.0
2024-05-23 21:25:30,091 [WARN] PackLoader:240 - Cannot read IP mode file for STMicroelectronics.X-CUBE-TCPP.4.1.0
2024-05-23 21:25:30,105 [WARN] PackLoader:240 - Cannot read IP mode file for STMicroelectronics.X-CUBE-ALGOBUILD.1.3.0
2024-05-23 21:25:30,138 [WARN] PackLoader:240 - Cannot read IP mode file for STMicroelectronics.X-CUBE-AZRTOS-G0.1.1.0
2024-05-23 21:25:30,155 [WARN] PackLoader:240 - Cannot read IP mode file for STMicroelectronics.X-CUBE-SAFEA1.1.2.2
2024-05-23 21:25:30,155 [WARN] PackLoader:240 - Cannot read IP mode file for STMicroelectronics.X-CUBE-NFC4.3.0.0
2024-05-23 21:25:30,172 [WARN] PackLoader:240 - Cannot read IP mode file for wolfSSL.I-CUBE-wolfSSL.5.7.0
2024-05-23 21:25:30,188 [WARN] PackLoader:240 - Cannot read IP mode file for STMicroelectronics.FP-ATR-SIGFOX1.3.2.0
2024-05-23 21:25:30,199 [WARN] PackLoader:240 - Cannot read IP mode file for STMicroelectronics.X-CUBE-EEPRMA1.5.1.0
2024-05-23 21:25:30,205 [WARN] PackLoader:240 - Cannot read IP mode file for ITTIA_DB.I-CUBE-ITTIADB.8.9.0
2024-05-23 21:25:30,238 [WARN] PackLoader:240 - Cannot read IP mode file for SEGGER.I-CUBE-embOS.1.3.1
2024-05-23 21:25:30,284 [WARN] PackLoader:240 - Cannot read IP mode file for STMicroelectronics.X-CUBE-ALGOBUILD.1.4.0
2024-05-23 21:25:30,292 [WARN] PackLoader:240 - Cannot read IP mode file for STMicroelectronics.X-CUBE-GNSS1.6.0.0
2024-05-23 21:25:30,324 [WARN] PackLoader:240 - Cannot read IP mode file for STMicroelectronics.X-CUBE-AZRTOS-F4.1.1.0
2024-05-23 21:25:30,345 [WARN] PackLoader:240 - Cannot read IP mode file for STMicroelectronics.X-CUBE-FREERTOS.1.2.0
2024-05-23 21:25:30,379 [WARN] PackLoader:240 - Cannot read IP mode file for STMicroelectronics.X-CUBE-AZRTOS-L5.2.0.0
2024-05-23 21:25:30,400 [WARN] PackLoader:240 - Cannot read IP mode file for STMicroelectronics.X-CUBE-NFC6.3.1.0
2024-05-23 21:25:30,419 [WARN] PackLoader:240 - Cannot read IP mode file for STMicroelectronics.X-CUBE-AI.9.0.0
2024-05-23 21:25:30,440 [WARN] PackLoader:240 - Cannot read IP mode file for STMicroelectronics.X-CUBE-NFC7.1.0.1
2024-05-23 21:25:30,459 [WARN] PackLoader:240 - Cannot read IP mode file for STMicroelectronics.X-CUBE-AI.8.1.0
2024-05-23 21:25:30,502 [WARN] ConditionMgr:438 - getConditionDescription Invalid condition id : LAN8742 Phy interface Condition cause : null
2024-05-23 21:25:30,503 [WARN] PackLoader:240 - Cannot read IP mode file for STMicroelectronics.X-CUBE-AZRTOS-L4.2.0.0
2024-05-23 21:25:30,504 [WARN] ConditionMgr:1039 - genDependencies : Invalid condition id : LAN8742 Phy interface Condition cause : null
2024-05-23 21:25:30,505 [WARN] ConditionMgr:1039 - genDependencies : Invalid condition id : LAN8742 Phy interface Condition cause : null
2024-05-23 21:25:30,505 [WARN] ConditionMgr:1039 - genDependencies : Invalid condition id : LAN8742 Phy interface Condition cause : null
2024-05-23 21:25:30,525 [WARN] PackLoader:240 - Cannot read IP mode file for STMicroelectronics.X-CUBE-SFXS2LP1.4.0.0
2024-05-23 21:25:30,569 [WARN] ConditionMgr:438 - getConditionDescription Invalid condition id : UX DEVICE CLASS RTOS Condition cause : null
2024-05-23 21:25:30,569 [WARN] ConditionMgr:438 - getConditionDescription Invalid condition id : UX DEVICE CLASS RTOS Condition cause : null
2024-05-23 21:25:30,571 [WARN] PackLoader:240 - Cannot read IP mode file for STMicroelectronics.X-CUBE-AZRTOS-WB.2.0.0
2024-05-23 21:25:30,571 [WARN] ConditionMgr:1039 - genDependencies : Invalid condition id : UX DEVICE CLASS RTOS Condition cause : null
2024-05-23 21:25:30,571 [WARN] ConditionMgr:1039 - genDependencies : Invalid condition id : UX DEVICE CLASS RTOS Condition cause : null
2024-05-23 21:25:30,571 [WARN] ConditionMgr:1039 - genDependencies : Invalid condition id : UX DEVICE CLASS RTOS Condition cause : null
2024-05-23 21:25:30,571 [WARN] ConditionMgr:1039 - genDependencies : Invalid condition id : UX DEVICE CLASS RTOS Condition cause : null
2024-05-23 21:25:30,575 [WARN] ConditionMgr:1039 - genDependencies : Invalid condition id : UX DEVICE CLASS RTOS Condition cause : null
2024-05-23 21:25:30,606 [WARN] PackLoader:240 - Cannot read IP mode file for STMicroelectronics.X-CUBE-SUBG2.5.0.0
2024-05-23 21:25:30,622 [WARN] PackLoader:240 - Cannot read IP mode file for STMicroelectronics.X-CUBE-AZRTOS-G4.2.0.0
2024-05-23 21:25:30,655 [WARN] PackLoader:240 - Cannot read IP mode file for STMicroelectronics.FP-SNS-MOTENVWB1.1.3.1
2024-05-23 21:25:30,673 [WARN] PackLoader:240 - Cannot read IP mode file for STMicroelectronics.X-CUBE-ISPU.2.0.0
2024-05-23 21:25:30,691 [WARN] PackLoader:240 - Cannot read IP mode file for STMicroelectronics.X-CUBE-ALS.1.0.2
2024-05-23 21:25:30,736 [WARN] PackLoader:240 - Cannot read IP mode file for STMicroelectronics.X-CUBE-MEMS1.10.0.0
2024-05-23 21:25:30,830 [WARN] PackLoader:240 - Cannot read IP mode file for STMicroelectronics.X-CUBE-FREERTOS.1.1.0
2024-05-23 21:25:30,847 [WARN] PackLoader:240 - Cannot read IP mode file for portGmbH.I-Cube-SoM-uGOAL.1.1.0
2024-05-23 21:25:30,862 [WARN] PackLoader:240 - Cannot read IP mode file for STMicroelectronics.X-CUBE-ALS.1.0.1
2024-05-23 21:25:30,890 [WARN] PackLoader:240 - Cannot read IP mode file for STMicroelectronics.X-CUBE-AZRTOS-H7RS.1.0.0
2024-05-23 21:25:30,906 [WARN] PackLoader:240 - Cannot read IP mode file for STMicroelectronics.FP-ATR-ASTRA1.2.0.0
2024-05-23 21:25:30,927 [WARN] PackLoader:240 - Cannot read IP mode file for STMicroelectronics.X-CUBE-TOF1.3.4.1
2024-05-23 21:25:30,965 [WARN] PackLoader:240 - Cannot read IP mode file for STMicroelectronics.X-CUBE-AZRTOS-H7.3.2.0
2024-05-23 21:25:31,000 [WARN] PackLoader:240 - Cannot read IP mode file for Infineon.AIROC-Wi-Fi-Bluetooth-STM32.1.6.0
2024-05-23 21:25:31,004 [INFO] ThirdParty:978 - Integrity check success = true
2024-05-23 21:25:31,005 [INFO] IntegrityCheckThread:100 - exiting critical section [integrity check]
2024-05-23 21:25:31,005 [INFO] IntegrityCheckThread:103 - End integrity checks thread
2024-05-23 21:25:32,717 [INFO] WebApp:161 - Instantiating new browser for Auth
2024-05-23 21:25:33,372 [INFO] WebApp:779 - Register for checkConnection events
2024-05-23 21:25:33,372 [INFO] WebApp:414 - Apply proxy settings
2024-05-23 21:25:33,372 [INFO] WebApp:499 - Chromium requires no authentication
2024-05-23 21:25:33,372 [INFO] WebApp:442 - Direct internet connection detected
2024-05-23 21:25:33,538 [INFO] WebApp:192 - Starting web application
2024-05-23 21:25:33,538 [INFO] WebApp:544 - Web application path used C:\ST\STM32CubeIDE_1.15.0\STM32CubeIDE\plugins\com.st.stm32cube.common.mx_6.11.1.202404110753\db\plugins\mcufinder\reactClient1\index.html
2024-05-23 21:54:40,281 [ERROR] LogOutputStream:75 - [STDERR_REDIRECT] 
