2024-05-22 19:58:40,406 [INFO] Activator:176 - 


2024-05-22 19:58:40,416 [INFO] Activator:177 - !SESSION log4j initialized
2024-05-22 19:58:46,185 [INFO] LogOutputStream:77 - [STDOUT_REDIRECT] 
2024-05-22 19:58:50,258 [INFO] ApplicationProperties:184 - Using Application install path: C:\ST\STM32CubeIDE_1.15.0\STM32CubeIDE\plugins\com.st.stm32cube.common.mx_6.11.1.202404110753
2024-05-22 19:58:50,285 [INFO] DbMcusXml:78 - Set database path to: C:\ST\STM32CubeIDE_1.15.0\STM32CubeIDE\plugins\com.st.stm32cube.common.mx_6.11.1.202404110753\\db\/mcu/
2024-05-22 19:58:50,285 [INFO] ApiDb:274 - Set plugin database path to: C:\ST\STM32CubeIDE_1.15.0\STM32CubeIDE\plugins\com.st.stm32cube.common.mx_6.11.1.202404110753\\db\/plugins/boardmanager/
2024-05-22 19:58:50,286 [WARN] ApiDb:259 - Overriding images path with different value:  => C:\ST\STM32CubeIDE_1.15.0\STM32CubeIDE\plugins\com.st.stm32cube.common.mx_6.11.1.202404110753\\db\/plugins/mcufinder/images/
2024-05-22 19:58:50,299 [INFO] ApiDb:250 - Set database path to: C:\Users\harun\.stmcufinder\plugins\mcufinder//mcu/
2024-05-22 19:58:50,301 [INFO] DbMcusAds:125 - Set database path to: C:\Users\harun\.stmcufinder\plugins\mcufinder//mcu/
2024-05-22 19:58:50,303 [INFO] CrossReferenceDbSqlite:203 - Set database path to: C:\Users\harun\.stmcufinder\plugins\mcufinder//mcu/cs/
2024-05-22 19:58:50,469 [INFO] RulesReader:64 - Compatibility file has been processed (297 Rules)
2024-05-22 19:58:50,624 [INFO] DbMcusXml:78 - Set database path to: C:\ST\STM32CubeIDE_1.15.0\STM32CubeIDE\plugins\com.st.stm32cube.common.mx_6.11.1.202404110753\\db\/mcu/
2024-05-22 19:58:50,625 [INFO] ApiDb:274 - Set plugin database path to: C:\ST\STM32CubeIDE_1.15.0\STM32CubeIDE\plugins\com.st.stm32cube.common.mx_6.11.1.202404110753\\db\/plugins/boardmanager/
2024-05-22 19:58:50,625 [INFO] ApiDb:261 - Set plugin images path to: C:\ST\STM32CubeIDE_1.15.0\STM32CubeIDE\plugins\com.st.stm32cube.common.mx_6.11.1.202404110753\\db\/plugins/mcufinder/images/
2024-05-22 19:58:50,625 [WARN] DbFile:41 - Overriding database path with different value: C:\Users\harun\.stmcufinder\plugins\mcufinder/ => C:\Users\harun\.stmcufinder\plugins\mcufinder
2024-05-22 19:58:50,626 [INFO] ApiDb:250 - Set database path to: C:\Users\harun\.stmcufinder\plugins\mcufinder//mcu/
2024-05-22 19:58:50,626 [WARN] DbFile:41 - Overriding database path with different value: C:\Users\harun\.stmcufinder\plugins\mcufinder/ => C:\Users\harun\.stmcufinder\plugins\mcufinder
2024-05-22 19:58:50,626 [INFO] DbMcusAds:125 - Set database path to: C:\Users\harun\.stmcufinder\plugins\mcufinder//mcu/
2024-05-22 19:58:50,626 [WARN] DbFile:41 - Overriding database path with different value: C:\Users\harun\.stmcufinder\plugins\mcufinder/ => C:\Users\harun\.stmcufinder\plugins\mcufinder
2024-05-22 19:58:50,626 [WARN] DbFile:41 - Overriding database path with different value: C:\Users\harun\.stmcufinder\plugins\mcufinder/ => C:\Users\harun\.stmcufinder\plugins\mcufinder
2024-05-22 19:58:50,626 [INFO] CrossReferenceDbSqlite:203 - Set database path to: C:\Users\harun\.stmcufinder\plugins\mcufinder//mcu/cs/
2024-05-22 19:58:50,758 [INFO] MainPanel:264 - HeapMemory: 268435456
2024-05-22 19:58:50,912 [INFO] DbMcusXml:78 - Set database path to: C:\ST\STM32CubeIDE_1.15.0\STM32CubeIDE\plugins\com.st.stm32cube.common.mx_6.11.1.202404110753\\db\/mcu/
2024-05-22 19:58:50,913 [INFO] ApiDb:274 - Set plugin database path to: C:\ST\STM32CubeIDE_1.15.0\STM32CubeIDE\plugins\com.st.stm32cube.common.mx_6.11.1.202404110753\\db\/plugins/boardmanager/
2024-05-22 19:58:50,913 [INFO] ApiDb:261 - Set plugin images path to: C:\ST\STM32CubeIDE_1.15.0\STM32CubeIDE\plugins\com.st.stm32cube.common.mx_6.11.1.202404110753\\db\/plugins/mcufinder/images/
2024-05-22 19:58:50,913 [WARN] DbFile:41 - Overriding database path with different value: C:\Users\harun\.stmcufinder\plugins\mcufinder/ => C:\Users\harun\.stmcufinder\plugins\mcufinder
2024-05-22 19:58:50,913 [INFO] ApiDb:250 - Set database path to: C:\Users\harun\.stmcufinder\plugins\mcufinder//mcu/
2024-05-22 19:58:50,913 [WARN] DbFile:41 - Overriding database path with different value: C:\Users\harun\.stmcufinder\plugins\mcufinder/ => C:\Users\harun\.stmcufinder\plugins\mcufinder
2024-05-22 19:58:50,914 [INFO] DbMcusAds:125 - Set database path to: C:\Users\harun\.stmcufinder\plugins\mcufinder//mcu/
2024-05-22 19:58:50,914 [WARN] DbFile:41 - Overriding database path with different value: C:\Users\harun\.stmcufinder\plugins\mcufinder/ => C:\Users\harun\.stmcufinder\plugins\mcufinder
2024-05-22 19:58:50,914 [WARN] DbFile:41 - Overriding database path with different value: C:\Users\harun\.stmcufinder\plugins\mcufinder/ => C:\Users\harun\.stmcufinder\plugins\mcufinder
2024-05-22 19:58:50,914 [INFO] CrossReferenceDbSqlite:203 - Set database path to: C:\Users\harun\.stmcufinder\plugins\mcufinder//mcu/cs/
2024-05-22 19:58:50,945 [INFO] ApplicationProperties:184 - Using Application install path: C:\ST\STM32CubeIDE_1.15.0\STM32CubeIDE\plugins\com.st.stm32cube.common.mx_6.11.1.202404110753
2024-05-22 19:58:50,948 [INFO] PluginManage:196 - Search for loadable plugins [exclusion list=, ]
2024-05-22 19:58:50,951 [INFO] PluginManage:310 - Check plugin analytics
2024-05-22 19:58:51,184 [INFO] AnalyticsPlugin:253 - Accepted Software Licenses: 
2024-05-22 19:58:51,184 [INFO] AnalyticsPlugin:255 - Accepted CMSIS Pack Licenses: 
2024-05-22 19:58:51,184 [INFO] AnalyticsPlugin:257 - Accepted Firmware Licenses: FW.F7.1.17.0
2024-05-22 19:58:51,188 [INFO] PluginManage:359 - Loaded plugin analytics (category:tool,tabindex:-1)
2024-05-22 19:58:51,189 [INFO] PluginManage:310 - Check plugin cadmodel
2024-05-22 19:58:51,253 [INFO] CADModel:105 - Init CAD model plugin
2024-05-22 19:58:51,253 [INFO] PluginManage:359 - Loaded plugin cadmodel (category:power,tabindex:5)
2024-05-22 19:58:51,253 [INFO] PluginManage:310 - Check plugin clock
2024-05-22 19:58:51,277 [INFO] PluginManage:359 - Loaded plugin clock (category:base,tabindex:2)
2024-05-22 19:58:51,277 [INFO] PluginManage:310 - Check plugin ddr
2024-05-22 19:58:51,280 [INFO] PluginManage:359 - Loaded plugin ddr (category:tool,tabindex:6)
2024-05-22 19:58:51,280 [INFO] PluginManage:310 - Check plugin filemanager
2024-05-22 19:58:51,441 [INFO] PluginManage:359 - Loaded plugin filemanager (category:base,tabindex:10)
2024-05-22 19:58:51,441 [INFO] PluginManage:310 - Check plugin ipmanager
2024-05-22 19:58:51,450 [INFO] PluginManage:359 - Loaded plugin ipmanager (category:base,tabindex:5)
2024-05-22 19:58:51,450 [INFO] PluginManage:310 - Check plugin lpbam
2024-05-22 19:58:51,469 [INFO] PluginManage:359 - Loaded plugin lpbam (category:base,tabindex:0)
2024-05-22 19:58:51,469 [INFO] PluginManage:310 - Check plugin memorymap
2024-05-22 19:58:51,495 [INFO] PluginManage:359 - Loaded plugin memorymap (category:base,tabindex:4)
2024-05-22 19:58:51,495 [INFO] PluginManage:310 - Check plugin pinoutandconfiguration
2024-05-22 19:58:51,513 [INFO] PluginManage:359 - Loaded plugin pinoutandconfiguration (category:base,tabindex:1)
2024-05-22 19:58:51,513 [INFO] PluginManage:310 - Check plugin pinoutconfig
2024-05-22 19:58:51,669 [WARN] SupportedApi:132 - Cannot load RTOS API schema: s4s-elt-must-match.1: The content of 'definitions' must match (annotation?, (simpleType | complexType)?, (unique | key | keyref)*)). A problem was found starting at: attribute.
2024-05-22 19:58:51,857 [INFO] PluginManage:359 - Loaded plugin pinoutconfig (category:base,tabindex:0)
2024-05-22 19:58:51,857 [INFO] PluginManage:310 - Check plugin power
2024-05-22 19:58:51,893 [INFO] PluginManage:359 - Loaded plugin power (category:power,tabindex:4)
2024-05-22 19:58:51,893 [INFO] PluginManage:310 - Check plugin projectmanager
2024-05-22 19:58:51,915 [INFO] PluginManage:359 - Loaded plugin projectmanager (category:projectmanager,tabindex:3)
2024-05-22 19:58:51,916 [INFO] PluginManage:310 - Check plugin thirdparty
2024-05-22 19:58:52,336 [INFO] PluginManage:359 - Loaded plugin thirdparty (category:base,tabindex:-1)
2024-05-22 19:58:52,336 [INFO] PluginManage:310 - Check plugin tools
2024-05-22 19:58:52,336 [WARN] IntegrityCheckThread:84 - waiting for thirdparty lock release [integrity check]
2024-05-22 19:58:52,336 [INFO] IntegrityCheckThread:86 - entering critical section [integrity check]
2024-05-22 19:58:52,337 [INFO] ThirdPartyUpdaterWithRetryManager:70 - Updater plugin not ready yet. [1/15]
2024-05-22 19:58:52,408 [INFO] PluginManage:359 - Loaded plugin tools (category:base,tabindex:7)
2024-05-22 19:58:52,409 [INFO] PluginManage:310 - Check plugin tutovideos
2024-05-22 19:58:52,787 [INFO] PluginManage:359 - Loaded plugin tutovideos (category:base,tabindex:-1)
2024-05-22 19:58:52,787 [INFO] PluginManage:310 - Check plugin updater
2024-05-22 19:58:52,815 [INFO] PluginManage:359 - Loaded plugin updater (category:base,tabindex:12)
2024-05-22 19:58:52,816 [INFO] PluginManage:310 - Check plugin userauth
2024-05-22 19:58:52,828 [INFO] UserAuth:114 - Init User Auth plugin
2024-05-22 19:58:52,828 [INFO] PluginManage:359 - Loaded plugin userauth (category:base,tabindex:14)
2024-05-22 19:58:52,829 [INFO] PluginManage:283 - PluginManage : Loaded plugins [17]
2024-05-22 19:58:53,252 [INFO] PinOutPanel:1561 - setPackage(No Configuration,No Configuration)
2024-05-22 19:58:53,415 [INFO] CADModel:165 - CPN selected for project level
2024-05-22 19:58:53,416 [INFO] CADModel:114 - Register for checkConnection events
2024-05-22 19:58:53,465 [INFO] IPUIPlugin:80 - create IPUIPlugin
2024-05-22 19:58:53,466 [INFO] PluginManager:220 - loadIPPluginJar : add adc
2024-05-22 19:58:53,545 [INFO] IPUIPlugin:80 - create IPUIPlugin
2024-05-22 19:58:53,549 [INFO] PluginManager:220 - loadIPPluginJar : add aes
2024-05-22 19:58:53,630 [INFO] IPUIPlugin:80 - create IPUIPlugin
2024-05-22 19:58:53,631 [INFO] PluginManager:220 - loadIPPluginJar : add can
2024-05-22 19:58:53,675 [INFO] IPUIPlugin:80 - create IPUIPlugin
2024-05-22 19:58:53,675 [INFO] PluginManager:220 - loadIPPluginJar : add comp
2024-05-22 19:58:53,749 [INFO] IPUIPlugin:80 - create IPUIPlugin
2024-05-22 19:58:53,749 [INFO] PluginManager:220 - loadIPPluginJar : add cryp
2024-05-22 19:58:53,807 [INFO] IPUIPlugin:80 - create IPUIPlugin
2024-05-22 19:58:53,807 [INFO] PluginManager:220 - loadIPPluginJar : add dfsdm
2024-05-22 19:58:53,832 [INFO] IPUIPlugin:80 - create IPUIPlugin
2024-05-22 19:58:53,833 [INFO] PluginManager:220 - loadIPPluginJar : add dma
2024-05-22 19:58:53,929 [INFO] IPUIPlugin:80 - create IPUIPlugin
2024-05-22 19:58:53,929 [INFO] PluginManager:220 - loadIPPluginJar : add dma3
2024-05-22 19:58:53,991 [INFO] IPUIPlugin:80 - create IPUIPlugin
2024-05-22 19:58:53,991 [INFO] PluginManager:220 - loadIPPluginJar : add extmemmanager
2024-05-22 19:58:54,026 [INFO] IPUIPlugin:80 - create IPUIPlugin
2024-05-22 19:58:54,027 [INFO] PluginManager:220 - loadIPPluginJar : add fatfs
2024-05-22 19:58:54,105 [INFO] IPUIPlugin:80 - create IPUIPlugin
2024-05-22 19:58:54,105 [INFO] PluginManager:220 - loadIPPluginJar : add fmc
2024-05-22 19:58:54,128 [INFO] IPUIPlugin:80 - create IPUIPlugin
2024-05-22 19:58:54,129 [INFO] PluginManager:220 - loadIPPluginJar : add freertos
2024-05-22 19:58:54,167 [INFO] IPUIPlugin:80 - create IPUIPlugin
2024-05-22 19:58:54,168 [INFO] PluginManager:220 - loadIPPluginJar : add genericplugin
2024-05-22 19:58:54,353 [INFO] IPUIPlugin:80 - create IPUIPlugin
2024-05-22 19:58:54,353 [INFO] PluginManager:220 - loadIPPluginJar : add gfxmmu
2024-05-22 19:58:54,637 [INFO] IPUIPlugin:80 - create IPUIPlugin
2024-05-22 19:58:54,637 [INFO] PluginManager:220 - loadIPPluginJar : add gic
2024-05-22 19:58:54,657 [INFO] IPUIPlugin:80 - create IPUIPlugin
2024-05-22 19:58:54,657 [INFO] PluginManager:220 - loadIPPluginJar : add gpio
2024-05-22 19:58:54,793 [INFO] IPUIPlugin:80 - create IPUIPlugin
2024-05-22 19:58:54,796 [INFO] PluginManager:220 - loadIPPluginJar : add gtzc
2024-05-22 19:58:54,862 [INFO] IPUIPlugin:80 - create IPUIPlugin
2024-05-22 19:58:54,863 [INFO] PluginManager:220 - loadIPPluginJar : add hash
2024-05-22 19:58:54,971 [INFO] IPUIPlugin:80 - create IPUIPlugin
2024-05-22 19:58:54,971 [INFO] PluginManager:220 - loadIPPluginJar : add i2c
2024-05-22 19:58:55,041 [INFO] IPUIPlugin:80 - create IPUIPlugin
2024-05-22 19:58:55,041 [INFO] PluginManager:220 - loadIPPluginJar : add i2s
2024-05-22 19:58:55,105 [INFO] IPUIPlugin:80 - create IPUIPlugin
2024-05-22 19:58:55,106 [INFO] PluginManager:220 - loadIPPluginJar : add i3c
2024-05-22 19:58:55,267 [INFO] IPUIPlugin:80 - create IPUIPlugin
2024-05-22 19:58:55,267 [INFO] PluginManager:220 - loadIPPluginJar : add ipddr
2024-05-22 19:58:55,337 [INFO] ThirdPartyUpdaterWithRetryManager:70 - Updater plugin not ready yet. [2/15]
2024-05-22 19:58:55,465 [INFO] IPUIPlugin:80 - create IPUIPlugin
2024-05-22 19:58:55,465 [INFO] PluginManager:220 - loadIPPluginJar : add linkedlist
2024-05-22 19:58:55,520 [INFO] IPUIPlugin:80 - create IPUIPlugin
2024-05-22 19:58:55,520 [INFO] PluginManager:220 - loadIPPluginJar : add lorawan
2024-05-22 19:58:55,591 [INFO] IPUIPlugin:80 - create IPUIPlugin
2024-05-22 19:58:55,593 [INFO] PluginManager:220 - loadIPPluginJar : add ltdc
2024-05-22 19:58:55,608 [INFO] IPUIPlugin:80 - create IPUIPlugin
2024-05-22 19:58:55,608 [INFO] PluginManager:220 - loadIPPluginJar : add mdma
2024-05-22 19:58:55,631 [INFO] IPUIPlugin:80 - create IPUIPlugin
2024-05-22 19:58:55,631 [INFO] PluginManager:220 - loadIPPluginJar : add nvic
2024-05-22 19:58:55,696 [INFO] IPUIPlugin:80 - create IPUIPlugin
2024-05-22 19:58:55,697 [INFO] PluginManager:220 - loadIPPluginJar : add opamp
2024-05-22 19:58:55,776 [INFO] IPUIPlugin:80 - create IPUIPlugin
2024-05-22 19:58:55,776 [INFO] PluginManager:220 - loadIPPluginJar : add openamp
2024-05-22 19:58:55,821 [INFO] IPUIPlugin:80 - create IPUIPlugin
2024-05-22 19:58:55,821 [INFO] PluginManager:220 - loadIPPluginJar : add pdm2pcm
2024-05-22 19:58:55,846 [INFO] IPUIPlugin:80 - create IPUIPlugin
2024-05-22 19:58:55,849 [INFO] PluginManager:220 - loadIPPluginJar : add plateformsettings
2024-05-22 19:58:55,866 [INFO] IPUIPlugin:80 - create IPUIPlugin
2024-05-22 19:58:55,866 [INFO] PluginManager:220 - loadIPPluginJar : add quadspi
2024-05-22 19:58:55,884 [INFO] IPUIPlugin:80 - create IPUIPlugin
2024-05-22 19:58:55,884 [INFO] PluginManager:220 - loadIPPluginJar : add resmgrutility
2024-05-22 19:58:55,932 [INFO] IPUIPlugin:80 - create IPUIPlugin
2024-05-22 19:58:55,932 [INFO] PluginManager:220 - loadIPPluginJar : add sai
2024-05-22 19:58:55,984 [INFO] IPUIPlugin:80 - create IPUIPlugin
2024-05-22 19:58:55,984 [INFO] PluginManager:220 - loadIPPluginJar : add spi
2024-05-22 19:58:56,068 [INFO] IPUIPlugin:80 - create IPUIPlugin
2024-05-22 19:58:56,068 [INFO] PluginManager:220 - loadIPPluginJar : add stm32_wpan
2024-05-22 19:58:56,089 [INFO] IPUIPlugin:80 - create IPUIPlugin
2024-05-22 19:58:56,089 [INFO] PluginManager:220 - loadIPPluginJar : add tim
2024-05-22 19:58:56,160 [INFO] IPUIPlugin:80 - create IPUIPlugin
2024-05-22 19:58:56,160 [INFO] PluginManager:220 - loadIPPluginJar : add touchsensing
2024-05-22 19:58:56,186 [INFO] IPUIPlugin:80 - create IPUIPlugin
2024-05-22 19:58:56,186 [INFO] PluginManager:220 - loadIPPluginJar : add tracer_emb
2024-05-22 19:58:56,211 [INFO] IPUIPlugin:80 - create IPUIPlugin
2024-05-22 19:58:56,211 [INFO] PluginManager:220 - loadIPPluginJar : add ts
2024-05-22 19:58:56,223 [INFO] IPUIPlugin:80 - create IPUIPlugin
2024-05-22 19:58:56,223 [INFO] PluginManager:220 - loadIPPluginJar : add tsc
2024-05-22 19:58:56,255 [INFO] IPUIPlugin:80 - create IPUIPlugin
2024-05-22 19:58:56,255 [INFO] PluginManager:220 - loadIPPluginJar : add ucpd
2024-05-22 19:58:56,288 [INFO] IPUIPlugin:80 - create IPUIPlugin
2024-05-22 19:58:56,288 [INFO] PluginManager:220 - loadIPPluginJar : add usart
2024-05-22 19:58:56,336 [INFO] IPUIPlugin:80 - create IPUIPlugin
2024-05-22 19:58:56,336 [INFO] PluginManager:220 - loadIPPluginJar : add usbx
2024-05-22 19:58:56,468 [INFO] CADModel:165 - CPN selected for project level
2024-05-22 19:58:56,468 [INFO] CADModel:114 - Register for checkConnection events
2024-05-22 19:58:56,469 [FATAL] Updater:308 - Updater called before beeing initialized
2024-05-22 19:58:56,469 [ERROR] CADModel:125 - Updater not yet initialized, retry later 
2024-05-22 19:58:56,625 [INFO] CADModel:165 - CPN selected for project level
2024-05-22 19:58:56,625 [INFO] CADModel:114 - Register for checkConnection events
2024-05-22 19:58:56,625 [FATAL] Updater:308 - Updater called before beeing initialized
2024-05-22 19:58:56,625 [ERROR] CADModel:125 - Updater not yet initialized, retry later 
2024-05-22 19:58:56,630 [FATAL] Updater:308 - Updater called before beeing initialized
2024-05-22 19:58:56,756 [FATAL] Updater:308 - Updater called before beeing initialized
2024-05-22 19:58:56,758 [INFO] DbMcusAds:53 - JSON generation date=Thu May 02 04:37:29 EDT 2024 (1714639049318)
2024-05-22 19:58:56,758 [FATAL] Updater:308 - Updater called before beeing initialized
2024-05-22 19:58:56,807 [WARN] DetailPanel:346 - Failed to get advertising image, set to default
2024-05-22 19:58:56,917 [FATAL] Updater:308 - Updater called before beeing initialized
2024-05-22 19:58:56,919 [FATAL] Updater:308 - Updater called before beeing initialized
2024-05-22 19:58:56,919 [FATAL] Updater:308 - Updater called before beeing initialized
2024-05-22 19:58:56,919 [WARN] DetailPanel:346 - Failed to get advertising image, set to default
2024-05-22 19:58:56,940 [FATAL] Updater:308 - Updater called before beeing initialized
2024-05-22 19:58:57,003 [ERROR] Updater:1120 - MainUpdater not yet initialized. External WinMGr cannot be set.
2024-05-22 19:58:57,017 [INFO] Updater:1056 - Updater Version found : 6.11.1
2024-05-22 19:58:57,043 [INFO] ApplicationProperties:184 - Using Application install path: C:\ST\STM32CubeIDE_1.15.0\STM32CubeIDE\plugins\com.st.stm32cube.common.mx_6.11.1.202404110753
2024-05-22 19:58:58,344 [INFO] ThirdPartyUpdaterWithRetryManager:70 - Updater plugin not ready yet. [3/15]
2024-05-22 19:58:58,650 [ERROR] LogOutputStream:75 - [STDERR_REDIRECT] May 22, 2024 7:58:58 PM java.util.prefs.WindowsPreferences <init>
2024-05-22 19:58:58,652 [ERROR] LogOutputStream:75 - [STDERR_REDIRECT] WARNING: Could not open/create prefs root node Software\JavaSoft\Prefs at root 0xffffffff80000002. Windows RegCreateKeyEx(...) returned error code 5.
2024-05-22 19:58:58,652 [ERROR] LogOutputStream:75 - [STDERR_REDIRECT] 
2024-05-22 19:58:59,258 [INFO] MainUpdater:2873 - connection check result : 10
2024-05-22 19:58:59,259 [INFO] MainUpdater:290 - Updater Check For Update Now.
2024-05-22 19:58:59,259 [INFO] MicroXplorer:498 - Change Database Version : DB.6.0.111
2024-05-22 19:58:59,277 [INFO] McuFinderGlobals:63 - Set McuFinder mode to 2 (CubeIDE integrated)
2024-05-22 19:58:59,296 [INFO] UserAuth:415 - Internet connection configuration mode: 1
2024-05-22 19:58:59,349 [INFO] JxBrowserEngine:152 - Initiate JxBrowser Engine with user profile folder
2024-05-22 19:58:59,474 [INFO] CheckServerUpdateThread:120 - End of CheckServer Thread
2024-05-22 19:59:01,525 [WARN] PackLoader:240 - Cannot read IP mode file for STMicroelectronics.FP-SNS-MOTENVWB1.1.4.0
2024-05-22 19:59:01,541 [WARN] PackLoader:240 - Cannot read IP mode file for STMicroelectronics.X-CUBE-SMBUS.2.1.0
2024-05-22 19:59:01,557 [WARN] PackLoader:240 - Cannot read IP mode file for STMicroelectronics.X-CUBE-TOUCHGFX.4.23.2
2024-05-22 19:59:01,590 [WARN] PackLoader:240 - Cannot read IP mode file for STMicroelectronics.X-CUBE-AZRTOS-F7.1.1.0
2024-05-22 19:59:01,606 [WARN] PackLoader:240 - Cannot read IP mode file for STMicroelectronics.FP-SNS-FLIGHT1.5.0.2
2024-05-22 19:59:01,624 [WARN] PackLoader:240 - Cannot read IP mode file for STMicroelectronics.X-CUBE-DISPLAY.3.0.0
2024-05-22 19:59:01,649 [WARN] PackLoader:240 - Cannot read IP mode file for STMicroelectronics.X-CUBE-BLE1.7.0.0
2024-05-22 19:59:01,666 [WARN] PackLoader:240 - Cannot read IP mode file for emotas.I-CUBE-CANOPEN.1.3.0
2024-05-22 19:59:01,686 [WARN] PackLoader:240 - Cannot read IP mode file for STMicroelectronics.X-CUBE-BLEMGR.3.1.0
2024-05-22 19:59:01,701 [WARN] PackLoader:240 - Cannot read IP mode file for STMicroelectronics.FP-SNS-SMARTAG2.1.2.0
2024-05-22 19:59:01,728 [INFO] LogOutputStream:77 - [STDOUT_REDIRECT] 1 : Invalid condition id : UX_CORESTACK_Condition cause : null
2024-05-22 19:59:01,730 [INFO] LogOutputStream:77 - [STDOUT_REDIRECT] 1 : Invalid condition id : UX_CORESTACK_Condition cause : null
2024-05-22 19:59:01,732 [INFO] LogOutputStream:77 - [STDOUT_REDIRECT] 1 : Invalid condition id : UX_CORESTACK_Condition cause : null
2024-05-22 19:59:01,734 [INFO] LogOutputStream:77 - [STDOUT_REDIRECT] 1 : Invalid condition id : UX_CORESTACK_Condition cause : null
2024-05-22 19:59:01,737 [INFO] LogOutputStream:77 - [STDOUT_REDIRECT] 1 : Invalid condition id : UX_CORESTACK_Condition cause : null
2024-05-22 19:59:01,740 [WARN] PackLoader:240 - Cannot read IP mode file for STMicroelectronics.X-CUBE-AZRTOS-WL.2.0.0
2024-05-22 19:59:01,766 [WARN] PackLoader:240 - Cannot read IP mode file for WES.I-CUBE-Cesium.1.3.0
2024-05-22 19:59:01,780 [WARN] PackLoader:240 - Cannot read IP mode file for STMicroelectronics.X-CUBE-BLE2.3.3.0
2024-05-22 19:59:01,803 [WARN] PackLoader:240 - Cannot read IP mode file for STMicroelectronics.X-CUBE-TCPP.4.1.0
2024-05-22 19:59:01,823 [WARN] PackLoader:240 - Cannot read IP mode file for STMicroelectronics.X-CUBE-ALGOBUILD.1.3.0
2024-05-22 19:59:01,866 [WARN] PackLoader:240 - Cannot read IP mode file for STMicroelectronics.X-CUBE-AZRTOS-G0.1.1.0
2024-05-22 19:59:01,894 [WARN] PackLoader:240 - Cannot read IP mode file for STMicroelectronics.X-CUBE-SAFEA1.1.2.2
2024-05-22 19:59:01,919 [WARN] PackLoader:240 - Cannot read IP mode file for STMicroelectronics.X-CUBE-NFC4.3.0.0
2024-05-22 19:59:01,940 [WARN] PackLoader:240 - Cannot read IP mode file for wolfSSL.I-CUBE-wolfSSL.5.7.0
2024-05-22 19:59:01,954 [WARN] PackLoader:240 - Cannot read IP mode file for STMicroelectronics.FP-ATR-SIGFOX1.3.2.0
2024-05-22 19:59:01,976 [WARN] PackLoader:240 - Cannot read IP mode file for STMicroelectronics.X-CUBE-EEPRMA1.5.1.0
2024-05-22 19:59:02,003 [WARN] PackLoader:240 - Cannot read IP mode file for ITTIA_DB.I-CUBE-ITTIADB.8.9.0
2024-05-22 19:59:02,057 [WARN] PackLoader:240 - Cannot read IP mode file for SEGGER.I-CUBE-embOS.1.3.1
2024-05-22 19:59:02,124 [WARN] PackLoader:240 - Cannot read IP mode file for STMicroelectronics.X-CUBE-ALGOBUILD.1.4.0
2024-05-22 19:59:02,144 [WARN] PackLoader:240 - Cannot read IP mode file for STMicroelectronics.X-CUBE-GNSS1.6.0.0
2024-05-22 19:59:02,161 [WARN] PackLoader:240 - Cannot read IP mode file for STMicroelectronics.X-CUBE-AZRTOS-F4.1.1.0
2024-05-22 19:59:02,189 [WARN] PackLoader:240 - Cannot read IP mode file for STMicroelectronics.X-CUBE-FREERTOS.1.2.0
2024-05-22 19:59:02,215 [WARN] PackLoader:240 - Cannot read IP mode file for STMicroelectronics.X-CUBE-AZRTOS-L5.2.0.0
2024-05-22 19:59:02,232 [WARN] PackLoader:240 - Cannot read IP mode file for STMicroelectronics.X-CUBE-NFC6.3.1.0
2024-05-22 19:59:02,247 [WARN] PackLoader:240 - Cannot read IP mode file for STMicroelectronics.X-CUBE-AI.9.0.0
2024-05-22 19:59:02,264 [WARN] PackLoader:240 - Cannot read IP mode file for STMicroelectronics.X-CUBE-NFC7.1.0.1
2024-05-22 19:59:02,278 [WARN] PackLoader:240 - Cannot read IP mode file for STMicroelectronics.X-CUBE-AI.8.1.0
2024-05-22 19:59:02,308 [WARN] ConditionMgr:438 - getConditionDescription Invalid condition id : LAN8742 Phy interface Condition cause : null
2024-05-22 19:59:02,309 [WARN] PackLoader:240 - Cannot read IP mode file for STMicroelectronics.X-CUBE-AZRTOS-L4.2.0.0
2024-05-22 19:59:02,311 [WARN] ConditionMgr:1039 - genDependencies : Invalid condition id : LAN8742 Phy interface Condition cause : null
2024-05-22 19:59:02,311 [WARN] ConditionMgr:1039 - genDependencies : Invalid condition id : LAN8742 Phy interface Condition cause : null
2024-05-22 19:59:02,312 [WARN] ConditionMgr:1039 - genDependencies : Invalid condition id : LAN8742 Phy interface Condition cause : null
2024-05-22 19:59:02,330 [WARN] PackLoader:240 - Cannot read IP mode file for STMicroelectronics.X-CUBE-SFXS2LP1.4.0.0
2024-05-22 19:59:02,360 [WARN] ConditionMgr:438 - getConditionDescription Invalid condition id : UX DEVICE CLASS RTOS Condition cause : null
2024-05-22 19:59:02,360 [WARN] ConditionMgr:438 - getConditionDescription Invalid condition id : UX DEVICE CLASS RTOS Condition cause : null
2024-05-22 19:59:02,381 [WARN] PackLoader:240 - Cannot read IP mode file for STMicroelectronics.X-CUBE-AZRTOS-WB.2.0.0
2024-05-22 19:59:02,382 [WARN] ConditionMgr:1039 - genDependencies : Invalid condition id : UX DEVICE CLASS RTOS Condition cause : null
2024-05-22 19:59:02,382 [WARN] ConditionMgr:1039 - genDependencies : Invalid condition id : UX DEVICE CLASS RTOS Condition cause : null
2024-05-22 19:59:02,383 [WARN] ConditionMgr:1039 - genDependencies : Invalid condition id : UX DEVICE CLASS RTOS Condition cause : null
2024-05-22 19:59:02,383 [WARN] ConditionMgr:1039 - genDependencies : Invalid condition id : UX DEVICE CLASS RTOS Condition cause : null
2024-05-22 19:59:02,383 [WARN] ConditionMgr:1039 - genDependencies : Invalid condition id : UX DEVICE CLASS RTOS Condition cause : null
2024-05-22 19:59:02,420 [WARN] PackLoader:240 - Cannot read IP mode file for STMicroelectronics.X-CUBE-SUBG2.5.0.0
2024-05-22 19:59:02,462 [WARN] PackLoader:240 - Cannot read IP mode file for STMicroelectronics.X-CUBE-AZRTOS-G4.2.0.0
2024-05-22 19:59:02,484 [WARN] PackLoader:240 - Cannot read IP mode file for STMicroelectronics.FP-SNS-MOTENVWB1.1.3.1
2024-05-22 19:59:02,501 [WARN] PackLoader:240 - Cannot read IP mode file for STMicroelectronics.X-CUBE-ISPU.2.0.0
2024-05-22 19:59:02,520 [WARN] PackLoader:240 - Cannot read IP mode file for STMicroelectronics.X-CUBE-ALS.1.0.2
2024-05-22 19:59:02,574 [WARN] PackLoader:240 - Cannot read IP mode file for STMicroelectronics.X-CUBE-MEMS1.10.0.0
2024-05-22 19:59:02,681 [WARN] PackLoader:240 - Cannot read IP mode file for STMicroelectronics.X-CUBE-FREERTOS.1.1.0
2024-05-22 19:59:02,702 [WARN] PackLoader:240 - Cannot read IP mode file for portGmbH.I-Cube-SoM-uGOAL.1.1.0
2024-05-22 19:59:02,722 [WARN] PackLoader:240 - Cannot read IP mode file for STMicroelectronics.X-CUBE-ALS.1.0.1
2024-05-22 19:59:02,763 [WARN] PackLoader:240 - Cannot read IP mode file for STMicroelectronics.X-CUBE-AZRTOS-H7RS.1.0.0
2024-05-22 19:59:02,783 [WARN] PackLoader:240 - Cannot read IP mode file for STMicroelectronics.FP-ATR-ASTRA1.2.0.0
2024-05-22 19:59:02,790 [WARN] PackLoader:240 - Cannot read IP mode file for STMicroelectronics.X-CUBE-TOF1.3.4.1
2024-05-22 19:59:02,842 [WARN] PackLoader:240 - Cannot read IP mode file for STMicroelectronics.X-CUBE-AZRTOS-H7.3.2.0
2024-05-22 19:59:02,874 [WARN] PackLoader:240 - Cannot read IP mode file for Infineon.AIROC-Wi-Fi-Bluetooth-STM32.1.6.0
2024-05-22 19:59:02,877 [INFO] ThirdParty:978 - Integrity check success = true
2024-05-22 19:59:02,877 [INFO] IntegrityCheckThread:100 - exiting critical section [integrity check]
2024-05-22 19:59:02,877 [INFO] IntegrityCheckThread:103 - End integrity checks thread
2024-05-22 19:59:03,815 [INFO] WebApp:161 - Instantiating new browser for Auth
2024-05-22 19:59:04,322 [INFO] WebApp:779 - Register for checkConnection events
2024-05-22 19:59:04,322 [INFO] WebApp:414 - Apply proxy settings
2024-05-22 19:59:04,322 [INFO] WebApp:499 - Chromium requires no authentication
2024-05-22 19:59:04,329 [INFO] WebApp:442 - Direct internet connection detected
2024-05-22 19:59:04,470 [INFO] WebApp:192 - Starting web application
2024-05-22 19:59:04,470 [INFO] WebApp:544 - Web application path used C:\ST\STM32CubeIDE_1.15.0\STM32CubeIDE\plugins\com.st.stm32cube.common.mx_6.11.1.202404110753\db\plugins\mcufinder\reactClient1\index.html
2024-05-22 22:04:37,934 [ERROR] LogOutputStream:75 - [STDERR_REDIRECT] 
2024-05-22 22:04:37,936 [ERROR] LogOutputStream:75 - [STDERR_REDIRECT] 
