2024-06-05 11:14:34,281 [INFO] Activator:176 - 


2024-06-05 11:14:34,281 [INFO] Activator:177 - !SESSION log4j initialized
2024-06-05 11:14:39,261 [INFO] LogOutputStream:77 - [STDOUT_REDIRECT] 
2024-06-05 11:14:41,288 [INFO] ApplicationProperties:184 - Using Application install path: C:\ST\STM32CubeIDE_1.15.0\STM32CubeIDE\plugins\com.st.stm32cube.common.mx_6.11.1.202404110753
2024-06-05 11:14:41,298 [INFO] DbMcusXml:78 - Set database path to: C:\ST\STM32CubeIDE_1.15.0\STM32CubeIDE\plugins\com.st.stm32cube.common.mx_6.11.1.202404110753\\db\/mcu/
2024-06-05 11:14:41,298 [INFO] ApiDb:274 - Set plugin database path to: C:\ST\STM32CubeIDE_1.15.0\STM32CubeIDE\plugins\com.st.stm32cube.common.mx_6.11.1.202404110753\\db\/plugins/boardmanager/
2024-06-05 11:14:41,298 [WARN] ApiDb:259 - Overriding images path with different value:  => C:\ST\STM32CubeIDE_1.15.0\STM32CubeIDE\plugins\com.st.stm32cube.common.mx_6.11.1.202404110753\\db\/plugins/mcufinder/images/
2024-06-05 11:14:41,298 [INFO] ApiDb:250 - Set database path to: C:\Users\harun\.stmcufinder\plugins\mcufinder//mcu/
2024-06-05 11:14:41,298 [INFO] DbMcusAds:125 - Set database path to: C:\Users\harun\.stmcufinder\plugins\mcufinder//mcu/
2024-06-05 11:14:41,314 [INFO] CrossReferenceDbSqlite:203 - Set database path to: C:\Users\harun\.stmcufinder\plugins\mcufinder//mcu/cs/
2024-06-05 11:14:41,398 [INFO] RulesReader:64 - Compatibility file has been processed (297 Rules)
2024-06-05 11:14:41,498 [INFO] DbMcusXml:78 - Set database path to: C:\ST\STM32CubeIDE_1.15.0\STM32CubeIDE\plugins\com.st.stm32cube.common.mx_6.11.1.202404110753\\db\/mcu/
2024-06-05 11:14:41,498 [INFO] ApiDb:274 - Set plugin database path to: C:\ST\STM32CubeIDE_1.15.0\STM32CubeIDE\plugins\com.st.stm32cube.common.mx_6.11.1.202404110753\\db\/plugins/boardmanager/
2024-06-05 11:14:41,505 [INFO] ApiDb:261 - Set plugin images path to: C:\ST\STM32CubeIDE_1.15.0\STM32CubeIDE\plugins\com.st.stm32cube.common.mx_6.11.1.202404110753\\db\/plugins/mcufinder/images/
2024-06-05 11:14:41,505 [WARN] DbFile:41 - Overriding database path with different value: C:\Users\harun\.stmcufinder\plugins\mcufinder/ => C:\Users\harun\.stmcufinder\plugins\mcufinder
2024-06-05 11:14:41,505 [INFO] ApiDb:250 - Set database path to: C:\Users\harun\.stmcufinder\plugins\mcufinder//mcu/
2024-06-05 11:14:41,505 [WARN] DbFile:41 - Overriding database path with different value: C:\Users\harun\.stmcufinder\plugins\mcufinder/ => C:\Users\harun\.stmcufinder\plugins\mcufinder
2024-06-05 11:14:41,505 [INFO] DbMcusAds:125 - Set database path to: C:\Users\harun\.stmcufinder\plugins\mcufinder//mcu/
2024-06-05 11:14:41,505 [WARN] DbFile:41 - Overriding database path with different value: C:\Users\harun\.stmcufinder\plugins\mcufinder/ => C:\Users\harun\.stmcufinder\plugins\mcufinder
2024-06-05 11:14:41,505 [WARN] DbFile:41 - Overriding database path with different value: C:\Users\harun\.stmcufinder\plugins\mcufinder/ => C:\Users\harun\.stmcufinder\plugins\mcufinder
2024-06-05 11:14:41,505 [INFO] CrossReferenceDbSqlite:203 - Set database path to: C:\Users\harun\.stmcufinder\plugins\mcufinder//mcu/cs/
2024-06-05 11:14:41,581 [INFO] MainPanel:264 - HeapMemory: 268435456
2024-06-05 11:14:41,692 [INFO] DbMcusXml:78 - Set database path to: C:\ST\STM32CubeIDE_1.15.0\STM32CubeIDE\plugins\com.st.stm32cube.common.mx_6.11.1.202404110753\\db\/mcu/
2024-06-05 11:14:41,692 [INFO] ApiDb:274 - Set plugin database path to: C:\ST\STM32CubeIDE_1.15.0\STM32CubeIDE\plugins\com.st.stm32cube.common.mx_6.11.1.202404110753\\db\/plugins/boardmanager/
2024-06-05 11:14:41,692 [INFO] ApiDb:261 - Set plugin images path to: C:\ST\STM32CubeIDE_1.15.0\STM32CubeIDE\plugins\com.st.stm32cube.common.mx_6.11.1.202404110753\\db\/plugins/mcufinder/images/
2024-06-05 11:14:41,692 [WARN] DbFile:41 - Overriding database path with different value: C:\Users\harun\.stmcufinder\plugins\mcufinder/ => C:\Users\harun\.stmcufinder\plugins\mcufinder
2024-06-05 11:14:41,692 [INFO] ApiDb:250 - Set database path to: C:\Users\harun\.stmcufinder\plugins\mcufinder//mcu/
2024-06-05 11:14:41,692 [WARN] DbFile:41 - Overriding database path with different value: C:\Users\harun\.stmcufinder\plugins\mcufinder/ => C:\Users\harun\.stmcufinder\plugins\mcufinder
2024-06-05 11:14:41,692 [INFO] DbMcusAds:125 - Set database path to: C:\Users\harun\.stmcufinder\plugins\mcufinder//mcu/
2024-06-05 11:14:41,692 [WARN] DbFile:41 - Overriding database path with different value: C:\Users\harun\.stmcufinder\plugins\mcufinder/ => C:\Users\harun\.stmcufinder\plugins\mcufinder
2024-06-05 11:14:41,692 [WARN] DbFile:41 - Overriding database path with different value: C:\Users\harun\.stmcufinder\plugins\mcufinder/ => C:\Users\harun\.stmcufinder\plugins\mcufinder
2024-06-05 11:14:41,692 [INFO] CrossReferenceDbSqlite:203 - Set database path to: C:\Users\harun\.stmcufinder\plugins\mcufinder//mcu/cs/
2024-06-05 11:14:41,708 [INFO] ApplicationProperties:184 - Using Application install path: C:\ST\STM32CubeIDE_1.15.0\STM32CubeIDE\plugins\com.st.stm32cube.common.mx_6.11.1.202404110753
2024-06-05 11:14:41,708 [INFO] PluginManage:196 - Search for loadable plugins [exclusion list=, ]
2024-06-05 11:14:41,708 [INFO] PluginManage:310 - Check plugin analytics
2024-06-05 11:14:41,848 [INFO] AnalyticsPlugin:253 - Accepted Software Licenses: 
2024-06-05 11:14:41,848 [INFO] AnalyticsPlugin:255 - Accepted CMSIS Pack Licenses: 
2024-06-05 11:14:41,848 [INFO] AnalyticsPlugin:257 - Accepted Firmware Licenses: FW.F7.1.17.0
2024-06-05 11:14:41,848 [INFO] PluginManage:359 - Loaded plugin analytics (category:tool,tabindex:-1)
2024-06-05 11:14:41,848 [INFO] PluginManage:310 - Check plugin cadmodel
2024-06-05 11:14:41,892 [INFO] CADModel:105 - Init CAD model plugin
2024-06-05 11:14:41,892 [INFO] PluginManage:359 - Loaded plugin cadmodel (category:power,tabindex:5)
2024-06-05 11:14:41,892 [INFO] PluginManage:310 - Check plugin clock
2024-06-05 11:14:41,915 [INFO] PluginManage:359 - Loaded plugin clock (category:base,tabindex:2)
2024-06-05 11:14:41,915 [INFO] PluginManage:310 - Check plugin ddr
2024-06-05 11:14:41,915 [INFO] PluginManage:359 - Loaded plugin ddr (category:tool,tabindex:6)
2024-06-05 11:14:41,915 [INFO] PluginManage:310 - Check plugin filemanager
2024-06-05 11:14:42,048 [INFO] PluginManage:359 - Loaded plugin filemanager (category:base,tabindex:10)
2024-06-05 11:14:42,048 [INFO] PluginManage:310 - Check plugin ipmanager
2024-06-05 11:14:42,054 [INFO] PluginManage:359 - Loaded plugin ipmanager (category:base,tabindex:5)
2024-06-05 11:14:42,054 [INFO] PluginManage:310 - Check plugin lpbam
2024-06-05 11:14:42,065 [INFO] PluginManage:359 - Loaded plugin lpbam (category:base,tabindex:0)
2024-06-05 11:14:42,065 [INFO] PluginManage:310 - Check plugin memorymap
2024-06-05 11:14:42,083 [INFO] PluginManage:359 - Loaded plugin memorymap (category:base,tabindex:4)
2024-06-05 11:14:42,083 [INFO] PluginManage:310 - Check plugin pinoutandconfiguration
2024-06-05 11:14:42,098 [INFO] PluginManage:359 - Loaded plugin pinoutandconfiguration (category:base,tabindex:1)
2024-06-05 11:14:42,098 [INFO] PluginManage:310 - Check plugin pinoutconfig
2024-06-05 11:14:42,181 [WARN] SupportedApi:132 - Cannot load RTOS API schema: s4s-elt-must-match.1: The content of 'definitions' must match (annotation?, (simpleType | complexType)?, (unique | key | keyref)*)). A problem was found starting at: attribute.
2024-06-05 11:14:42,281 [INFO] PluginManage:359 - Loaded plugin pinoutconfig (category:base,tabindex:0)
2024-06-05 11:14:42,281 [INFO] PluginManage:310 - Check plugin power
2024-06-05 11:14:42,302 [INFO] PluginManage:359 - Loaded plugin power (category:power,tabindex:4)
2024-06-05 11:14:42,302 [INFO] PluginManage:310 - Check plugin projectmanager
2024-06-05 11:14:42,315 [INFO] PluginManage:359 - Loaded plugin projectmanager (category:projectmanager,tabindex:3)
2024-06-05 11:14:42,315 [INFO] PluginManage:310 - Check plugin thirdparty
2024-06-05 11:14:42,531 [INFO] PluginManage:359 - Loaded plugin thirdparty (category:base,tabindex:-1)
2024-06-05 11:14:42,531 [INFO] PluginManage:310 - Check plugin tools
2024-06-05 11:14:42,531 [WARN] IntegrityCheckThread:84 - waiting for thirdparty lock release [integrity check]
2024-06-05 11:14:42,531 [INFO] IntegrityCheckThread:86 - entering critical section [integrity check]
2024-06-05 11:14:42,531 [INFO] ThirdPartyUpdaterWithRetryManager:70 - Updater plugin not ready yet. [1/15]
2024-06-05 11:14:42,565 [INFO] PluginManage:359 - Loaded plugin tools (category:base,tabindex:7)
2024-06-05 11:14:42,565 [INFO] PluginManage:310 - Check plugin tutovideos
2024-06-05 11:14:42,743 [INFO] PluginManage:359 - Loaded plugin tutovideos (category:base,tabindex:-1)
2024-06-05 11:14:42,743 [INFO] PluginManage:310 - Check plugin updater
2024-06-05 11:14:42,748 [INFO] PluginManage:359 - Loaded plugin updater (category:base,tabindex:12)
2024-06-05 11:14:42,748 [INFO] PluginManage:310 - Check plugin userauth
2024-06-05 11:14:42,758 [INFO] UserAuth:114 - Init User Auth plugin
2024-06-05 11:14:42,758 [INFO] PluginManage:359 - Loaded plugin userauth (category:base,tabindex:14)
2024-06-05 11:14:42,758 [INFO] PluginManage:283 - PluginManage : Loaded plugins [17]
2024-06-05 11:14:42,931 [INFO] PinOutPanel:1561 - setPackage(No Configuration,No Configuration)
2024-06-05 11:14:42,998 [INFO] CADModel:165 - CPN selected for project level
2024-06-05 11:14:42,998 [INFO] CADModel:114 - Register for checkConnection events
2024-06-05 11:14:43,032 [INFO] IPUIPlugin:80 - create IPUIPlugin
2024-06-05 11:14:43,032 [INFO] PluginManager:220 - loadIPPluginJar : add adc
2024-06-05 11:14:43,065 [INFO] IPUIPlugin:80 - create IPUIPlugin
2024-06-05 11:14:43,065 [INFO] PluginManager:220 - loadIPPluginJar : add aes
2024-06-05 11:14:43,115 [INFO] IPUIPlugin:80 - create IPUIPlugin
2024-06-05 11:14:43,115 [INFO] PluginManager:220 - loadIPPluginJar : add can
2024-06-05 11:14:43,142 [INFO] IPUIPlugin:80 - create IPUIPlugin
2024-06-05 11:14:43,142 [INFO] PluginManager:220 - loadIPPluginJar : add comp
2024-06-05 11:14:43,175 [INFO] IPUIPlugin:80 - create IPUIPlugin
2024-06-05 11:14:43,175 [INFO] PluginManager:220 - loadIPPluginJar : add cryp
2024-06-05 11:14:43,203 [INFO] IPUIPlugin:80 - create IPUIPlugin
2024-06-05 11:14:43,203 [INFO] PluginManager:220 - loadIPPluginJar : add dfsdm
2024-06-05 11:14:43,215 [INFO] IPUIPlugin:80 - create IPUIPlugin
2024-06-05 11:14:43,215 [INFO] PluginManager:220 - loadIPPluginJar : add dma
2024-06-05 11:14:43,249 [INFO] IPUIPlugin:80 - create IPUIPlugin
2024-06-05 11:14:43,249 [INFO] PluginManager:220 - loadIPPluginJar : add dma3
2024-06-05 11:14:43,282 [INFO] IPUIPlugin:80 - create IPUIPlugin
2024-06-05 11:14:43,282 [INFO] PluginManager:220 - loadIPPluginJar : add extmemmanager
2024-06-05 11:14:43,303 [INFO] IPUIPlugin:80 - create IPUIPlugin
2024-06-05 11:14:43,303 [INFO] PluginManager:220 - loadIPPluginJar : add fatfs
2024-06-05 11:14:43,342 [INFO] IPUIPlugin:80 - create IPUIPlugin
2024-06-05 11:14:43,342 [INFO] PluginManager:220 - loadIPPluginJar : add fmc
2024-06-05 11:14:43,355 [INFO] IPUIPlugin:80 - create IPUIPlugin
2024-06-05 11:14:43,355 [INFO] PluginManager:220 - loadIPPluginJar : add freertos
2024-06-05 11:14:43,365 [INFO] IPUIPlugin:80 - create IPUIPlugin
2024-06-05 11:14:43,365 [INFO] PluginManager:220 - loadIPPluginJar : add genericplugin
2024-06-05 11:14:43,444 [INFO] IPUIPlugin:80 - create IPUIPlugin
2024-06-05 11:14:43,444 [INFO] PluginManager:220 - loadIPPluginJar : add gfxmmu
2024-06-05 11:14:43,532 [INFO] IPUIPlugin:80 - create IPUIPlugin
2024-06-05 11:14:43,532 [INFO] PluginManager:220 - loadIPPluginJar : add gic
2024-06-05 11:14:43,549 [INFO] IPUIPlugin:80 - create IPUIPlugin
2024-06-05 11:14:43,549 [INFO] PluginManager:220 - loadIPPluginJar : add gpio
2024-06-05 11:14:43,615 [INFO] IPUIPlugin:80 - create IPUIPlugin
2024-06-05 11:14:43,615 [INFO] PluginManager:220 - loadIPPluginJar : add gtzc
2024-06-05 11:14:43,648 [INFO] IPUIPlugin:80 - create IPUIPlugin
2024-06-05 11:14:43,648 [INFO] PluginManager:220 - loadIPPluginJar : add hash
2024-06-05 11:14:43,682 [INFO] IPUIPlugin:80 - create IPUIPlugin
2024-06-05 11:14:43,682 [INFO] PluginManager:220 - loadIPPluginJar : add i2c
2024-06-05 11:14:43,715 [INFO] IPUIPlugin:80 - create IPUIPlugin
2024-06-05 11:14:43,715 [INFO] PluginManager:220 - loadIPPluginJar : add i2s
2024-06-05 11:14:43,749 [INFO] IPUIPlugin:80 - create IPUIPlugin
2024-06-05 11:14:43,749 [INFO] PluginManager:220 - loadIPPluginJar : add i3c
2024-06-05 11:14:43,832 [INFO] IPUIPlugin:80 - create IPUIPlugin
2024-06-05 11:14:43,832 [INFO] PluginManager:220 - loadIPPluginJar : add ipddr
2024-06-05 11:14:43,904 [INFO] IPUIPlugin:80 - create IPUIPlugin
2024-06-05 11:14:43,904 [INFO] PluginManager:220 - loadIPPluginJar : add linkedlist
2024-06-05 11:14:43,932 [INFO] IPUIPlugin:80 - create IPUIPlugin
2024-06-05 11:14:43,932 [INFO] PluginManager:220 - loadIPPluginJar : add lorawan
2024-06-05 11:14:43,958 [INFO] IPUIPlugin:80 - create IPUIPlugin
2024-06-05 11:14:43,958 [INFO] PluginManager:220 - loadIPPluginJar : add ltdc
2024-06-05 11:14:43,975 [INFO] IPUIPlugin:80 - create IPUIPlugin
2024-06-05 11:14:43,975 [INFO] PluginManager:220 - loadIPPluginJar : add mdma
2024-06-05 11:14:43,982 [INFO] IPUIPlugin:80 - create IPUIPlugin
2024-06-05 11:14:43,982 [INFO] PluginManager:220 - loadIPPluginJar : add nvic
2024-06-05 11:14:44,015 [INFO] IPUIPlugin:80 - create IPUIPlugin
2024-06-05 11:14:44,015 [INFO] PluginManager:220 - loadIPPluginJar : add opamp
2024-06-05 11:14:44,059 [INFO] IPUIPlugin:80 - create IPUIPlugin
2024-06-05 11:14:44,059 [INFO] PluginManager:220 - loadIPPluginJar : add openamp
2024-06-05 11:14:44,093 [INFO] IPUIPlugin:80 - create IPUIPlugin
2024-06-05 11:14:44,093 [INFO] PluginManager:220 - loadIPPluginJar : add pdm2pcm
2024-06-05 11:14:44,098 [INFO] IPUIPlugin:80 - create IPUIPlugin
2024-06-05 11:14:44,108 [INFO] PluginManager:220 - loadIPPluginJar : add plateformsettings
2024-06-05 11:14:44,125 [INFO] IPUIPlugin:80 - create IPUIPlugin
2024-06-05 11:14:44,125 [INFO] PluginManager:220 - loadIPPluginJar : add quadspi
2024-06-05 11:14:44,139 [INFO] IPUIPlugin:80 - create IPUIPlugin
2024-06-05 11:14:44,139 [INFO] PluginManager:220 - loadIPPluginJar : add resmgrutility
2024-06-05 11:14:44,176 [INFO] IPUIPlugin:80 - create IPUIPlugin
2024-06-05 11:14:44,176 [INFO] PluginManager:220 - loadIPPluginJar : add sai
2024-06-05 11:14:44,199 [INFO] IPUIPlugin:80 - create IPUIPlugin
2024-06-05 11:14:44,199 [INFO] PluginManager:220 - loadIPPluginJar : add spi
2024-06-05 11:14:44,259 [INFO] IPUIPlugin:80 - create IPUIPlugin
2024-06-05 11:14:44,259 [INFO] PluginManager:220 - loadIPPluginJar : add stm32_wpan
2024-06-05 11:14:44,275 [INFO] IPUIPlugin:80 - create IPUIPlugin
2024-06-05 11:14:44,275 [INFO] PluginManager:220 - loadIPPluginJar : add tim
2024-06-05 11:14:44,325 [INFO] IPUIPlugin:80 - create IPUIPlugin
2024-06-05 11:14:44,325 [INFO] PluginManager:220 - loadIPPluginJar : add touchsensing
2024-06-05 11:14:44,343 [INFO] IPUIPlugin:80 - create IPUIPlugin
2024-06-05 11:14:44,343 [INFO] PluginManager:220 - loadIPPluginJar : add tracer_emb
2024-06-05 11:14:44,365 [INFO] IPUIPlugin:80 - create IPUIPlugin
2024-06-05 11:14:44,365 [INFO] PluginManager:220 - loadIPPluginJar : add ts
2024-06-05 11:14:44,382 [INFO] IPUIPlugin:80 - create IPUIPlugin
2024-06-05 11:14:44,382 [INFO] PluginManager:220 - loadIPPluginJar : add tsc
2024-06-05 11:14:44,399 [INFO] IPUIPlugin:80 - create IPUIPlugin
2024-06-05 11:14:44,399 [INFO] PluginManager:220 - loadIPPluginJar : add ucpd
2024-06-05 11:14:44,442 [INFO] IPUIPlugin:80 - create IPUIPlugin
2024-06-05 11:14:44,442 [INFO] PluginManager:220 - loadIPPluginJar : add usart
2024-06-05 11:14:44,476 [INFO] IPUIPlugin:80 - create IPUIPlugin
2024-06-05 11:14:44,476 [INFO] PluginManager:220 - loadIPPluginJar : add usbx
2024-06-05 11:14:44,589 [INFO] CADModel:165 - CPN selected for project level
2024-06-05 11:14:44,589 [INFO] CADModel:114 - Register for checkConnection events
2024-06-05 11:14:44,589 [FATAL] Updater:308 - Updater called before beeing initialized
2024-06-05 11:14:44,589 [ERROR] CADModel:125 - Updater not yet initialized, retry later 
2024-06-05 11:14:44,700 [INFO] CADModel:165 - CPN selected for project level
2024-06-05 11:14:44,700 [INFO] CADModel:114 - Register for checkConnection events
2024-06-05 11:14:44,700 [FATAL] Updater:308 - Updater called before beeing initialized
2024-06-05 11:14:44,700 [ERROR] CADModel:125 - Updater not yet initialized, retry later 
2024-06-05 11:14:44,700 [FATAL] Updater:308 - Updater called before beeing initialized
2024-06-05 11:14:44,789 [FATAL] Updater:308 - Updater called before beeing initialized
2024-06-05 11:14:44,798 [INFO] DbMcusAds:53 - JSON generation date=Thu May 02 04:37:29 EDT 2024 (1714639049318)
2024-06-05 11:14:44,798 [FATAL] Updater:308 - Updater called before beeing initialized
2024-06-05 11:14:44,832 [WARN] DetailPanel:346 - Failed to get advertising image, set to default
2024-06-05 11:14:44,932 [FATAL] Updater:308 - Updater called before beeing initialized
2024-06-05 11:14:44,958 [FATAL] Updater:308 - Updater called before beeing initialized
2024-06-05 11:14:44,958 [FATAL] Updater:308 - Updater called before beeing initialized
2024-06-05 11:14:44,958 [WARN] DetailPanel:346 - Failed to get advertising image, set to default
2024-06-05 11:14:44,958 [FATAL] Updater:308 - Updater called before beeing initialized
2024-06-05 11:14:45,006 [ERROR] Updater:1120 - MainUpdater not yet initialized. External WinMGr cannot be set.
2024-06-05 11:14:45,016 [INFO] Updater:1056 - Updater Version found : 6.11.1
2024-06-05 11:14:45,032 [INFO] ApplicationProperties:184 - Using Application install path: C:\ST\STM32CubeIDE_1.15.0\STM32CubeIDE\plugins\com.st.stm32cube.common.mx_6.11.1.202404110753
2024-06-05 11:14:45,541 [INFO] ThirdPartyUpdaterWithRetryManager:70 - Updater plugin not ready yet. [2/15]
2024-06-05 11:14:46,649 [ERROR] LogOutputStream:75 - [STDERR_REDIRECT] Jun 05, 2024 11:14:46 AM java.util.prefs.WindowsPreferences <init>
2024-06-05 11:14:46,649 [ERROR] LogOutputStream:75 - [STDERR_REDIRECT] WARNING: Could not open/create prefs root node Software\JavaSoft\Prefs at root 0xffffffff80000002. Windows RegCreateKeyEx(...) returned error code 5.
2024-06-05 11:14:46,649 [ERROR] LogOutputStream:75 - [STDERR_REDIRECT] 
2024-06-05 11:14:47,281 [INFO] MainUpdater:2873 - connection check result : 10
2024-06-05 11:14:47,281 [INFO] MainUpdater:290 - Updater Check For Update Now.
2024-06-05 11:14:47,281 [INFO] MicroXplorer:498 - Change Database Version : DB.6.0.111
2024-06-05 11:14:47,292 [INFO] McuFinderGlobals:63 - Set McuFinder mode to 2 (CubeIDE integrated)
2024-06-05 11:14:47,308 [INFO] UserAuth:415 - Internet connection configuration mode: 1
2024-06-05 11:14:47,349 [INFO] JxBrowserEngine:152 - Initiate JxBrowser Engine with user profile folder
2024-06-05 11:14:47,475 [INFO] CheckServerUpdateThread:120 - End of CheckServer Thread
2024-06-05 11:14:48,716 [WARN] PackLoader:240 - Cannot read IP mode file for STMicroelectronics.FP-SNS-MOTENVWB1.1.4.0
2024-06-05 11:14:48,730 [WARN] PackLoader:240 - Cannot read IP mode file for STMicroelectronics.X-CUBE-SMBUS.2.1.0
2024-06-05 11:14:48,741 [WARN] PackLoader:240 - Cannot read IP mode file for STMicroelectronics.X-CUBE-TOUCHGFX.4.23.2
2024-06-05 11:14:48,768 [WARN] PackLoader:240 - Cannot read IP mode file for STMicroelectronics.X-CUBE-AZRTOS-F7.1.1.0
2024-06-05 11:14:48,789 [WARN] PackLoader:240 - Cannot read IP mode file for STMicroelectronics.FP-SNS-FLIGHT1.5.0.2
2024-06-05 11:14:48,802 [WARN] PackLoader:240 - Cannot read IP mode file for STMicroelectronics.X-CUBE-DISPLAY.3.0.0
2024-06-05 11:14:48,818 [WARN] PackLoader:240 - Cannot read IP mode file for STMicroelectronics.X-CUBE-BLE1.7.0.0
2024-06-05 11:14:48,828 [WARN] PackLoader:240 - Cannot read IP mode file for emotas.I-CUBE-CANOPEN.1.3.0
2024-06-05 11:14:48,853 [WARN] PackLoader:240 - Cannot read IP mode file for STMicroelectronics.X-CUBE-BLEMGR.3.1.0
2024-06-05 11:14:48,866 [WARN] PackLoader:240 - Cannot read IP mode file for STMicroelectronics.FP-SNS-SMARTAG2.1.2.0
2024-06-05 11:14:48,878 [INFO] LogOutputStream:77 - [STDOUT_REDIRECT] 1 : Invalid condition id : UX_CORESTACK_Condition cause : null
2024-06-05 11:14:48,878 [INFO] LogOutputStream:77 - [STDOUT_REDIRECT] 1 : Invalid condition id : UX_CORESTACK_Condition cause : null
2024-06-05 11:14:48,888 [INFO] LogOutputStream:77 - [STDOUT_REDIRECT] 1 : Invalid condition id : UX_CORESTACK_Condition cause : null
2024-06-05 11:14:48,888 [INFO] LogOutputStream:77 - [STDOUT_REDIRECT] 1 : Invalid condition id : UX_CORESTACK_Condition cause : null
2024-06-05 11:14:48,888 [INFO] LogOutputStream:77 - [STDOUT_REDIRECT] 1 : Invalid condition id : UX_CORESTACK_Condition cause : null
2024-06-05 11:14:48,892 [WARN] PackLoader:240 - Cannot read IP mode file for STMicroelectronics.X-CUBE-AZRTOS-WL.2.0.0
2024-06-05 11:14:48,906 [WARN] PackLoader:240 - Cannot read IP mode file for WES.I-CUBE-Cesium.1.3.0
2024-06-05 11:14:48,918 [WARN] PackLoader:240 - Cannot read IP mode file for STMicroelectronics.X-CUBE-BLE2.3.3.0
2024-06-05 11:14:48,931 [WARN] PackLoader:240 - Cannot read IP mode file for STMicroelectronics.X-CUBE-TCPP.4.1.0
2024-06-05 11:14:48,945 [WARN] PackLoader:240 - Cannot read IP mode file for STMicroelectronics.X-CUBE-ALGOBUILD.1.3.0
2024-06-05 11:14:48,970 [WARN] PackLoader:240 - Cannot read IP mode file for STMicroelectronics.X-CUBE-AZRTOS-G0.1.1.0
2024-06-05 11:14:48,993 [WARN] PackLoader:240 - Cannot read IP mode file for STMicroelectronics.X-CUBE-SAFEA1.1.2.2
2024-06-05 11:14:49,000 [WARN] PackLoader:240 - Cannot read IP mode file for STMicroelectronics.X-CUBE-NFC4.3.0.0
2024-06-05 11:14:49,022 [WARN] PackLoader:240 - Cannot read IP mode file for wolfSSL.I-CUBE-wolfMQTT.1.18.0
2024-06-05 11:14:49,034 [WARN] PackLoader:240 - Cannot read IP mode file for wolfSSL.I-CUBE-wolfSSL.5.7.0
2024-06-05 11:14:49,040 [WARN] PackLoader:240 - Cannot read IP mode file for STMicroelectronics.FP-ATR-SIGFOX1.3.2.0
2024-06-05 11:14:49,061 [WARN] PackLoader:240 - Cannot read IP mode file for STMicroelectronics.X-CUBE-EEPRMA1.5.1.0
2024-06-05 11:14:49,071 [WARN] PackLoader:240 - Cannot read IP mode file for ITTIA_DB.I-CUBE-ITTIADB.8.9.0
2024-06-05 11:14:49,098 [WARN] PackLoader:240 - Cannot read IP mode file for SEGGER.I-CUBE-embOS.1.3.1
2024-06-05 11:14:49,134 [WARN] PackLoader:240 - Cannot read IP mode file for STMicroelectronics.X-CUBE-ALGOBUILD.1.4.0
2024-06-05 11:14:49,149 [WARN] PackLoader:240 - Cannot read IP mode file for STMicroelectronics.X-CUBE-GNSS1.6.0.0
2024-06-05 11:14:49,173 [WARN] PackLoader:240 - Cannot read IP mode file for STMicroelectronics.X-CUBE-AZRTOS-F4.1.1.0
2024-06-05 11:14:49,193 [WARN] PackLoader:240 - Cannot read IP mode file for STMicroelectronics.X-CUBE-FREERTOS.1.2.0
2024-06-05 11:14:49,213 [WARN] PackLoader:240 - Cannot read IP mode file for STMicroelectronics.X-CUBE-AZRTOS-L5.2.0.0
2024-06-05 11:14:49,234 [WARN] PackLoader:240 - Cannot read IP mode file for STMicroelectronics.X-CUBE-NFC6.3.1.0
2024-06-05 11:14:49,247 [WARN] PackLoader:240 - Cannot read IP mode file for STMicroelectronics.X-CUBE-AI.9.0.0
2024-06-05 11:14:49,265 [WARN] PackLoader:240 - Cannot read IP mode file for STMicroelectronics.X-CUBE-NFC7.1.0.1
2024-06-05 11:14:49,275 [WARN] PackLoader:240 - Cannot read IP mode file for STMicroelectronics.X-CUBE-AI.8.1.0
2024-06-05 11:14:49,308 [WARN] ConditionMgr:438 - getConditionDescription Invalid condition id : LAN8742 Phy interface Condition cause : null
2024-06-05 11:14:49,309 [WARN] PackLoader:240 - Cannot read IP mode file for STMicroelectronics.X-CUBE-AZRTOS-L4.2.0.0
2024-06-05 11:14:49,309 [WARN] ConditionMgr:1039 - genDependencies : Invalid condition id : LAN8742 Phy interface Condition cause : null
2024-06-05 11:14:49,309 [WARN] ConditionMgr:1039 - genDependencies : Invalid condition id : LAN8742 Phy interface Condition cause : null
2024-06-05 11:14:49,309 [WARN] ConditionMgr:1039 - genDependencies : Invalid condition id : LAN8742 Phy interface Condition cause : null
2024-06-05 11:14:49,326 [WARN] PackLoader:240 - Cannot read IP mode file for STMicroelectronics.X-CUBE-SFXS2LP1.4.0.0
2024-06-05 11:14:49,370 [WARN] ConditionMgr:438 - getConditionDescription Invalid condition id : UX DEVICE CLASS RTOS Condition cause : null
2024-06-05 11:14:49,370 [WARN] ConditionMgr:438 - getConditionDescription Invalid condition id : UX DEVICE CLASS RTOS Condition cause : null
2024-06-05 11:14:49,370 [WARN] PackLoader:240 - Cannot read IP mode file for STMicroelectronics.X-CUBE-AZRTOS-WB.2.0.0
2024-06-05 11:14:49,370 [WARN] ConditionMgr:1039 - genDependencies : Invalid condition id : UX DEVICE CLASS RTOS Condition cause : null
2024-06-05 11:14:49,370 [WARN] ConditionMgr:1039 - genDependencies : Invalid condition id : UX DEVICE CLASS RTOS Condition cause : null
2024-06-05 11:14:49,370 [WARN] ConditionMgr:1039 - genDependencies : Invalid condition id : UX DEVICE CLASS RTOS Condition cause : null
2024-06-05 11:14:49,383 [WARN] ConditionMgr:1039 - genDependencies : Invalid condition id : UX DEVICE CLASS RTOS Condition cause : null
2024-06-05 11:14:49,383 [WARN] ConditionMgr:1039 - genDependencies : Invalid condition id : UX DEVICE CLASS RTOS Condition cause : null
2024-06-05 11:14:49,403 [WARN] PackLoader:240 - Cannot read IP mode file for STMicroelectronics.X-CUBE-SUBG2.5.0.0
2024-06-05 11:14:49,429 [WARN] PackLoader:240 - Cannot read IP mode file for STMicroelectronics.X-CUBE-AZRTOS-G4.2.0.0
2024-06-05 11:14:49,444 [WARN] PackLoader:240 - Cannot read IP mode file for STMicroelectronics.FP-SNS-MOTENVWB1.1.3.1
2024-06-05 11:14:49,458 [WARN] PackLoader:240 - Cannot read IP mode file for STMicroelectronics.X-CUBE-ISPU.2.0.0
2024-06-05 11:14:49,471 [WARN] PackLoader:240 - Cannot read IP mode file for STMicroelectronics.X-CUBE-ALS.1.0.2
2024-06-05 11:14:49,509 [WARN] PackLoader:240 - Cannot read IP mode file for STMicroelectronics.X-CUBE-MEMS1.10.0.0
2024-06-05 11:14:49,594 [WARN] PackLoader:240 - Cannot read IP mode file for STMicroelectronics.X-CUBE-FREERTOS.1.1.0
2024-06-05 11:14:49,607 [WARN] PackLoader:240 - Cannot read IP mode file for portGmbH.I-Cube-SoM-uGOAL.1.1.0
2024-06-05 11:14:49,622 [WARN] PackLoader:240 - Cannot read IP mode file for STMicroelectronics.X-CUBE-ALS.1.0.1
2024-06-05 11:14:49,647 [WARN] PackLoader:240 - Cannot read IP mode file for STMicroelectronics.X-CUBE-AZRTOS-H7RS.1.0.0
2024-06-05 11:14:49,661 [WARN] PackLoader:240 - Cannot read IP mode file for STMicroelectronics.FP-ATR-ASTRA1.2.0.0
2024-06-05 11:14:49,679 [WARN] PackLoader:240 - Cannot read IP mode file for STMicroelectronics.X-CUBE-TOF1.3.4.1
2024-06-05 11:14:49,702 [WARN] PackLoader:240 - Cannot read IP mode file for STMicroelectronics.X-CUBE-AZRTOS-H7.3.2.0
2024-06-05 11:14:49,737 [WARN] PackLoader:240 - Cannot read IP mode file for Infineon.AIROC-Wi-Fi-Bluetooth-STM32.1.6.0
2024-06-05 11:14:49,737 [INFO] ThirdParty:978 - Integrity check success = true
2024-06-05 11:14:49,737 [INFO] IntegrityCheckThread:100 - exiting critical section [integrity check]
2024-06-05 11:14:49,737 [INFO] IntegrityCheckThread:103 - End integrity checks thread
2024-06-05 11:14:51,237 [INFO] WebApp:161 - Instantiating new browser for Auth
2024-06-05 11:14:51,716 [INFO] WebApp:779 - Register for checkConnection events
2024-06-05 11:14:51,726 [INFO] WebApp:414 - Apply proxy settings
2024-06-05 11:14:51,726 [INFO] WebApp:499 - Chromium requires no authentication
2024-06-05 11:14:51,732 [INFO] WebApp:442 - Direct internet connection detected
2024-06-05 11:14:51,898 [INFO] WebApp:192 - Starting web application
2024-06-05 11:14:51,898 [INFO] WebApp:544 - Web application path used C:\ST\STM32CubeIDE_1.15.0\STM32CubeIDE\plugins\com.st.stm32cube.common.mx_6.11.1.202404110753\db\plugins\mcufinder\reactClient1\index.html
2024-06-05 15:41:29,844 [ERROR] LogOutputStream:75 - [STDERR_REDIRECT] 
2024-06-05 15:41:29,845 [ERROR] LogOutputStream:75 - [STDERR_REDIRECT] 
