2024-06-14 20:27:04,166 [INFO] Activator:176 - 


2024-06-14 20:27:04,174 [INFO] Activator:177 - !SESSION log4j initialized
2024-06-14 20:27:09,261 [INFO] LogOutputStream:77 - [STDOUT_REDIRECT] 
2024-06-14 20:27:11,171 [INFO] ApplicationProperties:184 - Using Application install path: C:\ST\STM32CubeIDE_1.15.0\STM32CubeIDE\plugins\com.st.stm32cube.common.mx_6.11.1.202404110753
2024-06-14 20:27:11,184 [INFO] DbMcusXml:78 - Set database path to: C:\ST\STM32CubeIDE_1.15.0\STM32CubeIDE\plugins\com.st.stm32cube.common.mx_6.11.1.202404110753\\db\/mcu/
2024-06-14 20:27:11,184 [INFO] ApiDb:274 - Set plugin database path to: C:\ST\STM32CubeIDE_1.15.0\STM32CubeIDE\plugins\com.st.stm32cube.common.mx_6.11.1.202404110753\\db\/plugins/boardmanager/
2024-06-14 20:27:11,185 [WARN] ApiDb:259 - Overriding images path with different value:  => C:\ST\STM32CubeIDE_1.15.0\STM32CubeIDE\plugins\com.st.stm32cube.common.mx_6.11.1.202404110753\\db\/plugins/mcufinder/images/
2024-06-14 20:27:11,192 [INFO] ApiDb:250 - Set database path to: C:\Users\harun\.stmcufinder\plugins\mcufinder//mcu/
2024-06-14 20:27:11,193 [INFO] DbMcusAds:125 - Set database path to: C:\Users\harun\.stmcufinder\plugins\mcufinder//mcu/
2024-06-14 20:27:11,194 [INFO] CrossReferenceDbSqlite:203 - Set database path to: C:\Users\harun\.stmcufinder\plugins\mcufinder//mcu/cs/
2024-06-14 20:27:11,278 [INFO] RulesReader:64 - Compatibility file has been processed (297 Rules)
2024-06-14 20:27:11,365 [INFO] DbMcusXml:78 - Set database path to: C:\ST\STM32CubeIDE_1.15.0\STM32CubeIDE\plugins\com.st.stm32cube.common.mx_6.11.1.202404110753\\db\/mcu/
2024-06-14 20:27:11,365 [INFO] ApiDb:274 - Set plugin database path to: C:\ST\STM32CubeIDE_1.15.0\STM32CubeIDE\plugins\com.st.stm32cube.common.mx_6.11.1.202404110753\\db\/plugins/boardmanager/
2024-06-14 20:27:11,365 [INFO] ApiDb:261 - Set plugin images path to: C:\ST\STM32CubeIDE_1.15.0\STM32CubeIDE\plugins\com.st.stm32cube.common.mx_6.11.1.202404110753\\db\/plugins/mcufinder/images/
2024-06-14 20:27:11,365 [WARN] DbFile:41 - Overriding database path with different value: C:\Users\harun\.stmcufinder\plugins\mcufinder/ => C:\Users\harun\.stmcufinder\plugins\mcufinder
2024-06-14 20:27:11,365 [INFO] ApiDb:250 - Set database path to: C:\Users\harun\.stmcufinder\plugins\mcufinder//mcu/
2024-06-14 20:27:11,365 [WARN] DbFile:41 - Overriding database path with different value: C:\Users\harun\.stmcufinder\plugins\mcufinder/ => C:\Users\harun\.stmcufinder\plugins\mcufinder
2024-06-14 20:27:11,365 [INFO] DbMcusAds:125 - Set database path to: C:\Users\harun\.stmcufinder\plugins\mcufinder//mcu/
2024-06-14 20:27:11,365 [WARN] DbFile:41 - Overriding database path with different value: C:\Users\harun\.stmcufinder\plugins\mcufinder/ => C:\Users\harun\.stmcufinder\plugins\mcufinder
2024-06-14 20:27:11,365 [WARN] DbFile:41 - Overriding database path with different value: C:\Users\harun\.stmcufinder\plugins\mcufinder/ => C:\Users\harun\.stmcufinder\plugins\mcufinder
2024-06-14 20:27:11,366 [INFO] CrossReferenceDbSqlite:203 - Set database path to: C:\Users\harun\.stmcufinder\plugins\mcufinder//mcu/cs/
2024-06-14 20:27:11,430 [INFO] MainPanel:264 - HeapMemory: 268435456
2024-06-14 20:27:11,504 [INFO] DbMcusXml:78 - Set database path to: C:\ST\STM32CubeIDE_1.15.0\STM32CubeIDE\plugins\com.st.stm32cube.common.mx_6.11.1.202404110753\\db\/mcu/
2024-06-14 20:27:11,504 [INFO] ApiDb:274 - Set plugin database path to: C:\ST\STM32CubeIDE_1.15.0\STM32CubeIDE\plugins\com.st.stm32cube.common.mx_6.11.1.202404110753\\db\/plugins/boardmanager/
2024-06-14 20:27:11,504 [INFO] ApiDb:261 - Set plugin images path to: C:\ST\STM32CubeIDE_1.15.0\STM32CubeIDE\plugins\com.st.stm32cube.common.mx_6.11.1.202404110753\\db\/plugins/mcufinder/images/
2024-06-14 20:27:11,504 [WARN] DbFile:41 - Overriding database path with different value: C:\Users\harun\.stmcufinder\plugins\mcufinder/ => C:\Users\harun\.stmcufinder\plugins\mcufinder
2024-06-14 20:27:11,504 [INFO] ApiDb:250 - Set database path to: C:\Users\harun\.stmcufinder\plugins\mcufinder//mcu/
2024-06-14 20:27:11,504 [WARN] DbFile:41 - Overriding database path with different value: C:\Users\harun\.stmcufinder\plugins\mcufinder/ => C:\Users\harun\.stmcufinder\plugins\mcufinder
2024-06-14 20:27:11,505 [INFO] DbMcusAds:125 - Set database path to: C:\Users\harun\.stmcufinder\plugins\mcufinder//mcu/
2024-06-14 20:27:11,505 [WARN] DbFile:41 - Overriding database path with different value: C:\Users\harun\.stmcufinder\plugins\mcufinder/ => C:\Users\harun\.stmcufinder\plugins\mcufinder
2024-06-14 20:27:11,505 [WARN] DbFile:41 - Overriding database path with different value: C:\Users\harun\.stmcufinder\plugins\mcufinder/ => C:\Users\harun\.stmcufinder\plugins\mcufinder
2024-06-14 20:27:11,505 [INFO] CrossReferenceDbSqlite:203 - Set database path to: C:\Users\harun\.stmcufinder\plugins\mcufinder//mcu/cs/
2024-06-14 20:27:11,520 [INFO] ApplicationProperties:184 - Using Application install path: C:\ST\STM32CubeIDE_1.15.0\STM32CubeIDE\plugins\com.st.stm32cube.common.mx_6.11.1.202404110753
2024-06-14 20:27:11,522 [INFO] PluginManage:196 - Search for loadable plugins [exclusion list=, ]
2024-06-14 20:27:11,523 [INFO] PluginManage:310 - Check plugin analytics
2024-06-14 20:27:11,652 [INFO] AnalyticsPlugin:253 - Accepted Software Licenses: 
2024-06-14 20:27:11,652 [INFO] AnalyticsPlugin:255 - Accepted CMSIS Pack Licenses: 
2024-06-14 20:27:11,652 [INFO] AnalyticsPlugin:257 - Accepted Firmware Licenses: FW.F7.1.17.0
2024-06-14 20:27:11,654 [INFO] PluginManage:359 - Loaded plugin analytics (category:tool,tabindex:-1)
2024-06-14 20:27:11,654 [INFO] PluginManage:310 - Check plugin cadmodel
2024-06-14 20:27:11,695 [INFO] CADModel:105 - Init CAD model plugin
2024-06-14 20:27:11,695 [INFO] PluginManage:359 - Loaded plugin cadmodel (category:power,tabindex:5)
2024-06-14 20:27:11,695 [INFO] PluginManage:310 - Check plugin clock
2024-06-14 20:27:11,712 [INFO] PluginManage:359 - Loaded plugin clock (category:base,tabindex:2)
2024-06-14 20:27:11,712 [INFO] PluginManage:310 - Check plugin ddr
2024-06-14 20:27:11,714 [INFO] PluginManage:359 - Loaded plugin ddr (category:tool,tabindex:6)
2024-06-14 20:27:11,714 [INFO] PluginManage:310 - Check plugin filemanager
2024-06-14 20:27:11,809 [INFO] PluginManage:359 - Loaded plugin filemanager (category:base,tabindex:10)
2024-06-14 20:27:11,809 [INFO] PluginManage:310 - Check plugin ipmanager
2024-06-14 20:27:11,815 [INFO] PluginManage:359 - Loaded plugin ipmanager (category:base,tabindex:5)
2024-06-14 20:27:11,815 [INFO] PluginManage:310 - Check plugin lpbam
2024-06-14 20:27:11,831 [INFO] PluginManage:359 - Loaded plugin lpbam (category:base,tabindex:0)
2024-06-14 20:27:11,831 [INFO] PluginManage:310 - Check plugin memorymap
2024-06-14 20:27:11,851 [INFO] PluginManage:359 - Loaded plugin memorymap (category:base,tabindex:4)
2024-06-14 20:27:11,851 [INFO] PluginManage:310 - Check plugin pinoutandconfiguration
2024-06-14 20:27:11,866 [INFO] PluginManage:359 - Loaded plugin pinoutandconfiguration (category:base,tabindex:1)
2024-06-14 20:27:11,867 [INFO] PluginManage:310 - Check plugin pinoutconfig
2024-06-14 20:27:11,937 [WARN] SupportedApi:132 - Cannot load RTOS API schema: s4s-elt-must-match.1: The content of 'definitions' must match (annotation?, (simpleType | complexType)?, (unique | key | keyref)*)). A problem was found starting at: attribute.
2024-06-14 20:27:12,036 [INFO] PluginManage:359 - Loaded plugin pinoutconfig (category:base,tabindex:0)
2024-06-14 20:27:12,037 [INFO] PluginManage:310 - Check plugin power
2024-06-14 20:27:12,053 [INFO] PluginManage:359 - Loaded plugin power (category:power,tabindex:4)
2024-06-14 20:27:12,053 [INFO] PluginManage:310 - Check plugin projectmanager
2024-06-14 20:27:12,067 [INFO] PluginManage:359 - Loaded plugin projectmanager (category:projectmanager,tabindex:3)
2024-06-14 20:27:12,067 [INFO] PluginManage:310 - Check plugin thirdparty
2024-06-14 20:27:12,296 [INFO] PluginManage:359 - Loaded plugin thirdparty (category:base,tabindex:-1)
2024-06-14 20:27:12,296 [WARN] IntegrityCheckThread:84 - waiting for thirdparty lock release [integrity check]
2024-06-14 20:27:12,296 [INFO] PluginManage:310 - Check plugin tools
2024-06-14 20:27:12,296 [INFO] IntegrityCheckThread:86 - entering critical section [integrity check]
2024-06-14 20:27:12,297 [INFO] ThirdPartyUpdaterWithRetryManager:70 - Updater plugin not ready yet. [1/15]
2024-06-14 20:27:12,329 [INFO] PluginManage:359 - Loaded plugin tools (category:base,tabindex:7)
2024-06-14 20:27:12,329 [INFO] PluginManage:310 - Check plugin tutovideos
2024-06-14 20:27:12,485 [INFO] PluginManage:359 - Loaded plugin tutovideos (category:base,tabindex:-1)
2024-06-14 20:27:12,485 [INFO] PluginManage:310 - Check plugin updater
2024-06-14 20:27:12,493 [INFO] PluginManage:359 - Loaded plugin updater (category:base,tabindex:12)
2024-06-14 20:27:12,493 [INFO] PluginManage:310 - Check plugin userauth
2024-06-14 20:27:12,498 [INFO] UserAuth:114 - Init User Auth plugin
2024-06-14 20:27:12,498 [INFO] PluginManage:359 - Loaded plugin userauth (category:base,tabindex:14)
2024-06-14 20:27:12,498 [INFO] PluginManage:283 - PluginManage : Loaded plugins [17]
2024-06-14 20:27:12,679 [INFO] PinOutPanel:1561 - setPackage(No Configuration,No Configuration)
2024-06-14 20:27:12,749 [INFO] CADModel:165 - CPN selected for project level
2024-06-14 20:27:12,750 [INFO] CADModel:114 - Register for checkConnection events
2024-06-14 20:27:12,775 [INFO] IPUIPlugin:80 - create IPUIPlugin
2024-06-14 20:27:12,775 [INFO] PluginManager:220 - loadIPPluginJar : add adc
2024-06-14 20:27:12,811 [INFO] IPUIPlugin:80 - create IPUIPlugin
2024-06-14 20:27:12,811 [INFO] PluginManager:220 - loadIPPluginJar : add aes
2024-06-14 20:27:12,854 [INFO] IPUIPlugin:80 - create IPUIPlugin
2024-06-14 20:27:12,854 [INFO] PluginManager:220 - loadIPPluginJar : add can
2024-06-14 20:27:12,875 [INFO] IPUIPlugin:80 - create IPUIPlugin
2024-06-14 20:27:12,875 [INFO] PluginManager:220 - loadIPPluginJar : add comp
2024-06-14 20:27:12,906 [INFO] IPUIPlugin:80 - create IPUIPlugin
2024-06-14 20:27:12,907 [INFO] PluginManager:220 - loadIPPluginJar : add cryp
2024-06-14 20:27:12,932 [INFO] IPUIPlugin:80 - create IPUIPlugin
2024-06-14 20:27:12,932 [INFO] PluginManager:220 - loadIPPluginJar : add dfsdm
2024-06-14 20:27:12,944 [INFO] IPUIPlugin:80 - create IPUIPlugin
2024-06-14 20:27:12,944 [INFO] PluginManager:220 - loadIPPluginJar : add dma
2024-06-14 20:27:12,981 [INFO] IPUIPlugin:80 - create IPUIPlugin
2024-06-14 20:27:12,982 [INFO] PluginManager:220 - loadIPPluginJar : add dma3
2024-06-14 20:27:13,017 [INFO] IPUIPlugin:80 - create IPUIPlugin
2024-06-14 20:27:13,017 [INFO] PluginManager:220 - loadIPPluginJar : add extmemmanager
2024-06-14 20:27:13,034 [INFO] IPUIPlugin:80 - create IPUIPlugin
2024-06-14 20:27:13,034 [INFO] PluginManager:220 - loadIPPluginJar : add fatfs
2024-06-14 20:27:13,069 [INFO] IPUIPlugin:80 - create IPUIPlugin
2024-06-14 20:27:13,069 [INFO] PluginManager:220 - loadIPPluginJar : add fmc
2024-06-14 20:27:13,083 [INFO] IPUIPlugin:80 - create IPUIPlugin
2024-06-14 20:27:13,083 [INFO] PluginManager:220 - loadIPPluginJar : add freertos
2024-06-14 20:27:13,101 [INFO] IPUIPlugin:80 - create IPUIPlugin
2024-06-14 20:27:13,101 [INFO] PluginManager:220 - loadIPPluginJar : add genericplugin
2024-06-14 20:27:13,169 [INFO] IPUIPlugin:80 - create IPUIPlugin
2024-06-14 20:27:13,169 [INFO] PluginManager:220 - loadIPPluginJar : add gfxmmu
2024-06-14 20:27:13,264 [INFO] IPUIPlugin:80 - create IPUIPlugin
2024-06-14 20:27:13,264 [INFO] PluginManager:220 - loadIPPluginJar : add gic
2024-06-14 20:27:13,275 [INFO] IPUIPlugin:80 - create IPUIPlugin
2024-06-14 20:27:13,275 [INFO] PluginManager:220 - loadIPPluginJar : add gpio
2024-06-14 20:27:13,344 [INFO] IPUIPlugin:80 - create IPUIPlugin
2024-06-14 20:27:13,344 [INFO] PluginManager:220 - loadIPPluginJar : add gtzc
2024-06-14 20:27:13,369 [INFO] IPUIPlugin:80 - create IPUIPlugin
2024-06-14 20:27:13,370 [INFO] PluginManager:220 - loadIPPluginJar : add hash
2024-06-14 20:27:13,409 [INFO] IPUIPlugin:80 - create IPUIPlugin
2024-06-14 20:27:13,409 [INFO] PluginManager:220 - loadIPPluginJar : add i2c
2024-06-14 20:27:13,439 [INFO] IPUIPlugin:80 - create IPUIPlugin
2024-06-14 20:27:13,439 [INFO] PluginManager:220 - loadIPPluginJar : add i2s
2024-06-14 20:27:13,470 [INFO] IPUIPlugin:80 - create IPUIPlugin
2024-06-14 20:27:13,470 [INFO] PluginManager:220 - loadIPPluginJar : add i3c
2024-06-14 20:27:13,548 [INFO] IPUIPlugin:80 - create IPUIPlugin
2024-06-14 20:27:13,548 [INFO] PluginManager:220 - loadIPPluginJar : add ipddr
2024-06-14 20:27:13,617 [INFO] IPUIPlugin:80 - create IPUIPlugin
2024-06-14 20:27:13,617 [INFO] PluginManager:220 - loadIPPluginJar : add linkedlist
2024-06-14 20:27:13,645 [INFO] IPUIPlugin:80 - create IPUIPlugin
2024-06-14 20:27:13,645 [INFO] PluginManager:220 - loadIPPluginJar : add lorawan
2024-06-14 20:27:13,674 [INFO] IPUIPlugin:80 - create IPUIPlugin
2024-06-14 20:27:13,674 [INFO] PluginManager:220 - loadIPPluginJar : add ltdc
2024-06-14 20:27:13,688 [INFO] IPUIPlugin:80 - create IPUIPlugin
2024-06-14 20:27:13,688 [INFO] PluginManager:220 - loadIPPluginJar : add mdma
2024-06-14 20:27:13,697 [INFO] IPUIPlugin:80 - create IPUIPlugin
2024-06-14 20:27:13,698 [INFO] PluginManager:220 - loadIPPluginJar : add nvic
2024-06-14 20:27:13,724 [INFO] IPUIPlugin:80 - create IPUIPlugin
2024-06-14 20:27:13,724 [INFO] PluginManager:220 - loadIPPluginJar : add opamp
2024-06-14 20:27:13,768 [INFO] IPUIPlugin:80 - create IPUIPlugin
2024-06-14 20:27:13,768 [INFO] PluginManager:220 - loadIPPluginJar : add openamp
2024-06-14 20:27:13,802 [INFO] IPUIPlugin:80 - create IPUIPlugin
2024-06-14 20:27:13,802 [INFO] PluginManager:220 - loadIPPluginJar : add pdm2pcm
2024-06-14 20:27:13,814 [INFO] IPUIPlugin:80 - create IPUIPlugin
2024-06-14 20:27:13,816 [INFO] PluginManager:220 - loadIPPluginJar : add plateformsettings
2024-06-14 20:27:13,834 [INFO] IPUIPlugin:80 - create IPUIPlugin
2024-06-14 20:27:13,835 [INFO] PluginManager:220 - loadIPPluginJar : add quadspi
2024-06-14 20:27:13,845 [INFO] IPUIPlugin:80 - create IPUIPlugin
2024-06-14 20:27:13,845 [INFO] PluginManager:220 - loadIPPluginJar : add resmgrutility
2024-06-14 20:27:13,881 [INFO] IPUIPlugin:80 - create IPUIPlugin
2024-06-14 20:27:13,881 [INFO] PluginManager:220 - loadIPPluginJar : add sai
2024-06-14 20:27:13,913 [INFO] IPUIPlugin:80 - create IPUIPlugin
2024-06-14 20:27:13,913 [INFO] PluginManager:220 - loadIPPluginJar : add spi
2024-06-14 20:27:13,967 [INFO] IPUIPlugin:80 - create IPUIPlugin
2024-06-14 20:27:13,967 [INFO] PluginManager:220 - loadIPPluginJar : add stm32_wpan
2024-06-14 20:27:13,989 [INFO] IPUIPlugin:80 - create IPUIPlugin
2024-06-14 20:27:13,989 [INFO] PluginManager:220 - loadIPPluginJar : add tim
2024-06-14 20:27:14,034 [INFO] IPUIPlugin:80 - create IPUIPlugin
2024-06-14 20:27:14,034 [INFO] PluginManager:220 - loadIPPluginJar : add touchsensing
2024-06-14 20:27:14,052 [INFO] IPUIPlugin:80 - create IPUIPlugin
2024-06-14 20:27:14,052 [INFO] PluginManager:220 - loadIPPluginJar : add tracer_emb
2024-06-14 20:27:14,071 [INFO] IPUIPlugin:80 - create IPUIPlugin
2024-06-14 20:27:14,071 [INFO] PluginManager:220 - loadIPPluginJar : add ts
2024-06-14 20:27:14,090 [INFO] IPUIPlugin:80 - create IPUIPlugin
2024-06-14 20:27:14,090 [INFO] PluginManager:220 - loadIPPluginJar : add tsc
2024-06-14 20:27:14,108 [INFO] IPUIPlugin:80 - create IPUIPlugin
2024-06-14 20:27:14,108 [INFO] PluginManager:220 - loadIPPluginJar : add ucpd
2024-06-14 20:27:14,143 [INFO] IPUIPlugin:80 - create IPUIPlugin
2024-06-14 20:27:14,143 [INFO] PluginManager:220 - loadIPPluginJar : add usart
2024-06-14 20:27:14,178 [INFO] IPUIPlugin:80 - create IPUIPlugin
2024-06-14 20:27:14,178 [INFO] PluginManager:220 - loadIPPluginJar : add usbx
2024-06-14 20:27:14,292 [INFO] CADModel:165 - CPN selected for project level
2024-06-14 20:27:14,292 [INFO] CADModel:114 - Register for checkConnection events
2024-06-14 20:27:14,293 [FATAL] Updater:308 - Updater called before beeing initialized
2024-06-14 20:27:14,293 [ERROR] CADModel:125 - Updater not yet initialized, retry later 
2024-06-14 20:27:14,400 [INFO] CADModel:165 - CPN selected for project level
2024-06-14 20:27:14,400 [INFO] CADModel:114 - Register for checkConnection events
2024-06-14 20:27:14,401 [FATAL] Updater:308 - Updater called before beeing initialized
2024-06-14 20:27:14,401 [ERROR] CADModel:125 - Updater not yet initialized, retry later 
2024-06-14 20:27:14,403 [FATAL] Updater:308 - Updater called before beeing initialized
2024-06-14 20:27:14,500 [FATAL] Updater:308 - Updater called before beeing initialized
2024-06-14 20:27:14,509 [INFO] DbMcusAds:53 - JSON generation date=Thu May 02 04:37:29 EDT 2024 (1714639049318)
2024-06-14 20:27:14,509 [FATAL] Updater:308 - Updater called before beeing initialized
2024-06-14 20:27:14,543 [WARN] DetailPanel:346 - Failed to get advertising image, set to default
2024-06-14 20:27:14,623 [FATAL] Updater:308 - Updater called before beeing initialized
2024-06-14 20:27:14,624 [FATAL] Updater:308 - Updater called before beeing initialized
2024-06-14 20:27:14,624 [FATAL] Updater:308 - Updater called before beeing initialized
2024-06-14 20:27:14,625 [WARN] DetailPanel:346 - Failed to get advertising image, set to default
2024-06-14 20:27:14,625 [FATAL] Updater:308 - Updater called before beeing initialized
2024-06-14 20:27:14,674 [ERROR] Updater:1120 - MainUpdater not yet initialized. External WinMGr cannot be set.
2024-06-14 20:27:14,684 [INFO] Updater:1056 - Updater Version found : 6.11.1
2024-06-14 20:27:14,701 [INFO] ApplicationProperties:184 - Using Application install path: C:\ST\STM32CubeIDE_1.15.0\STM32CubeIDE\plugins\com.st.stm32cube.common.mx_6.11.1.202404110753
2024-06-14 20:27:15,299 [INFO] ThirdPartyUpdaterWithRetryManager:70 - Updater plugin not ready yet. [2/15]
2024-06-14 20:27:16,276 [ERROR] LogOutputStream:75 - [STDERR_REDIRECT] Jun 14, 2024 8:27:16 PM java.util.prefs.WindowsPreferences <init>
2024-06-14 20:27:16,277 [ERROR] LogOutputStream:75 - [STDERR_REDIRECT] WARNING: Could not open/create prefs root node Software\JavaSoft\Prefs at root 0xffffffff80000002. Windows RegCreateKeyEx(...) returned error code 5.
2024-06-14 20:27:16,277 [ERROR] LogOutputStream:75 - [STDERR_REDIRECT] 
2024-06-14 20:27:16,829 [INFO] MainUpdater:2873 - connection check result : 10
2024-06-14 20:27:16,829 [INFO] MainUpdater:3567 - Updater definition file requires update
2024-06-14 20:27:16,830 [INFO] MainUpdater:290 - Updater Check For Update Now.
2024-06-14 20:27:16,830 [INFO] MicroXplorer:498 - Change Database Version : DB.6.0.111
2024-06-14 20:27:16,843 [INFO] McuFinderGlobals:63 - Set McuFinder mode to 2 (CubeIDE integrated)
2024-06-14 20:27:16,852 [INFO] UserAuth:415 - Internet connection configuration mode: 1
2024-06-14 20:27:16,872 [INFO] JxBrowserEngine:152 - Initiate JxBrowser Engine with user profile folder
2024-06-14 20:27:17,578 [INFO] ServerAccessManage:473 - Download File updaters.zip
2024-06-14 20:27:17,654 [INFO] FileExtend:240 - Unzip File : updaters.zip
2024-06-14 20:27:17,654 [INFO] FileExtend:255 - Standard Zip Deflate
2024-06-14 20:27:18,146 [INFO] ServerAccessManage:473 - Download File PacksControlFlags.xml
2024-06-14 20:27:18,300 [WARN] MainUpdater:1194 - Updater busy. Cannot search thirdparties
2024-06-14 20:27:18,300 [INFO] ThirdPartyUpdaterWithRetryManager:96 - Updater plugin is busy. [1/15]
2024-06-14 20:27:18,600 [INFO] ServerAccessManage:473 - Download File cubemx.pidx
2024-06-14 20:27:18,698 [INFO] LoadServerUpdatesThread:375 - End of LoadServerUpdate Thread
2024-06-14 20:27:18,865 [INFO] CheckServerUpdateThread:120 - End of CheckServer Thread
2024-06-14 20:27:21,039 [INFO] WebApp:161 - Instantiating new browser for Auth
2024-06-14 20:27:21,514 [WARN] PackLoader:240 - Cannot read IP mode file for STMicroelectronics.FP-SNS-MOTENVWB1.1.4.0
2024-06-14 20:27:21,531 [WARN] PackLoader:240 - Cannot read IP mode file for STMicroelectronics.X-CUBE-SMBUS.2.1.0
2024-06-14 20:27:21,545 [WARN] PackLoader:240 - Cannot read IP mode file for STMicroelectronics.X-CUBE-TOUCHGFX.4.23.2
2024-06-14 20:27:21,556 [INFO] WebApp:779 - Register for checkConnection events
2024-06-14 20:27:21,556 [INFO] WebApp:414 - Apply proxy settings
2024-06-14 20:27:21,556 [INFO] WebApp:499 - Chromium requires no authentication
2024-06-14 20:27:21,564 [INFO] WebApp:442 - Direct internet connection detected
2024-06-14 20:27:21,577 [WARN] PackLoader:240 - Cannot read IP mode file for STMicroelectronics.X-CUBE-AZRTOS-F7.1.1.0
2024-06-14 20:27:21,593 [WARN] PackLoader:240 - Cannot read IP mode file for STMicroelectronics.FP-SNS-FLIGHT1.5.0.2
2024-06-14 20:27:21,610 [WARN] PackLoader:240 - Cannot read IP mode file for STMicroelectronics.X-CUBE-DISPLAY.3.0.0
2024-06-14 20:27:21,632 [WARN] PackLoader:240 - Cannot read IP mode file for STMicroelectronics.X-CUBE-BLE1.7.0.0
2024-06-14 20:27:21,646 [WARN] PackLoader:240 - Cannot read IP mode file for emotas.I-CUBE-CANOPEN.1.3.0
2024-06-14 20:27:21,663 [WARN] PackLoader:240 - Cannot read IP mode file for STMicroelectronics.X-CUBE-BLEMGR.3.1.0
2024-06-14 20:27:21,677 [WARN] PackLoader:240 - Cannot read IP mode file for STMicroelectronics.FP-SNS-SMARTAG2.1.2.0
2024-06-14 20:27:21,693 [INFO] LogOutputStream:77 - [STDOUT_REDIRECT] 1 : Invalid condition id : UX_CORESTACK_Condition cause : null
2024-06-14 20:27:21,693 [INFO] LogOutputStream:77 - [STDOUT_REDIRECT] 1 : Invalid condition id : UX_CORESTACK_Condition cause : null
2024-06-14 20:27:21,694 [INFO] LogOutputStream:77 - [STDOUT_REDIRECT] 1 : Invalid condition id : UX_CORESTACK_Condition cause : null
2024-06-14 20:27:21,695 [INFO] LogOutputStream:77 - [STDOUT_REDIRECT] 1 : Invalid condition id : UX_CORESTACK_Condition cause : null
2024-06-14 20:27:21,695 [INFO] LogOutputStream:77 - [STDOUT_REDIRECT] 1 : Invalid condition id : UX_CORESTACK_Condition cause : null
2024-06-14 20:27:21,697 [WARN] PackLoader:240 - Cannot read IP mode file for STMicroelectronics.X-CUBE-AZRTOS-WL.2.0.0
2024-06-14 20:27:21,712 [WARN] PackLoader:240 - Cannot read IP mode file for WES.I-CUBE-Cesium.1.3.0
2024-06-14 20:27:21,724 [WARN] PackLoader:240 - Cannot read IP mode file for STMicroelectronics.X-CUBE-BLE2.3.3.0
2024-06-14 20:27:21,736 [WARN] PackLoader:240 - Cannot read IP mode file for STMicroelectronics.X-CUBE-TCPP.4.1.0
2024-06-14 20:27:21,750 [WARN] PackLoader:240 - Cannot read IP mode file for STMicroelectronics.X-CUBE-ALGOBUILD.1.3.0
2024-06-14 20:27:21,772 [WARN] PackLoader:240 - Cannot read IP mode file for STMicroelectronics.X-CUBE-AZRTOS-G0.1.1.0
2024-06-14 20:27:21,788 [WARN] PackLoader:240 - Cannot read IP mode file for STMicroelectronics.X-CUBE-SAFEA1.1.2.2
2024-06-14 20:27:21,803 [WARN] PackLoader:240 - Cannot read IP mode file for STMicroelectronics.X-CUBE-NFC4.3.0.0
2024-06-14 20:27:21,818 [WARN] PackLoader:240 - Cannot read IP mode file for wolfSSL.I-CUBE-wolfMQTT.1.18.0
2024-06-14 20:27:21,831 [WARN] PackLoader:240 - Cannot read IP mode file for wolfSSL.I-CUBE-wolfSSL.5.7.0
2024-06-14 20:27:21,844 [WARN] PackLoader:240 - Cannot read IP mode file for STMicroelectronics.FP-ATR-SIGFOX1.3.2.0
2024-06-14 20:27:21,862 [WARN] PackLoader:240 - Cannot read IP mode file for STMicroelectronics.X-CUBE-EEPRMA1.5.1.0
2024-06-14 20:27:21,881 [WARN] PackLoader:240 - Cannot read IP mode file for ITTIA_DB.I-CUBE-ITTIADB.8.9.0
2024-06-14 20:27:21,914 [WARN] PackLoader:240 - Cannot read IP mode file for SEGGER.I-CUBE-embOS.1.3.1
2024-06-14 20:27:21,955 [WARN] PackLoader:240 - Cannot read IP mode file for STMicroelectronics.X-CUBE-ALGOBUILD.1.4.0
2024-06-14 20:27:21,970 [WARN] PackLoader:240 - Cannot read IP mode file for STMicroelectronics.X-CUBE-GNSS1.6.0.0
2024-06-14 20:27:21,976 [INFO] WebApp:192 - Starting web application
2024-06-14 20:27:21,977 [INFO] WebApp:544 - Web application path used C:\ST\STM32CubeIDE_1.15.0\STM32CubeIDE\plugins\com.st.stm32cube.common.mx_6.11.1.202404110753\db\plugins\mcufinder\reactClient1\index.html
2024-06-14 20:27:22,000 [WARN] PackLoader:240 - Cannot read IP mode file for STMicroelectronics.X-CUBE-AZRTOS-F4.1.1.0
2024-06-14 20:27:22,016 [WARN] PackLoader:240 - Cannot read IP mode file for STMicroelectronics.X-CUBE-FREERTOS.1.2.0
2024-06-14 20:27:22,041 [WARN] PackLoader:240 - Cannot read IP mode file for STMicroelectronics.X-CUBE-AZRTOS-L5.2.0.0
2024-06-14 20:27:22,059 [WARN] PackLoader:240 - Cannot read IP mode file for STMicroelectronics.X-CUBE-NFC6.3.1.0
2024-06-14 20:27:22,074 [WARN] PackLoader:240 - Cannot read IP mode file for STMicroelectronics.X-CUBE-AI.9.0.0
2024-06-14 20:27:22,086 [WARN] PackLoader:240 - Cannot read IP mode file for STMicroelectronics.X-CUBE-NFC7.1.0.1
2024-06-14 20:27:22,097 [WARN] PackLoader:240 - Cannot read IP mode file for STMicroelectronics.X-CUBE-AI.8.1.0
2024-06-14 20:27:22,119 [WARN] ConditionMgr:438 - getConditionDescription Invalid condition id : LAN8742 Phy interface Condition cause : null
2024-06-14 20:27:22,119 [WARN] PackLoader:240 - Cannot read IP mode file for STMicroelectronics.X-CUBE-AZRTOS-L4.2.0.0
2024-06-14 20:27:22,120 [WARN] ConditionMgr:1039 - genDependencies : Invalid condition id : LAN8742 Phy interface Condition cause : null
2024-06-14 20:27:22,120 [WARN] ConditionMgr:1039 - genDependencies : Invalid condition id : LAN8742 Phy interface Condition cause : null
2024-06-14 20:27:22,121 [WARN] ConditionMgr:1039 - genDependencies : Invalid condition id : LAN8742 Phy interface Condition cause : null
2024-06-14 20:27:22,134 [WARN] PackLoader:240 - Cannot read IP mode file for STMicroelectronics.X-CUBE-SFXS2LP1.4.0.0
2024-06-14 20:27:22,158 [WARN] ConditionMgr:438 - getConditionDescription Invalid condition id : UX DEVICE CLASS RTOS Condition cause : null
2024-06-14 20:27:22,158 [WARN] ConditionMgr:438 - getConditionDescription Invalid condition id : UX DEVICE CLASS RTOS Condition cause : null
2024-06-14 20:27:22,159 [WARN] PackLoader:240 - Cannot read IP mode file for STMicroelectronics.X-CUBE-AZRTOS-WB.2.0.0
2024-06-14 20:27:22,159 [WARN] ConditionMgr:1039 - genDependencies : Invalid condition id : UX DEVICE CLASS RTOS Condition cause : null
2024-06-14 20:27:22,159 [WARN] ConditionMgr:1039 - genDependencies : Invalid condition id : UX DEVICE CLASS RTOS Condition cause : null
2024-06-14 20:27:22,160 [WARN] ConditionMgr:1039 - genDependencies : Invalid condition id : UX DEVICE CLASS RTOS Condition cause : null
2024-06-14 20:27:22,160 [WARN] ConditionMgr:1039 - genDependencies : Invalid condition id : UX DEVICE CLASS RTOS Condition cause : null
2024-06-14 20:27:22,160 [WARN] ConditionMgr:1039 - genDependencies : Invalid condition id : UX DEVICE CLASS RTOS Condition cause : null
2024-06-14 20:27:22,178 [WARN] PackLoader:240 - Cannot read IP mode file for STMicroelectronics.X-CUBE-SUBG2.5.0.0
2024-06-14 20:27:22,205 [WARN] PackLoader:240 - Cannot read IP mode file for STMicroelectronics.X-CUBE-AZRTOS-G4.2.0.0
2024-06-14 20:27:22,222 [WARN] PackLoader:240 - Cannot read IP mode file for STMicroelectronics.FP-SNS-MOTENVWB1.1.3.1
2024-06-14 20:27:22,238 [WARN] PackLoader:240 - Cannot read IP mode file for STMicroelectronics.X-CUBE-ISPU.2.0.0
2024-06-14 20:27:22,252 [WARN] PackLoader:240 - Cannot read IP mode file for STMicroelectronics.X-CUBE-ALS.1.0.2
2024-06-14 20:27:22,298 [WARN] PackLoader:240 - Cannot read IP mode file for STMicroelectronics.X-CUBE-MEMS1.10.0.0
2024-06-14 20:27:22,383 [WARN] PackLoader:240 - Cannot read IP mode file for STMicroelectronics.X-CUBE-FREERTOS.1.1.0
2024-06-14 20:27:22,402 [WARN] PackLoader:240 - Cannot read IP mode file for portGmbH.I-Cube-SoM-uGOAL.1.1.0
2024-06-14 20:27:22,417 [WARN] PackLoader:240 - Cannot read IP mode file for STMicroelectronics.X-CUBE-ALS.1.0.1
2024-06-14 20:27:22,448 [WARN] PackLoader:240 - Cannot read IP mode file for STMicroelectronics.X-CUBE-AZRTOS-H7RS.1.0.0
2024-06-14 20:27:22,465 [WARN] PackLoader:240 - Cannot read IP mode file for STMicroelectronics.FP-ATR-ASTRA1.2.0.0
2024-06-14 20:27:22,485 [WARN] PackLoader:240 - Cannot read IP mode file for STMicroelectronics.X-CUBE-TOF1.3.4.1
2024-06-14 20:27:22,521 [WARN] PackLoader:240 - Cannot read IP mode file for STMicroelectronics.X-CUBE-AZRTOS-H7.3.2.0
2024-06-14 20:27:22,550 [WARN] PackLoader:240 - Cannot read IP mode file for Infineon.AIROC-Wi-Fi-Bluetooth-STM32.1.6.0
2024-06-14 20:27:22,555 [INFO] ThirdParty:978 - Integrity check success = true
2024-06-14 20:27:22,555 [INFO] IntegrityCheckThread:100 - exiting critical section [integrity check]
2024-06-14 20:27:22,555 [INFO] IntegrityCheckThread:103 - End integrity checks thread
