2024-05-29 18:01:22,616 [INFO] Activator:176 - 


2024-05-29 18:01:22,626 [INFO] Activator:177 - !SESSION log4j initialized
2024-05-29 18:01:27,978 [INFO] LogOutputStream:77 - [STDOUT_REDIRECT] 
2024-05-29 18:01:30,053 [INFO] ApplicationProperties:184 - Using Application install path: C:\ST\STM32CubeIDE_1.15.0\STM32CubeIDE\plugins\com.st.stm32cube.common.mx_6.11.1.202404110753
2024-05-29 18:01:30,069 [INFO] DbMcusXml:78 - Set database path to: C:\ST\STM32CubeIDE_1.15.0\STM32CubeIDE\plugins\com.st.stm32cube.common.mx_6.11.1.202404110753\\db\/mcu/
2024-05-29 18:01:30,070 [INFO] ApiDb:274 - Set plugin database path to: C:\ST\STM32CubeIDE_1.15.0\STM32CubeIDE\plugins\com.st.stm32cube.common.mx_6.11.1.202404110753\\db\/plugins/boardmanager/
2024-05-29 18:01:30,070 [WARN] ApiDb:259 - Overriding images path with different value:  => C:\ST\STM32CubeIDE_1.15.0\STM32CubeIDE\plugins\com.st.stm32cube.common.mx_6.11.1.202404110753\\db\/plugins/mcufinder/images/
2024-05-29 18:01:30,079 [INFO] ApiDb:250 - Set database path to: C:\Users\harun\.stmcufinder\plugins\mcufinder//mcu/
2024-05-29 18:01:30,080 [INFO] DbMcusAds:125 - Set database path to: C:\Users\harun\.stmcufinder\plugins\mcufinder//mcu/
2024-05-29 18:01:30,081 [INFO] CrossReferenceDbSqlite:203 - Set database path to: C:\Users\harun\.stmcufinder\plugins\mcufinder//mcu/cs/
2024-05-29 18:01:30,169 [INFO] RulesReader:64 - Compatibility file has been processed (297 Rules)
2024-05-29 18:01:30,253 [INFO] DbMcusXml:78 - Set database path to: C:\ST\STM32CubeIDE_1.15.0\STM32CubeIDE\plugins\com.st.stm32cube.common.mx_6.11.1.202404110753\\db\/mcu/
2024-05-29 18:01:30,253 [INFO] ApiDb:274 - Set plugin database path to: C:\ST\STM32CubeIDE_1.15.0\STM32CubeIDE\plugins\com.st.stm32cube.common.mx_6.11.1.202404110753\\db\/plugins/boardmanager/
2024-05-29 18:01:30,253 [INFO] ApiDb:261 - Set plugin images path to: C:\ST\STM32CubeIDE_1.15.0\STM32CubeIDE\plugins\com.st.stm32cube.common.mx_6.11.1.202404110753\\db\/plugins/mcufinder/images/
2024-05-29 18:01:30,253 [WARN] DbFile:41 - Overriding database path with different value: C:\Users\harun\.stmcufinder\plugins\mcufinder/ => C:\Users\harun\.stmcufinder\plugins\mcufinder
2024-05-29 18:01:30,253 [INFO] ApiDb:250 - Set database path to: C:\Users\harun\.stmcufinder\plugins\mcufinder//mcu/
2024-05-29 18:01:30,253 [WARN] DbFile:41 - Overriding database path with different value: C:\Users\harun\.stmcufinder\plugins\mcufinder/ => C:\Users\harun\.stmcufinder\plugins\mcufinder
2024-05-29 18:01:30,253 [INFO] DbMcusAds:125 - Set database path to: C:\Users\harun\.stmcufinder\plugins\mcufinder//mcu/
2024-05-29 18:01:30,253 [WARN] DbFile:41 - Overriding database path with different value: C:\Users\harun\.stmcufinder\plugins\mcufinder/ => C:\Users\harun\.stmcufinder\plugins\mcufinder
2024-05-29 18:01:30,253 [WARN] DbFile:41 - Overriding database path with different value: C:\Users\harun\.stmcufinder\plugins\mcufinder/ => C:\Users\harun\.stmcufinder\plugins\mcufinder
2024-05-29 18:01:30,253 [INFO] CrossReferenceDbSqlite:203 - Set database path to: C:\Users\harun\.stmcufinder\plugins\mcufinder//mcu/cs/
2024-05-29 18:01:30,326 [INFO] MainPanel:264 - HeapMemory: 268435456
2024-05-29 18:01:30,406 [INFO] DbMcusXml:78 - Set database path to: C:\ST\STM32CubeIDE_1.15.0\STM32CubeIDE\plugins\com.st.stm32cube.common.mx_6.11.1.202404110753\\db\/mcu/
2024-05-29 18:01:30,406 [INFO] ApiDb:274 - Set plugin database path to: C:\ST\STM32CubeIDE_1.15.0\STM32CubeIDE\plugins\com.st.stm32cube.common.mx_6.11.1.202404110753\\db\/plugins/boardmanager/
2024-05-29 18:01:30,406 [INFO] ApiDb:261 - Set plugin images path to: C:\ST\STM32CubeIDE_1.15.0\STM32CubeIDE\plugins\com.st.stm32cube.common.mx_6.11.1.202404110753\\db\/plugins/mcufinder/images/
2024-05-29 18:01:30,406 [WARN] DbFile:41 - Overriding database path with different value: C:\Users\harun\.stmcufinder\plugins\mcufinder/ => C:\Users\harun\.stmcufinder\plugins\mcufinder
2024-05-29 18:01:30,406 [INFO] ApiDb:250 - Set database path to: C:\Users\harun\.stmcufinder\plugins\mcufinder//mcu/
2024-05-29 18:01:30,406 [WARN] DbFile:41 - Overriding database path with different value: C:\Users\harun\.stmcufinder\plugins\mcufinder/ => C:\Users\harun\.stmcufinder\plugins\mcufinder
2024-05-29 18:01:30,406 [INFO] DbMcusAds:125 - Set database path to: C:\Users\harun\.stmcufinder\plugins\mcufinder//mcu/
2024-05-29 18:01:30,406 [WARN] DbFile:41 - Overriding database path with different value: C:\Users\harun\.stmcufinder\plugins\mcufinder/ => C:\Users\harun\.stmcufinder\plugins\mcufinder
2024-05-29 18:01:30,406 [WARN] DbFile:41 - Overriding database path with different value: C:\Users\harun\.stmcufinder\plugins\mcufinder/ => C:\Users\harun\.stmcufinder\plugins\mcufinder
2024-05-29 18:01:30,407 [INFO] CrossReferenceDbSqlite:203 - Set database path to: C:\Users\harun\.stmcufinder\plugins\mcufinder//mcu/cs/
2024-05-29 18:01:30,422 [INFO] ApplicationProperties:184 - Using Application install path: C:\ST\STM32CubeIDE_1.15.0\STM32CubeIDE\plugins\com.st.stm32cube.common.mx_6.11.1.202404110753
2024-05-29 18:01:30,424 [INFO] PluginManage:196 - Search for loadable plugins [exclusion list=, ]
2024-05-29 18:01:30,425 [INFO] PluginManage:310 - Check plugin analytics
2024-05-29 18:01:30,552 [INFO] AnalyticsPlugin:253 - Accepted Software Licenses: 
2024-05-29 18:01:30,553 [INFO] AnalyticsPlugin:255 - Accepted CMSIS Pack Licenses: 
2024-05-29 18:01:30,553 [INFO] AnalyticsPlugin:257 - Accepted Firmware Licenses: FW.F7.1.17.0
2024-05-29 18:01:30,555 [INFO] PluginManage:359 - Loaded plugin analytics (category:tool,tabindex:-1)
2024-05-29 18:01:30,555 [INFO] PluginManage:310 - Check plugin cadmodel
2024-05-29 18:01:30,597 [INFO] CADModel:105 - Init CAD model plugin
2024-05-29 18:01:30,597 [INFO] PluginManage:359 - Loaded plugin cadmodel (category:power,tabindex:5)
2024-05-29 18:01:30,597 [INFO] PluginManage:310 - Check plugin clock
2024-05-29 18:01:30,613 [INFO] PluginManage:359 - Loaded plugin clock (category:base,tabindex:2)
2024-05-29 18:01:30,614 [INFO] PluginManage:310 - Check plugin ddr
2024-05-29 18:01:30,615 [INFO] PluginManage:359 - Loaded plugin ddr (category:tool,tabindex:6)
2024-05-29 18:01:30,616 [INFO] PluginManage:310 - Check plugin filemanager
2024-05-29 18:01:30,725 [INFO] PluginManage:359 - Loaded plugin filemanager (category:base,tabindex:10)
2024-05-29 18:01:30,725 [INFO] PluginManage:310 - Check plugin ipmanager
2024-05-29 18:01:30,731 [INFO] PluginManage:359 - Loaded plugin ipmanager (category:base,tabindex:5)
2024-05-29 18:01:30,732 [INFO] PluginManage:310 - Check plugin lpbam
2024-05-29 18:01:30,747 [INFO] PluginManage:359 - Loaded plugin lpbam (category:base,tabindex:0)
2024-05-29 18:01:30,747 [INFO] PluginManage:310 - Check plugin memorymap
2024-05-29 18:01:30,767 [INFO] PluginManage:359 - Loaded plugin memorymap (category:base,tabindex:4)
2024-05-29 18:01:30,767 [INFO] PluginManage:310 - Check plugin pinoutandconfiguration
2024-05-29 18:01:30,782 [INFO] PluginManage:359 - Loaded plugin pinoutandconfiguration (category:base,tabindex:1)
2024-05-29 18:01:30,782 [INFO] PluginManage:310 - Check plugin pinoutconfig
2024-05-29 18:01:30,861 [WARN] SupportedApi:132 - Cannot load RTOS API schema: s4s-elt-must-match.1: The content of 'definitions' must match (annotation?, (simpleType | complexType)?, (unique | key | keyref)*)). A problem was found starting at: attribute.
2024-05-29 18:01:30,966 [INFO] PluginManage:359 - Loaded plugin pinoutconfig (category:base,tabindex:0)
2024-05-29 18:01:30,966 [INFO] PluginManage:310 - Check plugin power
2024-05-29 18:01:30,984 [INFO] PluginManage:359 - Loaded plugin power (category:power,tabindex:4)
2024-05-29 18:01:30,984 [INFO] PluginManage:310 - Check plugin projectmanager
2024-05-29 18:01:30,997 [INFO] PluginManage:359 - Loaded plugin projectmanager (category:projectmanager,tabindex:3)
2024-05-29 18:01:30,997 [INFO] PluginManage:310 - Check plugin thirdparty
2024-05-29 18:01:31,226 [INFO] PluginManage:359 - Loaded plugin thirdparty (category:base,tabindex:-1)
2024-05-29 18:01:31,226 [INFO] PluginManage:310 - Check plugin tools
2024-05-29 18:01:31,226 [WARN] IntegrityCheckThread:84 - waiting for thirdparty lock release [integrity check]
2024-05-29 18:01:31,226 [INFO] IntegrityCheckThread:86 - entering critical section [integrity check]
2024-05-29 18:01:31,227 [INFO] ThirdPartyUpdaterWithRetryManager:70 - Updater plugin not ready yet. [1/15]
2024-05-29 18:01:31,253 [INFO] PluginManage:359 - Loaded plugin tools (category:base,tabindex:7)
2024-05-29 18:01:31,253 [INFO] PluginManage:310 - Check plugin tutovideos
2024-05-29 18:01:31,421 [INFO] PluginManage:359 - Loaded plugin tutovideos (category:base,tabindex:-1)
2024-05-29 18:01:31,422 [INFO] PluginManage:310 - Check plugin updater
2024-05-29 18:01:31,431 [INFO] PluginManage:359 - Loaded plugin updater (category:base,tabindex:12)
2024-05-29 18:01:31,431 [INFO] PluginManage:310 - Check plugin userauth
2024-05-29 18:01:31,436 [INFO] UserAuth:114 - Init User Auth plugin
2024-05-29 18:01:31,436 [INFO] PluginManage:359 - Loaded plugin userauth (category:base,tabindex:14)
2024-05-29 18:01:31,436 [INFO] PluginManage:283 - PluginManage : Loaded plugins [17]
2024-05-29 18:01:31,626 [INFO] PinOutPanel:1561 - setPackage(No Configuration,No Configuration)
2024-05-29 18:01:31,693 [INFO] CADModel:165 - CPN selected for project level
2024-05-29 18:01:31,693 [INFO] CADModel:114 - Register for checkConnection events
2024-05-29 18:01:31,717 [INFO] IPUIPlugin:80 - create IPUIPlugin
2024-05-29 18:01:31,717 [INFO] PluginManager:220 - loadIPPluginJar : add adc
2024-05-29 18:01:31,744 [INFO] IPUIPlugin:80 - create IPUIPlugin
2024-05-29 18:01:31,744 [INFO] PluginManager:220 - loadIPPluginJar : add aes
2024-05-29 18:01:31,775 [INFO] IPUIPlugin:80 - create IPUIPlugin
2024-05-29 18:01:31,775 [INFO] PluginManager:220 - loadIPPluginJar : add can
2024-05-29 18:01:31,793 [INFO] IPUIPlugin:80 - create IPUIPlugin
2024-05-29 18:01:31,793 [INFO] PluginManager:220 - loadIPPluginJar : add comp
2024-05-29 18:01:31,819 [INFO] IPUIPlugin:80 - create IPUIPlugin
2024-05-29 18:01:31,819 [INFO] PluginManager:220 - loadIPPluginJar : add cryp
2024-05-29 18:01:31,842 [INFO] IPUIPlugin:80 - create IPUIPlugin
2024-05-29 18:01:31,842 [INFO] PluginManager:220 - loadIPPluginJar : add dfsdm
2024-05-29 18:01:31,854 [INFO] IPUIPlugin:80 - create IPUIPlugin
2024-05-29 18:01:31,855 [INFO] PluginManager:220 - loadIPPluginJar : add dma
2024-05-29 18:01:31,889 [INFO] IPUIPlugin:80 - create IPUIPlugin
2024-05-29 18:01:31,889 [INFO] PluginManager:220 - loadIPPluginJar : add dma3
2024-05-29 18:01:31,922 [INFO] IPUIPlugin:80 - create IPUIPlugin
2024-05-29 18:01:31,922 [INFO] PluginManager:220 - loadIPPluginJar : add extmemmanager
2024-05-29 18:01:31,939 [INFO] IPUIPlugin:80 - create IPUIPlugin
2024-05-29 18:01:31,939 [INFO] PluginManager:220 - loadIPPluginJar : add fatfs
2024-05-29 18:01:31,973 [INFO] IPUIPlugin:80 - create IPUIPlugin
2024-05-29 18:01:31,973 [INFO] PluginManager:220 - loadIPPluginJar : add fmc
2024-05-29 18:01:31,986 [INFO] IPUIPlugin:80 - create IPUIPlugin
2024-05-29 18:01:31,986 [INFO] PluginManager:220 - loadIPPluginJar : add freertos
2024-05-29 18:01:32,003 [INFO] IPUIPlugin:80 - create IPUIPlugin
2024-05-29 18:01:32,003 [INFO] PluginManager:220 - loadIPPluginJar : add genericplugin
2024-05-29 18:01:32,069 [INFO] IPUIPlugin:80 - create IPUIPlugin
2024-05-29 18:01:32,069 [INFO] PluginManager:220 - loadIPPluginJar : add gfxmmu
2024-05-29 18:01:32,158 [INFO] IPUIPlugin:80 - create IPUIPlugin
2024-05-29 18:01:32,158 [INFO] PluginManager:220 - loadIPPluginJar : add gic
2024-05-29 18:01:32,169 [INFO] IPUIPlugin:80 - create IPUIPlugin
2024-05-29 18:01:32,169 [INFO] PluginManager:220 - loadIPPluginJar : add gpio
2024-05-29 18:01:32,235 [INFO] IPUIPlugin:80 - create IPUIPlugin
2024-05-29 18:01:32,235 [INFO] PluginManager:220 - loadIPPluginJar : add gtzc
2024-05-29 18:01:32,259 [INFO] IPUIPlugin:80 - create IPUIPlugin
2024-05-29 18:01:32,259 [INFO] PluginManager:220 - loadIPPluginJar : add hash
2024-05-29 18:01:32,297 [INFO] IPUIPlugin:80 - create IPUIPlugin
2024-05-29 18:01:32,297 [INFO] PluginManager:220 - loadIPPluginJar : add i2c
2024-05-29 18:01:32,326 [INFO] IPUIPlugin:80 - create IPUIPlugin
2024-05-29 18:01:32,326 [INFO] PluginManager:220 - loadIPPluginJar : add i2s
2024-05-29 18:01:32,356 [INFO] IPUIPlugin:80 - create IPUIPlugin
2024-05-29 18:01:32,356 [INFO] PluginManager:220 - loadIPPluginJar : add i3c
2024-05-29 18:01:32,435 [INFO] IPUIPlugin:80 - create IPUIPlugin
2024-05-29 18:01:32,435 [INFO] PluginManager:220 - loadIPPluginJar : add ipddr
2024-05-29 18:01:32,501 [INFO] IPUIPlugin:80 - create IPUIPlugin
2024-05-29 18:01:32,501 [INFO] PluginManager:220 - loadIPPluginJar : add linkedlist
2024-05-29 18:01:32,528 [INFO] IPUIPlugin:80 - create IPUIPlugin
2024-05-29 18:01:32,528 [INFO] PluginManager:220 - loadIPPluginJar : add lorawan
2024-05-29 18:01:32,555 [INFO] IPUIPlugin:80 - create IPUIPlugin
2024-05-29 18:01:32,555 [INFO] PluginManager:220 - loadIPPluginJar : add ltdc
2024-05-29 18:01:32,567 [INFO] IPUIPlugin:80 - create IPUIPlugin
2024-05-29 18:01:32,567 [INFO] PluginManager:220 - loadIPPluginJar : add mdma
2024-05-29 18:01:32,577 [INFO] IPUIPlugin:80 - create IPUIPlugin
2024-05-29 18:01:32,577 [INFO] PluginManager:220 - loadIPPluginJar : add nvic
2024-05-29 18:01:32,604 [INFO] IPUIPlugin:80 - create IPUIPlugin
2024-05-29 18:01:32,604 [INFO] PluginManager:220 - loadIPPluginJar : add opamp
2024-05-29 18:01:32,647 [INFO] IPUIPlugin:80 - create IPUIPlugin
2024-05-29 18:01:32,647 [INFO] PluginManager:220 - loadIPPluginJar : add openamp
2024-05-29 18:01:32,679 [INFO] IPUIPlugin:80 - create IPUIPlugin
2024-05-29 18:01:32,680 [INFO] PluginManager:220 - loadIPPluginJar : add pdm2pcm
2024-05-29 18:01:32,692 [INFO] IPUIPlugin:80 - create IPUIPlugin
2024-05-29 18:01:32,693 [INFO] PluginManager:220 - loadIPPluginJar : add plateformsettings
2024-05-29 18:01:32,711 [INFO] IPUIPlugin:80 - create IPUIPlugin
2024-05-29 18:01:32,711 [INFO] PluginManager:220 - loadIPPluginJar : add quadspi
2024-05-29 18:01:32,722 [INFO] IPUIPlugin:80 - create IPUIPlugin
2024-05-29 18:01:32,722 [INFO] PluginManager:220 - loadIPPluginJar : add resmgrutility
2024-05-29 18:01:32,757 [INFO] IPUIPlugin:80 - create IPUIPlugin
2024-05-29 18:01:32,757 [INFO] PluginManager:220 - loadIPPluginJar : add sai
2024-05-29 18:01:32,783 [INFO] IPUIPlugin:80 - create IPUIPlugin
2024-05-29 18:01:32,783 [INFO] PluginManager:220 - loadIPPluginJar : add spi
2024-05-29 18:01:32,836 [INFO] IPUIPlugin:80 - create IPUIPlugin
2024-05-29 18:01:32,837 [INFO] PluginManager:220 - loadIPPluginJar : add stm32_wpan
2024-05-29 18:01:32,855 [INFO] IPUIPlugin:80 - create IPUIPlugin
2024-05-29 18:01:32,855 [INFO] PluginManager:220 - loadIPPluginJar : add tim
2024-05-29 18:01:32,899 [INFO] IPUIPlugin:80 - create IPUIPlugin
2024-05-29 18:01:32,899 [INFO] PluginManager:220 - loadIPPluginJar : add touchsensing
2024-05-29 18:01:32,918 [INFO] IPUIPlugin:80 - create IPUIPlugin
2024-05-29 18:01:32,918 [INFO] PluginManager:220 - loadIPPluginJar : add tracer_emb
2024-05-29 18:01:32,937 [INFO] IPUIPlugin:80 - create IPUIPlugin
2024-05-29 18:01:32,937 [INFO] PluginManager:220 - loadIPPluginJar : add ts
2024-05-29 18:01:32,954 [INFO] IPUIPlugin:80 - create IPUIPlugin
2024-05-29 18:01:32,954 [INFO] PluginManager:220 - loadIPPluginJar : add tsc
2024-05-29 18:01:32,972 [INFO] IPUIPlugin:80 - create IPUIPlugin
2024-05-29 18:01:32,972 [INFO] PluginManager:220 - loadIPPluginJar : add ucpd
2024-05-29 18:01:33,004 [INFO] IPUIPlugin:80 - create IPUIPlugin
2024-05-29 18:01:33,004 [INFO] PluginManager:220 - loadIPPluginJar : add usart
2024-05-29 18:01:33,036 [INFO] IPUIPlugin:80 - create IPUIPlugin
2024-05-29 18:01:33,036 [INFO] PluginManager:220 - loadIPPluginJar : add usbx
2024-05-29 18:01:33,152 [INFO] CADModel:165 - CPN selected for project level
2024-05-29 18:01:33,152 [INFO] CADModel:114 - Register for checkConnection events
2024-05-29 18:01:33,152 [FATAL] Updater:308 - Updater called before beeing initialized
2024-05-29 18:01:33,152 [ERROR] CADModel:125 - Updater not yet initialized, retry later 
2024-05-29 18:01:33,262 [INFO] CADModel:165 - CPN selected for project level
2024-05-29 18:01:33,262 [INFO] CADModel:114 - Register for checkConnection events
2024-05-29 18:01:33,262 [FATAL] Updater:308 - Updater called before beeing initialized
2024-05-29 18:01:33,262 [ERROR] CADModel:125 - Updater not yet initialized, retry later 
2024-05-29 18:01:33,264 [FATAL] Updater:308 - Updater called before beeing initialized
2024-05-29 18:01:33,355 [FATAL] Updater:308 - Updater called before beeing initialized
2024-05-29 18:01:33,364 [INFO] DbMcusAds:53 - JSON generation date=Thu May 02 04:37:29 EDT 2024 (1714639049318)
2024-05-29 18:01:33,364 [FATAL] Updater:308 - Updater called before beeing initialized
2024-05-29 18:01:33,398 [WARN] DetailPanel:346 - Failed to get advertising image, set to default
2024-05-29 18:01:33,495 [FATAL] Updater:308 - Updater called before beeing initialized
2024-05-29 18:01:33,506 [FATAL] Updater:308 - Updater called before beeing initialized
2024-05-29 18:01:33,506 [FATAL] Updater:308 - Updater called before beeing initialized
2024-05-29 18:01:33,506 [WARN] DetailPanel:346 - Failed to get advertising image, set to default
2024-05-29 18:01:33,507 [FATAL] Updater:308 - Updater called before beeing initialized
2024-05-29 18:01:33,559 [ERROR] Updater:1120 - MainUpdater not yet initialized. External WinMGr cannot be set.
2024-05-29 18:01:33,570 [INFO] Updater:1056 - Updater Version found : 6.11.1
2024-05-29 18:01:33,590 [INFO] ApplicationProperties:184 - Using Application install path: C:\ST\STM32CubeIDE_1.15.0\STM32CubeIDE\plugins\com.st.stm32cube.common.mx_6.11.1.202404110753
2024-05-29 18:01:34,228 [INFO] ThirdPartyUpdaterWithRetryManager:70 - Updater plugin not ready yet. [2/15]
2024-05-29 18:01:35,167 [ERROR] LogOutputStream:75 - [STDERR_REDIRECT] May 29, 2024 6:01:35 PM java.util.prefs.WindowsPreferences <init>
2024-05-29 18:01:35,168 [ERROR] LogOutputStream:75 - [STDERR_REDIRECT] WARNING: Could not open/create prefs root node Software\JavaSoft\Prefs at root 0xffffffff80000002. Windows RegCreateKeyEx(...) returned error code 5.
2024-05-29 18:01:35,168 [ERROR] LogOutputStream:75 - [STDERR_REDIRECT] 
2024-05-29 18:01:35,502 [INFO] MainUpdater:2873 - connection check result : 10
2024-05-29 18:01:35,502 [INFO] MainUpdater:290 - Updater Check For Update Now.
2024-05-29 18:01:35,503 [INFO] MicroXplorer:498 - Change Database Version : DB.6.0.111
2024-05-29 18:01:35,516 [INFO] McuFinderGlobals:63 - Set McuFinder mode to 2 (CubeIDE integrated)
2024-05-29 18:01:35,528 [INFO] UserAuth:415 - Internet connection configuration mode: 1
2024-05-29 18:01:35,566 [INFO] JxBrowserEngine:152 - Initiate JxBrowser Engine with user profile folder
2024-05-29 18:01:35,685 [INFO] CheckServerUpdateThread:120 - End of CheckServer Thread
2024-05-29 18:01:37,416 [WARN] PackLoader:240 - Cannot read IP mode file for STMicroelectronics.FP-SNS-MOTENVWB1.1.4.0
2024-05-29 18:01:37,432 [WARN] PackLoader:240 - Cannot read IP mode file for STMicroelectronics.X-CUBE-SMBUS.2.1.0
2024-05-29 18:01:37,444 [WARN] PackLoader:240 - Cannot read IP mode file for STMicroelectronics.X-CUBE-TOUCHGFX.4.23.2
2024-05-29 18:01:37,479 [WARN] PackLoader:240 - Cannot read IP mode file for STMicroelectronics.X-CUBE-AZRTOS-F7.1.1.0
2024-05-29 18:01:37,495 [WARN] PackLoader:240 - Cannot read IP mode file for STMicroelectronics.FP-SNS-FLIGHT1.5.0.2
2024-05-29 18:01:37,512 [WARN] PackLoader:240 - Cannot read IP mode file for STMicroelectronics.X-CUBE-DISPLAY.3.0.0
2024-05-29 18:01:37,534 [WARN] PackLoader:240 - Cannot read IP mode file for STMicroelectronics.X-CUBE-BLE1.7.0.0
2024-05-29 18:01:37,546 [WARN] PackLoader:240 - Cannot read IP mode file for emotas.I-CUBE-CANOPEN.1.3.0
2024-05-29 18:01:37,562 [WARN] PackLoader:240 - Cannot read IP mode file for STMicroelectronics.X-CUBE-BLEMGR.3.1.0
2024-05-29 18:01:37,575 [WARN] PackLoader:240 - Cannot read IP mode file for STMicroelectronics.FP-SNS-SMARTAG2.1.2.0
2024-05-29 18:01:37,591 [INFO] LogOutputStream:77 - [STDOUT_REDIRECT] 1 : Invalid condition id : UX_CORESTACK_Condition cause : null
2024-05-29 18:01:37,593 [INFO] LogOutputStream:77 - [STDOUT_REDIRECT] 1 : Invalid condition id : UX_CORESTACK_Condition cause : null
2024-05-29 18:01:37,594 [INFO] LogOutputStream:77 - [STDOUT_REDIRECT] 1 : Invalid condition id : UX_CORESTACK_Condition cause : null
2024-05-29 18:01:37,595 [INFO] LogOutputStream:77 - [STDOUT_REDIRECT] 1 : Invalid condition id : UX_CORESTACK_Condition cause : null
2024-05-29 18:01:37,596 [INFO] LogOutputStream:77 - [STDOUT_REDIRECT] 1 : Invalid condition id : UX_CORESTACK_Condition cause : null
2024-05-29 18:01:37,598 [WARN] PackLoader:240 - Cannot read IP mode file for STMicroelectronics.X-CUBE-AZRTOS-WL.2.0.0
2024-05-29 18:01:37,614 [WARN] PackLoader:240 - Cannot read IP mode file for WES.I-CUBE-Cesium.1.3.0
2024-05-29 18:01:37,625 [WARN] PackLoader:240 - Cannot read IP mode file for STMicroelectronics.X-CUBE-BLE2.3.3.0
2024-05-29 18:01:37,637 [WARN] PackLoader:240 - Cannot read IP mode file for STMicroelectronics.X-CUBE-TCPP.4.1.0
2024-05-29 18:01:37,652 [WARN] PackLoader:240 - Cannot read IP mode file for STMicroelectronics.X-CUBE-ALGOBUILD.1.3.0
2024-05-29 18:01:37,686 [WARN] PackLoader:240 - Cannot read IP mode file for STMicroelectronics.X-CUBE-AZRTOS-G0.1.1.0
2024-05-29 18:01:37,705 [WARN] PackLoader:240 - Cannot read IP mode file for STMicroelectronics.X-CUBE-SAFEA1.1.2.2
2024-05-29 18:01:37,721 [WARN] PackLoader:240 - Cannot read IP mode file for STMicroelectronics.X-CUBE-NFC4.3.0.0
2024-05-29 18:01:37,736 [WARN] PackLoader:240 - Cannot read IP mode file for wolfSSL.I-CUBE-wolfSSL.5.7.0
2024-05-29 18:01:37,748 [WARN] PackLoader:240 - Cannot read IP mode file for STMicroelectronics.FP-ATR-SIGFOX1.3.2.0
2024-05-29 18:01:37,765 [WARN] PackLoader:240 - Cannot read IP mode file for STMicroelectronics.X-CUBE-EEPRMA1.5.1.0
2024-05-29 18:01:37,782 [WARN] PackLoader:240 - Cannot read IP mode file for ITTIA_DB.I-CUBE-ITTIADB.8.9.0
2024-05-29 18:01:37,815 [WARN] PackLoader:240 - Cannot read IP mode file for SEGGER.I-CUBE-embOS.1.3.1
2024-05-29 18:01:37,853 [WARN] PackLoader:240 - Cannot read IP mode file for STMicroelectronics.X-CUBE-ALGOBUILD.1.4.0
2024-05-29 18:01:37,867 [WARN] PackLoader:240 - Cannot read IP mode file for STMicroelectronics.X-CUBE-GNSS1.6.0.0
2024-05-29 18:01:37,891 [WARN] PackLoader:240 - Cannot read IP mode file for STMicroelectronics.X-CUBE-AZRTOS-F4.1.1.0
2024-05-29 18:01:37,905 [WARN] PackLoader:240 - Cannot read IP mode file for STMicroelectronics.X-CUBE-FREERTOS.1.2.0
2024-05-29 18:01:37,928 [WARN] PackLoader:240 - Cannot read IP mode file for STMicroelectronics.X-CUBE-AZRTOS-L5.2.0.0
2024-05-29 18:01:37,942 [WARN] PackLoader:240 - Cannot read IP mode file for STMicroelectronics.X-CUBE-NFC6.3.1.0
2024-05-29 18:01:37,955 [WARN] PackLoader:240 - Cannot read IP mode file for STMicroelectronics.X-CUBE-AI.9.0.0
2024-05-29 18:01:37,968 [WARN] PackLoader:240 - Cannot read IP mode file for STMicroelectronics.X-CUBE-NFC7.1.0.1
2024-05-29 18:01:37,979 [WARN] PackLoader:240 - Cannot read IP mode file for STMicroelectronics.X-CUBE-AI.8.1.0
2024-05-29 18:01:38,006 [WARN] ConditionMgr:438 - getConditionDescription Invalid condition id : LAN8742 Phy interface Condition cause : null
2024-05-29 18:01:38,007 [WARN] PackLoader:240 - Cannot read IP mode file for STMicroelectronics.X-CUBE-AZRTOS-L4.2.0.0
2024-05-29 18:01:38,008 [WARN] ConditionMgr:1039 - genDependencies : Invalid condition id : LAN8742 Phy interface Condition cause : null
2024-05-29 18:01:38,009 [WARN] ConditionMgr:1039 - genDependencies : Invalid condition id : LAN8742 Phy interface Condition cause : null
2024-05-29 18:01:38,009 [WARN] ConditionMgr:1039 - genDependencies : Invalid condition id : LAN8742 Phy interface Condition cause : null
2024-05-29 18:01:38,028 [WARN] PackLoader:240 - Cannot read IP mode file for STMicroelectronics.X-CUBE-SFXS2LP1.4.0.0
2024-05-29 18:01:38,070 [WARN] ConditionMgr:438 - getConditionDescription Invalid condition id : UX DEVICE CLASS RTOS Condition cause : null
2024-05-29 18:01:38,070 [WARN] ConditionMgr:438 - getConditionDescription Invalid condition id : UX DEVICE CLASS RTOS Condition cause : null
2024-05-29 18:01:38,072 [WARN] PackLoader:240 - Cannot read IP mode file for STMicroelectronics.X-CUBE-AZRTOS-WB.2.0.0
2024-05-29 18:01:38,073 [WARN] ConditionMgr:1039 - genDependencies : Invalid condition id : UX DEVICE CLASS RTOS Condition cause : null
2024-05-29 18:01:38,073 [WARN] ConditionMgr:1039 - genDependencies : Invalid condition id : UX DEVICE CLASS RTOS Condition cause : null
2024-05-29 18:01:38,074 [WARN] ConditionMgr:1039 - genDependencies : Invalid condition id : UX DEVICE CLASS RTOS Condition cause : null
2024-05-29 18:01:38,074 [WARN] ConditionMgr:1039 - genDependencies : Invalid condition id : UX DEVICE CLASS RTOS Condition cause : null
2024-05-29 18:01:38,074 [WARN] ConditionMgr:1039 - genDependencies : Invalid condition id : UX DEVICE CLASS RTOS Condition cause : null
2024-05-29 18:01:38,094 [WARN] PackLoader:240 - Cannot read IP mode file for STMicroelectronics.X-CUBE-SUBG2.5.0.0
2024-05-29 18:01:38,126 [WARN] PackLoader:240 - Cannot read IP mode file for STMicroelectronics.X-CUBE-AZRTOS-G4.2.0.0
2024-05-29 18:01:38,139 [WARN] PackLoader:240 - Cannot read IP mode file for STMicroelectronics.FP-SNS-MOTENVWB1.1.3.1
2024-05-29 18:01:38,156 [WARN] PackLoader:240 - Cannot read IP mode file for STMicroelectronics.X-CUBE-ISPU.2.0.0
2024-05-29 18:01:38,172 [WARN] PackLoader:240 - Cannot read IP mode file for STMicroelectronics.X-CUBE-ALS.1.0.2
2024-05-29 18:01:38,223 [WARN] PackLoader:240 - Cannot read IP mode file for STMicroelectronics.X-CUBE-MEMS1.10.0.0
2024-05-29 18:01:38,331 [WARN] PackLoader:240 - Cannot read IP mode file for STMicroelectronics.X-CUBE-FREERTOS.1.1.0
2024-05-29 18:01:38,350 [WARN] PackLoader:240 - Cannot read IP mode file for portGmbH.I-Cube-SoM-uGOAL.1.1.0
2024-05-29 18:01:38,364 [WARN] PackLoader:240 - Cannot read IP mode file for STMicroelectronics.X-CUBE-ALS.1.0.1
2024-05-29 18:01:38,392 [WARN] PackLoader:240 - Cannot read IP mode file for STMicroelectronics.X-CUBE-AZRTOS-H7RS.1.0.0
2024-05-29 18:01:38,407 [WARN] PackLoader:240 - Cannot read IP mode file for STMicroelectronics.FP-ATR-ASTRA1.2.0.0
2024-05-29 18:01:38,426 [WARN] PackLoader:240 - Cannot read IP mode file for STMicroelectronics.X-CUBE-TOF1.3.4.1
2024-05-29 18:01:38,459 [WARN] PackLoader:240 - Cannot read IP mode file for STMicroelectronics.X-CUBE-AZRTOS-H7.3.2.0
2024-05-29 18:01:38,490 [WARN] PackLoader:240 - Cannot read IP mode file for Infineon.AIROC-Wi-Fi-Bluetooth-STM32.1.6.0
2024-05-29 18:01:38,495 [INFO] ThirdParty:978 - Integrity check success = true
2024-05-29 18:01:38,495 [INFO] IntegrityCheckThread:100 - exiting critical section [integrity check]
2024-05-29 18:01:38,495 [INFO] IntegrityCheckThread:103 - End integrity checks thread
2024-05-29 18:01:39,569 [INFO] WebApp:161 - Instantiating new browser for Auth
2024-05-29 18:01:40,060 [INFO] WebApp:779 - Register for checkConnection events
2024-05-29 18:01:40,061 [INFO] WebApp:414 - Apply proxy settings
2024-05-29 18:01:40,061 [INFO] WebApp:499 - Chromium requires no authentication
2024-05-29 18:01:40,068 [INFO] WebApp:442 - Direct internet connection detected
2024-05-29 18:01:40,214 [INFO] WebApp:192 - Starting web application
2024-05-29 18:01:40,214 [INFO] WebApp:544 - Web application path used C:\ST\STM32CubeIDE_1.15.0\STM32CubeIDE\plugins\com.st.stm32cube.common.mx_6.11.1.202404110753\db\plugins\mcufinder\reactClient1\index.html
2024-05-29 21:32:10,060 [ERROR] LogOutputStream:75 - [STDERR_REDIRECT] 
