2024-06-16 16:25:52,902 [INFO] Activator:176 - 


2024-06-16 16:25:52,918 [INFO] Activator:177 - !SESSION log4j initialized
2024-06-16 16:25:58,076 [INFO] LogOutputStream:77 - [STDOUT_REDIRECT] 
2024-06-16 16:26:00,219 [INFO] ApplicationProperties:184 - Using Application install path: C:\ST\STM32CubeIDE_1.15.0\STM32CubeIDE\plugins\com.st.stm32cube.common.mx_6.11.1.202404110753
2024-06-16 16:26:00,232 [INFO] DbMcusXml:78 - Set database path to: C:\ST\STM32CubeIDE_1.15.0\STM32CubeIDE\plugins\com.st.stm32cube.common.mx_6.11.1.202404110753\\db\/mcu/
2024-06-16 16:26:00,232 [INFO] ApiDb:274 - Set plugin database path to: C:\ST\STM32CubeIDE_1.15.0\STM32CubeIDE\plugins\com.st.stm32cube.common.mx_6.11.1.202404110753\\db\/plugins/boardmanager/
2024-06-16 16:26:00,232 [WARN] ApiDb:259 - Overriding images path with different value:  => C:\ST\STM32CubeIDE_1.15.0\STM32CubeIDE\plugins\com.st.stm32cube.common.mx_6.11.1.202404110753\\db\/plugins/mcufinder/images/
2024-06-16 16:26:00,238 [INFO] ApiDb:250 - Set database path to: C:\Users\harun\.stmcufinder\plugins\mcufinder//mcu/
2024-06-16 16:26:00,238 [INFO] DbMcusAds:125 - Set database path to: C:\Users\harun\.stmcufinder\plugins\mcufinder//mcu/
2024-06-16 16:26:00,240 [INFO] CrossReferenceDbSqlite:203 - Set database path to: C:\Users\harun\.stmcufinder\plugins\mcufinder//mcu/cs/
2024-06-16 16:26:00,320 [INFO] RulesReader:64 - Compatibility file has been processed (297 Rules)
2024-06-16 16:26:00,403 [INFO] DbMcusXml:78 - Set database path to: C:\ST\STM32CubeIDE_1.15.0\STM32CubeIDE\plugins\com.st.stm32cube.common.mx_6.11.1.202404110753\\db\/mcu/
2024-06-16 16:26:00,403 [INFO] ApiDb:274 - Set plugin database path to: C:\ST\STM32CubeIDE_1.15.0\STM32CubeIDE\plugins\com.st.stm32cube.common.mx_6.11.1.202404110753\\db\/plugins/boardmanager/
2024-06-16 16:26:00,403 [INFO] ApiDb:261 - Set plugin images path to: C:\ST\STM32CubeIDE_1.15.0\STM32CubeIDE\plugins\com.st.stm32cube.common.mx_6.11.1.202404110753\\db\/plugins/mcufinder/images/
2024-06-16 16:26:00,403 [WARN] DbFile:41 - Overriding database path with different value: C:\Users\harun\.stmcufinder\plugins\mcufinder/ => C:\Users\harun\.stmcufinder\plugins\mcufinder
2024-06-16 16:26:00,403 [INFO] ApiDb:250 - Set database path to: C:\Users\harun\.stmcufinder\plugins\mcufinder//mcu/
2024-06-16 16:26:00,404 [WARN] DbFile:41 - Overriding database path with different value: C:\Users\harun\.stmcufinder\plugins\mcufinder/ => C:\Users\harun\.stmcufinder\plugins\mcufinder
2024-06-16 16:26:00,404 [INFO] DbMcusAds:125 - Set database path to: C:\Users\harun\.stmcufinder\plugins\mcufinder//mcu/
2024-06-16 16:26:00,404 [WARN] DbFile:41 - Overriding database path with different value: C:\Users\harun\.stmcufinder\plugins\mcufinder/ => C:\Users\harun\.stmcufinder\plugins\mcufinder
2024-06-16 16:26:00,404 [WARN] DbFile:41 - Overriding database path with different value: C:\Users\harun\.stmcufinder\plugins\mcufinder/ => C:\Users\harun\.stmcufinder\plugins\mcufinder
2024-06-16 16:26:00,404 [INFO] CrossReferenceDbSqlite:203 - Set database path to: C:\Users\harun\.stmcufinder\plugins\mcufinder//mcu/cs/
2024-06-16 16:26:00,467 [INFO] MainPanel:264 - HeapMemory: 268435456
2024-06-16 16:26:00,543 [INFO] DbMcusXml:78 - Set database path to: C:\ST\STM32CubeIDE_1.15.0\STM32CubeIDE\plugins\com.st.stm32cube.common.mx_6.11.1.202404110753\\db\/mcu/
2024-06-16 16:26:00,543 [INFO] ApiDb:274 - Set plugin database path to: C:\ST\STM32CubeIDE_1.15.0\STM32CubeIDE\plugins\com.st.stm32cube.common.mx_6.11.1.202404110753\\db\/plugins/boardmanager/
2024-06-16 16:26:00,543 [INFO] ApiDb:261 - Set plugin images path to: C:\ST\STM32CubeIDE_1.15.0\STM32CubeIDE\plugins\com.st.stm32cube.common.mx_6.11.1.202404110753\\db\/plugins/mcufinder/images/
2024-06-16 16:26:00,544 [WARN] DbFile:41 - Overriding database path with different value: C:\Users\harun\.stmcufinder\plugins\mcufinder/ => C:\Users\harun\.stmcufinder\plugins\mcufinder
2024-06-16 16:26:00,544 [INFO] ApiDb:250 - Set database path to: C:\Users\harun\.stmcufinder\plugins\mcufinder//mcu/
2024-06-16 16:26:00,544 [WARN] DbFile:41 - Overriding database path with different value: C:\Users\harun\.stmcufinder\plugins\mcufinder/ => C:\Users\harun\.stmcufinder\plugins\mcufinder
2024-06-16 16:26:00,544 [INFO] DbMcusAds:125 - Set database path to: C:\Users\harun\.stmcufinder\plugins\mcufinder//mcu/
2024-06-16 16:26:00,544 [WARN] DbFile:41 - Overriding database path with different value: C:\Users\harun\.stmcufinder\plugins\mcufinder/ => C:\Users\harun\.stmcufinder\plugins\mcufinder
2024-06-16 16:26:00,544 [WARN] DbFile:41 - Overriding database path with different value: C:\Users\harun\.stmcufinder\plugins\mcufinder/ => C:\Users\harun\.stmcufinder\plugins\mcufinder
2024-06-16 16:26:00,544 [INFO] CrossReferenceDbSqlite:203 - Set database path to: C:\Users\harun\.stmcufinder\plugins\mcufinder//mcu/cs/
2024-06-16 16:26:00,559 [INFO] ApplicationProperties:184 - Using Application install path: C:\ST\STM32CubeIDE_1.15.0\STM32CubeIDE\plugins\com.st.stm32cube.common.mx_6.11.1.202404110753
2024-06-16 16:26:00,559 [INFO] PluginManage:196 - Search for loadable plugins [exclusion list=, ]
2024-06-16 16:26:00,560 [INFO] PluginManage:310 - Check plugin analytics
2024-06-16 16:26:00,682 [INFO] AnalyticsPlugin:253 - Accepted Software Licenses: 
2024-06-16 16:26:00,682 [INFO] AnalyticsPlugin:255 - Accepted CMSIS Pack Licenses: 
2024-06-16 16:26:00,682 [INFO] AnalyticsPlugin:257 - Accepted Firmware Licenses: FW.F7.1.17.0
2024-06-16 16:26:00,685 [INFO] PluginManage:359 - Loaded plugin analytics (category:tool,tabindex:-1)
2024-06-16 16:26:00,685 [INFO] PluginManage:310 - Check plugin cadmodel
2024-06-16 16:26:00,727 [INFO] CADModel:105 - Init CAD model plugin
2024-06-16 16:26:00,728 [INFO] PluginManage:359 - Loaded plugin cadmodel (category:power,tabindex:5)
2024-06-16 16:26:00,728 [INFO] PluginManage:310 - Check plugin clock
2024-06-16 16:26:00,746 [INFO] PluginManage:359 - Loaded plugin clock (category:base,tabindex:2)
2024-06-16 16:26:00,746 [INFO] PluginManage:310 - Check plugin ddr
2024-06-16 16:26:00,748 [INFO] PluginManage:359 - Loaded plugin ddr (category:tool,tabindex:6)
2024-06-16 16:26:00,749 [INFO] PluginManage:310 - Check plugin filemanager
2024-06-16 16:26:00,853 [INFO] PluginManage:359 - Loaded plugin filemanager (category:base,tabindex:10)
2024-06-16 16:26:00,853 [INFO] PluginManage:310 - Check plugin ipmanager
2024-06-16 16:26:00,859 [INFO] PluginManage:359 - Loaded plugin ipmanager (category:base,tabindex:5)
2024-06-16 16:26:00,859 [INFO] PluginManage:310 - Check plugin lpbam
2024-06-16 16:26:00,874 [INFO] PluginManage:359 - Loaded plugin lpbam (category:base,tabindex:0)
2024-06-16 16:26:00,874 [INFO] PluginManage:310 - Check plugin memorymap
2024-06-16 16:26:00,894 [INFO] PluginManage:359 - Loaded plugin memorymap (category:base,tabindex:4)
2024-06-16 16:26:00,895 [INFO] PluginManage:310 - Check plugin pinoutandconfiguration
2024-06-16 16:26:00,908 [INFO] PluginManage:359 - Loaded plugin pinoutandconfiguration (category:base,tabindex:1)
2024-06-16 16:26:00,908 [INFO] PluginManage:310 - Check plugin pinoutconfig
2024-06-16 16:26:00,980 [WARN] SupportedApi:132 - Cannot load RTOS API schema: s4s-elt-must-match.1: The content of 'definitions' must match (annotation?, (simpleType | complexType)?, (unique | key | keyref)*)). A problem was found starting at: attribute.
2024-06-16 16:26:01,078 [INFO] PluginManage:359 - Loaded plugin pinoutconfig (category:base,tabindex:0)
2024-06-16 16:26:01,078 [INFO] PluginManage:310 - Check plugin power
2024-06-16 16:26:01,094 [INFO] PluginManage:359 - Loaded plugin power (category:power,tabindex:4)
2024-06-16 16:26:01,094 [INFO] PluginManage:310 - Check plugin projectmanager
2024-06-16 16:26:01,105 [INFO] PluginManage:359 - Loaded plugin projectmanager (category:projectmanager,tabindex:3)
2024-06-16 16:26:01,105 [INFO] PluginManage:310 - Check plugin thirdparty
2024-06-16 16:26:01,337 [INFO] PluginManage:359 - Loaded plugin thirdparty (category:base,tabindex:-1)
2024-06-16 16:26:01,337 [INFO] PluginManage:310 - Check plugin tools
2024-06-16 16:26:01,337 [WARN] IntegrityCheckThread:84 - waiting for thirdparty lock release [integrity check]
2024-06-16 16:26:01,337 [INFO] IntegrityCheckThread:86 - entering critical section [integrity check]
2024-06-16 16:26:01,338 [INFO] ThirdPartyUpdaterWithRetryManager:70 - Updater plugin not ready yet. [1/15]
2024-06-16 16:26:01,372 [INFO] PluginManage:359 - Loaded plugin tools (category:base,tabindex:7)
2024-06-16 16:26:01,372 [INFO] PluginManage:310 - Check plugin tutovideos
2024-06-16 16:26:01,525 [INFO] PluginManage:359 - Loaded plugin tutovideos (category:base,tabindex:-1)
2024-06-16 16:26:01,525 [INFO] PluginManage:310 - Check plugin updater
2024-06-16 16:26:01,533 [INFO] PluginManage:359 - Loaded plugin updater (category:base,tabindex:12)
2024-06-16 16:26:01,533 [INFO] PluginManage:310 - Check plugin userauth
2024-06-16 16:26:01,538 [INFO] UserAuth:114 - Init User Auth plugin
2024-06-16 16:26:01,538 [INFO] PluginManage:359 - Loaded plugin userauth (category:base,tabindex:14)
2024-06-16 16:26:01,538 [INFO] PluginManage:283 - PluginManage : Loaded plugins [17]
2024-06-16 16:26:01,705 [INFO] PinOutPanel:1561 - setPackage(No Configuration,No Configuration)
2024-06-16 16:26:01,764 [INFO] CADModel:165 - CPN selected for project level
2024-06-16 16:26:01,764 [INFO] CADModel:114 - Register for checkConnection events
2024-06-16 16:26:01,785 [INFO] IPUIPlugin:80 - create IPUIPlugin
2024-06-16 16:26:01,785 [INFO] PluginManager:220 - loadIPPluginJar : add adc
2024-06-16 16:26:01,814 [INFO] IPUIPlugin:80 - create IPUIPlugin
2024-06-16 16:26:01,814 [INFO] PluginManager:220 - loadIPPluginJar : add aes
2024-06-16 16:26:01,846 [INFO] IPUIPlugin:80 - create IPUIPlugin
2024-06-16 16:26:01,846 [INFO] PluginManager:220 - loadIPPluginJar : add can
2024-06-16 16:26:01,864 [INFO] IPUIPlugin:80 - create IPUIPlugin
2024-06-16 16:26:01,864 [INFO] PluginManager:220 - loadIPPluginJar : add comp
2024-06-16 16:26:01,890 [INFO] IPUIPlugin:80 - create IPUIPlugin
2024-06-16 16:26:01,891 [INFO] PluginManager:220 - loadIPPluginJar : add cryp
2024-06-16 16:26:01,915 [INFO] IPUIPlugin:80 - create IPUIPlugin
2024-06-16 16:26:01,915 [INFO] PluginManager:220 - loadIPPluginJar : add dfsdm
2024-06-16 16:26:01,926 [INFO] IPUIPlugin:80 - create IPUIPlugin
2024-06-16 16:26:01,927 [INFO] PluginManager:220 - loadIPPluginJar : add dma
2024-06-16 16:26:01,959 [INFO] IPUIPlugin:80 - create IPUIPlugin
2024-06-16 16:26:01,959 [INFO] PluginManager:220 - loadIPPluginJar : add dma3
2024-06-16 16:26:01,993 [INFO] IPUIPlugin:80 - create IPUIPlugin
2024-06-16 16:26:01,993 [INFO] PluginManager:220 - loadIPPluginJar : add extmemmanager
2024-06-16 16:26:02,010 [INFO] IPUIPlugin:80 - create IPUIPlugin
2024-06-16 16:26:02,010 [INFO] PluginManager:220 - loadIPPluginJar : add fatfs
2024-06-16 16:26:02,046 [INFO] IPUIPlugin:80 - create IPUIPlugin
2024-06-16 16:26:02,046 [INFO] PluginManager:220 - loadIPPluginJar : add fmc
2024-06-16 16:26:02,058 [INFO] IPUIPlugin:80 - create IPUIPlugin
2024-06-16 16:26:02,059 [INFO] PluginManager:220 - loadIPPluginJar : add freertos
2024-06-16 16:26:02,076 [INFO] IPUIPlugin:80 - create IPUIPlugin
2024-06-16 16:26:02,076 [INFO] PluginManager:220 - loadIPPluginJar : add genericplugin
2024-06-16 16:26:02,143 [INFO] IPUIPlugin:80 - create IPUIPlugin
2024-06-16 16:26:02,143 [INFO] PluginManager:220 - loadIPPluginJar : add gfxmmu
2024-06-16 16:26:02,237 [INFO] IPUIPlugin:80 - create IPUIPlugin
2024-06-16 16:26:02,237 [INFO] PluginManager:220 - loadIPPluginJar : add gic
2024-06-16 16:26:02,247 [INFO] IPUIPlugin:80 - create IPUIPlugin
2024-06-16 16:26:02,247 [INFO] PluginManager:220 - loadIPPluginJar : add gpio
2024-06-16 16:26:02,314 [INFO] IPUIPlugin:80 - create IPUIPlugin
2024-06-16 16:26:02,314 [INFO] PluginManager:220 - loadIPPluginJar : add gtzc
2024-06-16 16:26:02,339 [INFO] IPUIPlugin:80 - create IPUIPlugin
2024-06-16 16:26:02,339 [INFO] PluginManager:220 - loadIPPluginJar : add hash
2024-06-16 16:26:02,379 [INFO] IPUIPlugin:80 - create IPUIPlugin
2024-06-16 16:26:02,379 [INFO] PluginManager:220 - loadIPPluginJar : add i2c
2024-06-16 16:26:02,409 [INFO] IPUIPlugin:80 - create IPUIPlugin
2024-06-16 16:26:02,410 [INFO] PluginManager:220 - loadIPPluginJar : add i2s
2024-06-16 16:26:02,441 [INFO] IPUIPlugin:80 - create IPUIPlugin
2024-06-16 16:26:02,441 [INFO] PluginManager:220 - loadIPPluginJar : add i3c
2024-06-16 16:26:02,520 [INFO] IPUIPlugin:80 - create IPUIPlugin
2024-06-16 16:26:02,520 [INFO] PluginManager:220 - loadIPPluginJar : add ipddr
2024-06-16 16:26:02,586 [INFO] IPUIPlugin:80 - create IPUIPlugin
2024-06-16 16:26:02,587 [INFO] PluginManager:220 - loadIPPluginJar : add linkedlist
2024-06-16 16:26:02,615 [INFO] IPUIPlugin:80 - create IPUIPlugin
2024-06-16 16:26:02,615 [INFO] PluginManager:220 - loadIPPluginJar : add lorawan
2024-06-16 16:26:02,646 [INFO] IPUIPlugin:80 - create IPUIPlugin
2024-06-16 16:26:02,646 [INFO] PluginManager:220 - loadIPPluginJar : add ltdc
2024-06-16 16:26:02,658 [INFO] IPUIPlugin:80 - create IPUIPlugin
2024-06-16 16:26:02,658 [INFO] PluginManager:220 - loadIPPluginJar : add mdma
2024-06-16 16:26:02,668 [INFO] IPUIPlugin:80 - create IPUIPlugin
2024-06-16 16:26:02,668 [INFO] PluginManager:220 - loadIPPluginJar : add nvic
2024-06-16 16:26:02,697 [INFO] IPUIPlugin:80 - create IPUIPlugin
2024-06-16 16:26:02,697 [INFO] PluginManager:220 - loadIPPluginJar : add opamp
2024-06-16 16:26:02,741 [INFO] IPUIPlugin:80 - create IPUIPlugin
2024-06-16 16:26:02,741 [INFO] PluginManager:220 - loadIPPluginJar : add openamp
2024-06-16 16:26:02,773 [INFO] IPUIPlugin:80 - create IPUIPlugin
2024-06-16 16:26:02,773 [INFO] PluginManager:220 - loadIPPluginJar : add pdm2pcm
2024-06-16 16:26:02,785 [INFO] IPUIPlugin:80 - create IPUIPlugin
2024-06-16 16:26:02,786 [INFO] PluginManager:220 - loadIPPluginJar : add plateformsettings
2024-06-16 16:26:02,805 [INFO] IPUIPlugin:80 - create IPUIPlugin
2024-06-16 16:26:02,805 [INFO] PluginManager:220 - loadIPPluginJar : add quadspi
2024-06-16 16:26:02,816 [INFO] IPUIPlugin:80 - create IPUIPlugin
2024-06-16 16:26:02,816 [INFO] PluginManager:220 - loadIPPluginJar : add resmgrutility
2024-06-16 16:26:02,852 [INFO] IPUIPlugin:80 - create IPUIPlugin
2024-06-16 16:26:02,852 [INFO] PluginManager:220 - loadIPPluginJar : add sai
2024-06-16 16:26:02,882 [INFO] IPUIPlugin:80 - create IPUIPlugin
2024-06-16 16:26:02,882 [INFO] PluginManager:220 - loadIPPluginJar : add spi
2024-06-16 16:26:02,933 [INFO] IPUIPlugin:80 - create IPUIPlugin
2024-06-16 16:26:02,933 [INFO] PluginManager:220 - loadIPPluginJar : add stm32_wpan
2024-06-16 16:26:02,952 [INFO] IPUIPlugin:80 - create IPUIPlugin
2024-06-16 16:26:02,952 [INFO] PluginManager:220 - loadIPPluginJar : add tim
2024-06-16 16:26:02,997 [INFO] IPUIPlugin:80 - create IPUIPlugin
2024-06-16 16:26:02,997 [INFO] PluginManager:220 - loadIPPluginJar : add touchsensing
2024-06-16 16:26:03,018 [INFO] IPUIPlugin:80 - create IPUIPlugin
2024-06-16 16:26:03,018 [INFO] PluginManager:220 - loadIPPluginJar : add tracer_emb
2024-06-16 16:26:03,036 [INFO] IPUIPlugin:80 - create IPUIPlugin
2024-06-16 16:26:03,036 [INFO] PluginManager:220 - loadIPPluginJar : add ts
2024-06-16 16:26:03,053 [INFO] IPUIPlugin:80 - create IPUIPlugin
2024-06-16 16:26:03,053 [INFO] PluginManager:220 - loadIPPluginJar : add tsc
2024-06-16 16:26:03,070 [INFO] IPUIPlugin:80 - create IPUIPlugin
2024-06-16 16:26:03,070 [INFO] PluginManager:220 - loadIPPluginJar : add ucpd
2024-06-16 16:26:03,103 [INFO] IPUIPlugin:80 - create IPUIPlugin
2024-06-16 16:26:03,103 [INFO] PluginManager:220 - loadIPPluginJar : add usart
2024-06-16 16:26:03,136 [INFO] IPUIPlugin:80 - create IPUIPlugin
2024-06-16 16:26:03,136 [INFO] PluginManager:220 - loadIPPluginJar : add usbx
2024-06-16 16:26:03,248 [INFO] CADModel:165 - CPN selected for project level
2024-06-16 16:26:03,249 [INFO] CADModel:114 - Register for checkConnection events
2024-06-16 16:26:03,249 [FATAL] Updater:308 - Updater called before beeing initialized
2024-06-16 16:26:03,249 [ERROR] CADModel:125 - Updater not yet initialized, retry later 
2024-06-16 16:26:03,356 [INFO] CADModel:165 - CPN selected for project level
2024-06-16 16:26:03,357 [INFO] CADModel:114 - Register for checkConnection events
2024-06-16 16:26:03,357 [FATAL] Updater:308 - Updater called before beeing initialized
2024-06-16 16:26:03,357 [ERROR] CADModel:125 - Updater not yet initialized, retry later 
2024-06-16 16:26:03,359 [FATAL] Updater:308 - Updater called before beeing initialized
2024-06-16 16:26:03,463 [FATAL] Updater:308 - Updater called before beeing initialized
2024-06-16 16:26:03,475 [INFO] DbMcusAds:53 - JSON generation date=Thu May 02 04:37:29 EDT 2024 (1714639049318)
2024-06-16 16:26:03,475 [FATAL] Updater:308 - Updater called before beeing initialized
2024-06-16 16:26:03,506 [WARN] DetailPanel:346 - Failed to get advertising image, set to default
2024-06-16 16:26:03,583 [FATAL] Updater:308 - Updater called before beeing initialized
2024-06-16 16:26:03,585 [FATAL] Updater:308 - Updater called before beeing initialized
2024-06-16 16:26:03,585 [FATAL] Updater:308 - Updater called before beeing initialized
2024-06-16 16:26:03,585 [WARN] DetailPanel:346 - Failed to get advertising image, set to default
2024-06-16 16:26:03,586 [FATAL] Updater:308 - Updater called before beeing initialized
2024-06-16 16:26:03,636 [ERROR] Updater:1120 - MainUpdater not yet initialized. External WinMGr cannot be set.
2024-06-16 16:26:03,648 [INFO] Updater:1056 - Updater Version found : 6.11.1
2024-06-16 16:26:03,664 [INFO] ApplicationProperties:184 - Using Application install path: C:\ST\STM32CubeIDE_1.15.0\STM32CubeIDE\plugins\com.st.stm32cube.common.mx_6.11.1.202404110753
2024-06-16 16:26:04,339 [INFO] ThirdPartyUpdaterWithRetryManager:70 - Updater plugin not ready yet. [2/15]
2024-06-16 16:26:05,243 [ERROR] LogOutputStream:75 - [STDERR_REDIRECT] Jun 16, 2024 4:26:05 PM java.util.prefs.WindowsPreferences <init>
2024-06-16 16:26:05,244 [ERROR] LogOutputStream:75 - [STDERR_REDIRECT] WARNING: Could not open/create prefs root node Software\JavaSoft\Prefs at root 0xffffffff80000002. Windows RegCreateKeyEx(...) returned error code 5.
2024-06-16 16:26:05,245 [ERROR] LogOutputStream:75 - [STDERR_REDIRECT] 
2024-06-16 16:26:05,618 [INFO] MainUpdater:2873 - connection check result : 10
2024-06-16 16:26:05,618 [INFO] MainUpdater:290 - Updater Check For Update Now.
2024-06-16 16:26:05,618 [INFO] MicroXplorer:498 - Change Database Version : DB.6.0.111
2024-06-16 16:26:05,632 [INFO] McuFinderGlobals:63 - Set McuFinder mode to 2 (CubeIDE integrated)
2024-06-16 16:26:05,645 [INFO] UserAuth:415 - Internet connection configuration mode: 1
2024-06-16 16:26:05,687 [INFO] JxBrowserEngine:152 - Initiate JxBrowser Engine with user profile folder
2024-06-16 16:26:05,805 [INFO] CheckServerUpdateThread:120 - End of CheckServer Thread
2024-06-16 16:26:07,498 [WARN] PackLoader:240 - Cannot read IP mode file for STMicroelectronics.FP-SNS-MOTENVWB1.1.4.0
2024-06-16 16:26:07,513 [WARN] PackLoader:240 - Cannot read IP mode file for STMicroelectronics.X-CUBE-SMBUS.2.1.0
2024-06-16 16:26:07,525 [WARN] PackLoader:240 - Cannot read IP mode file for STMicroelectronics.X-CUBE-TOUCHGFX.4.23.2
2024-06-16 16:26:07,558 [WARN] PackLoader:240 - Cannot read IP mode file for STMicroelectronics.X-CUBE-AZRTOS-F7.1.1.0
2024-06-16 16:26:07,573 [WARN] PackLoader:240 - Cannot read IP mode file for STMicroelectronics.FP-SNS-FLIGHT1.5.0.2
2024-06-16 16:26:07,589 [WARN] PackLoader:240 - Cannot read IP mode file for STMicroelectronics.X-CUBE-DISPLAY.3.0.0
2024-06-16 16:26:07,610 [WARN] PackLoader:240 - Cannot read IP mode file for STMicroelectronics.X-CUBE-BLE1.7.0.0
2024-06-16 16:26:07,622 [WARN] PackLoader:240 - Cannot read IP mode file for emotas.I-CUBE-CANOPEN.1.3.0
2024-06-16 16:26:07,638 [WARN] PackLoader:240 - Cannot read IP mode file for STMicroelectronics.X-CUBE-BLEMGR.3.1.0
2024-06-16 16:26:07,651 [WARN] PackLoader:240 - Cannot read IP mode file for STMicroelectronics.FP-SNS-SMARTAG2.1.2.0
2024-06-16 16:26:07,673 [INFO] LogOutputStream:77 - [STDOUT_REDIRECT] 1 : Invalid condition id : UX_CORESTACK_Condition cause : null
2024-06-16 16:26:07,674 [INFO] LogOutputStream:77 - [STDOUT_REDIRECT] 1 : Invalid condition id : UX_CORESTACK_Condition cause : null
2024-06-16 16:26:07,675 [INFO] LogOutputStream:77 - [STDOUT_REDIRECT] 1 : Invalid condition id : UX_CORESTACK_Condition cause : null
2024-06-16 16:26:07,676 [INFO] LogOutputStream:77 - [STDOUT_REDIRECT] 1 : Invalid condition id : UX_CORESTACK_Condition cause : null
2024-06-16 16:26:07,677 [INFO] LogOutputStream:77 - [STDOUT_REDIRECT] 1 : Invalid condition id : UX_CORESTACK_Condition cause : null
2024-06-16 16:26:07,686 [WARN] PackLoader:240 - Cannot read IP mode file for STMicroelectronics.X-CUBE-AZRTOS-WL.2.0.0
2024-06-16 16:26:07,700 [WARN] PackLoader:240 - Cannot read IP mode file for WES.I-CUBE-Cesium.1.3.0
2024-06-16 16:26:07,710 [WARN] PackLoader:240 - Cannot read IP mode file for STMicroelectronics.X-CUBE-BLE2.3.3.0
2024-06-16 16:26:07,722 [WARN] PackLoader:240 - Cannot read IP mode file for STMicroelectronics.X-CUBE-TCPP.4.1.0
2024-06-16 16:26:07,735 [WARN] PackLoader:240 - Cannot read IP mode file for STMicroelectronics.X-CUBE-ALGOBUILD.1.3.0
2024-06-16 16:26:07,759 [WARN] PackLoader:240 - Cannot read IP mode file for STMicroelectronics.X-CUBE-AZRTOS-G0.1.1.0
2024-06-16 16:26:07,774 [WARN] PackLoader:240 - Cannot read IP mode file for STMicroelectronics.X-CUBE-SAFEA1.1.2.2
2024-06-16 16:26:07,788 [WARN] PackLoader:240 - Cannot read IP mode file for STMicroelectronics.X-CUBE-NFC4.3.0.0
2024-06-16 16:26:07,800 [WARN] PackLoader:240 - Cannot read IP mode file for wolfSSL.I-CUBE-wolfMQTT.1.18.0
2024-06-16 16:26:07,810 [WARN] PackLoader:240 - Cannot read IP mode file for wolfSSL.I-CUBE-wolfSSL.5.7.0
2024-06-16 16:26:07,822 [WARN] PackLoader:240 - Cannot read IP mode file for STMicroelectronics.FP-ATR-SIGFOX1.3.2.0
2024-06-16 16:26:07,835 [WARN] PackLoader:240 - Cannot read IP mode file for STMicroelectronics.X-CUBE-EEPRMA1.5.1.0
2024-06-16 16:26:07,849 [WARN] PackLoader:240 - Cannot read IP mode file for ITTIA_DB.I-CUBE-ITTIADB.8.9.0
2024-06-16 16:26:07,875 [WARN] PackLoader:240 - Cannot read IP mode file for SEGGER.I-CUBE-embOS.1.3.1
2024-06-16 16:26:07,913 [WARN] PackLoader:240 - Cannot read IP mode file for STMicroelectronics.X-CUBE-ALGOBUILD.1.4.0
2024-06-16 16:26:07,925 [WARN] PackLoader:240 - Cannot read IP mode file for STMicroelectronics.X-CUBE-GNSS1.6.0.0
2024-06-16 16:26:07,949 [WARN] PackLoader:240 - Cannot read IP mode file for STMicroelectronics.X-CUBE-AZRTOS-F4.1.1.0
2024-06-16 16:26:07,964 [WARN] PackLoader:240 - Cannot read IP mode file for STMicroelectronics.X-CUBE-FREERTOS.1.2.0
2024-06-16 16:26:07,996 [WARN] PackLoader:240 - Cannot read IP mode file for STMicroelectronics.X-CUBE-AZRTOS-L5.2.0.0
2024-06-16 16:26:08,017 [WARN] PackLoader:240 - Cannot read IP mode file for STMicroelectronics.X-CUBE-NFC6.3.1.0
2024-06-16 16:26:08,032 [WARN] PackLoader:240 - Cannot read IP mode file for STMicroelectronics.X-CUBE-AI.9.0.0
2024-06-16 16:26:08,057 [WARN] PackLoader:240 - Cannot read IP mode file for STMicroelectronics.X-CUBE-NFC7.1.0.1
2024-06-16 16:26:08,072 [WARN] PackLoader:240 - Cannot read IP mode file for STMicroelectronics.X-CUBE-AI.8.1.0
2024-06-16 16:26:08,103 [WARN] ConditionMgr:438 - getConditionDescription Invalid condition id : LAN8742 Phy interface Condition cause : null
2024-06-16 16:26:08,104 [WARN] PackLoader:240 - Cannot read IP mode file for STMicroelectronics.X-CUBE-AZRTOS-L4.2.0.0
2024-06-16 16:26:08,105 [WARN] ConditionMgr:1039 - genDependencies : Invalid condition id : LAN8742 Phy interface Condition cause : null
2024-06-16 16:26:08,105 [WARN] ConditionMgr:1039 - genDependencies : Invalid condition id : LAN8742 Phy interface Condition cause : null
2024-06-16 16:26:08,106 [WARN] ConditionMgr:1039 - genDependencies : Invalid condition id : LAN8742 Phy interface Condition cause : null
2024-06-16 16:26:08,122 [WARN] PackLoader:240 - Cannot read IP mode file for STMicroelectronics.X-CUBE-SFXS2LP1.4.0.0
2024-06-16 16:26:08,145 [WARN] ConditionMgr:438 - getConditionDescription Invalid condition id : UX DEVICE CLASS RTOS Condition cause : null
2024-06-16 16:26:08,145 [WARN] ConditionMgr:438 - getConditionDescription Invalid condition id : UX DEVICE CLASS RTOS Condition cause : null
2024-06-16 16:26:08,146 [WARN] PackLoader:240 - Cannot read IP mode file for STMicroelectronics.X-CUBE-AZRTOS-WB.2.0.0
2024-06-16 16:26:08,147 [WARN] ConditionMgr:1039 - genDependencies : Invalid condition id : UX DEVICE CLASS RTOS Condition cause : null
2024-06-16 16:26:08,147 [WARN] ConditionMgr:1039 - genDependencies : Invalid condition id : UX DEVICE CLASS RTOS Condition cause : null
2024-06-16 16:26:08,147 [WARN] ConditionMgr:1039 - genDependencies : Invalid condition id : UX DEVICE CLASS RTOS Condition cause : null
2024-06-16 16:26:08,147 [WARN] ConditionMgr:1039 - genDependencies : Invalid condition id : UX DEVICE CLASS RTOS Condition cause : null
2024-06-16 16:26:08,147 [WARN] ConditionMgr:1039 - genDependencies : Invalid condition id : UX DEVICE CLASS RTOS Condition cause : null
2024-06-16 16:26:08,166 [WARN] PackLoader:240 - Cannot read IP mode file for STMicroelectronics.X-CUBE-SUBG2.5.0.0
2024-06-16 16:26:08,193 [WARN] PackLoader:240 - Cannot read IP mode file for STMicroelectronics.X-CUBE-AZRTOS-G4.2.0.0
2024-06-16 16:26:08,207 [WARN] PackLoader:240 - Cannot read IP mode file for STMicroelectronics.FP-SNS-MOTENVWB1.1.3.1
2024-06-16 16:26:08,222 [WARN] PackLoader:240 - Cannot read IP mode file for STMicroelectronics.X-CUBE-ISPU.2.0.0
2024-06-16 16:26:08,236 [WARN] PackLoader:240 - Cannot read IP mode file for STMicroelectronics.X-CUBE-ALS.1.0.2
2024-06-16 16:26:08,280 [WARN] PackLoader:240 - Cannot read IP mode file for STMicroelectronics.X-CUBE-MEMS1.10.0.0
2024-06-16 16:26:08,356 [WARN] PackLoader:240 - Cannot read IP mode file for STMicroelectronics.X-CUBE-FREERTOS.1.1.0
2024-06-16 16:26:08,372 [WARN] PackLoader:240 - Cannot read IP mode file for portGmbH.I-Cube-SoM-uGOAL.1.1.0
2024-06-16 16:26:08,386 [WARN] PackLoader:240 - Cannot read IP mode file for STMicroelectronics.X-CUBE-ALS.1.0.1
2024-06-16 16:26:08,412 [WARN] PackLoader:240 - Cannot read IP mode file for STMicroelectronics.X-CUBE-AZRTOS-H7RS.1.0.0
2024-06-16 16:26:08,426 [WARN] PackLoader:240 - Cannot read IP mode file for STMicroelectronics.FP-ATR-ASTRA1.2.0.0
2024-06-16 16:26:08,444 [WARN] PackLoader:240 - Cannot read IP mode file for STMicroelectronics.X-CUBE-TOF1.3.4.1
2024-06-16 16:26:08,482 [WARN] PackLoader:240 - Cannot read IP mode file for STMicroelectronics.X-CUBE-AZRTOS-H7.3.2.0
2024-06-16 16:26:08,513 [WARN] PackLoader:240 - Cannot read IP mode file for Infineon.AIROC-Wi-Fi-Bluetooth-STM32.1.6.0
2024-06-16 16:26:08,517 [INFO] ThirdParty:978 - Integrity check success = true
2024-06-16 16:26:08,518 [INFO] IntegrityCheckThread:100 - exiting critical section [integrity check]
2024-06-16 16:26:08,518 [INFO] IntegrityCheckThread:103 - End integrity checks thread
2024-06-16 16:26:09,692 [INFO] WebApp:161 - Instantiating new browser for Auth
2024-06-16 16:26:10,143 [INFO] WebApp:779 - Register for checkConnection events
2024-06-16 16:26:10,144 [INFO] WebApp:414 - Apply proxy settings
2024-06-16 16:26:10,144 [INFO] WebApp:499 - Chromium requires no authentication
2024-06-16 16:26:10,151 [INFO] WebApp:442 - Direct internet connection detected
2024-06-16 16:26:10,282 [INFO] WebApp:192 - Starting web application
2024-06-16 16:26:10,282 [INFO] WebApp:544 - Web application path used C:\ST\STM32CubeIDE_1.15.0\STM32CubeIDE\plugins\com.st.stm32cube.common.mx_6.11.1.202404110753\db\plugins\mcufinder\reactClient1\index.html
2024-06-16 18:11:23,534 [ERROR] LogOutputStream:75 - [STDERR_REDIRECT] 
