2024-05-31 20:08:02,046 [INFO] Activator:176 - 


2024-05-31 20:08:02,059 [INFO] Activator:177 - !SESSION log4j initialized
2024-05-31 20:08:07,029 [INFO] LogOutputStream:77 - [STDOUT_REDIRECT] 
2024-05-31 20:08:09,505 [INFO] ApplicationProperties:184 - Using Application install path: C:\ST\STM32CubeIDE_1.15.0\STM32CubeIDE\plugins\com.st.stm32cube.common.mx_6.11.1.202404110753
2024-05-31 20:08:09,520 [INFO] DbMcusXml:78 - Set database path to: C:\ST\STM32CubeIDE_1.15.0\STM32CubeIDE\plugins\com.st.stm32cube.common.mx_6.11.1.202404110753\\db\/mcu/
2024-05-31 20:08:09,520 [INFO] ApiDb:274 - Set plugin database path to: C:\ST\STM32CubeIDE_1.15.0\STM32CubeIDE\plugins\com.st.stm32cube.common.mx_6.11.1.202404110753\\db\/plugins/boardmanager/
2024-05-31 20:08:09,521 [WARN] ApiDb:259 - Overriding images path with different value:  => C:\ST\STM32CubeIDE_1.15.0\STM32CubeIDE\plugins\com.st.stm32cube.common.mx_6.11.1.202404110753\\db\/plugins/mcufinder/images/
2024-05-31 20:08:09,527 [INFO] ApiDb:250 - Set database path to: C:\Users\harun\.stmcufinder\plugins\mcufinder//mcu/
2024-05-31 20:08:09,527 [INFO] DbMcusAds:125 - Set database path to: C:\Users\harun\.stmcufinder\plugins\mcufinder//mcu/
2024-05-31 20:08:09,529 [INFO] CrossReferenceDbSqlite:203 - Set database path to: C:\Users\harun\.stmcufinder\plugins\mcufinder//mcu/cs/
2024-05-31 20:08:09,621 [INFO] RulesReader:64 - Compatibility file has been processed (297 Rules)
2024-05-31 20:08:09,714 [INFO] DbMcusXml:78 - Set database path to: C:\ST\STM32CubeIDE_1.15.0\STM32CubeIDE\plugins\com.st.stm32cube.common.mx_6.11.1.202404110753\\db\/mcu/
2024-05-31 20:08:09,714 [INFO] ApiDb:274 - Set plugin database path to: C:\ST\STM32CubeIDE_1.15.0\STM32CubeIDE\plugins\com.st.stm32cube.common.mx_6.11.1.202404110753\\db\/plugins/boardmanager/
2024-05-31 20:08:09,715 [INFO] ApiDb:261 - Set plugin images path to: C:\ST\STM32CubeIDE_1.15.0\STM32CubeIDE\plugins\com.st.stm32cube.common.mx_6.11.1.202404110753\\db\/plugins/mcufinder/images/
2024-05-31 20:08:09,715 [WARN] DbFile:41 - Overriding database path with different value: C:\Users\harun\.stmcufinder\plugins\mcufinder/ => C:\Users\harun\.stmcufinder\plugins\mcufinder
2024-05-31 20:08:09,715 [INFO] ApiDb:250 - Set database path to: C:\Users\harun\.stmcufinder\plugins\mcufinder//mcu/
2024-05-31 20:08:09,715 [WARN] DbFile:41 - Overriding database path with different value: C:\Users\harun\.stmcufinder\plugins\mcufinder/ => C:\Users\harun\.stmcufinder\plugins\mcufinder
2024-05-31 20:08:09,715 [INFO] DbMcusAds:125 - Set database path to: C:\Users\harun\.stmcufinder\plugins\mcufinder//mcu/
2024-05-31 20:08:09,715 [WARN] DbFile:41 - Overriding database path with different value: C:\Users\harun\.stmcufinder\plugins\mcufinder/ => C:\Users\harun\.stmcufinder\plugins\mcufinder
2024-05-31 20:08:09,715 [WARN] DbFile:41 - Overriding database path with different value: C:\Users\harun\.stmcufinder\plugins\mcufinder/ => C:\Users\harun\.stmcufinder\plugins\mcufinder
2024-05-31 20:08:09,715 [INFO] CrossReferenceDbSqlite:203 - Set database path to: C:\Users\harun\.stmcufinder\plugins\mcufinder//mcu/cs/
2024-05-31 20:08:09,789 [INFO] MainPanel:264 - HeapMemory: 268435456
2024-05-31 20:08:09,874 [INFO] DbMcusXml:78 - Set database path to: C:\ST\STM32CubeIDE_1.15.0\STM32CubeIDE\plugins\com.st.stm32cube.common.mx_6.11.1.202404110753\\db\/mcu/
2024-05-31 20:08:09,875 [INFO] ApiDb:274 - Set plugin database path to: C:\ST\STM32CubeIDE_1.15.0\STM32CubeIDE\plugins\com.st.stm32cube.common.mx_6.11.1.202404110753\\db\/plugins/boardmanager/
2024-05-31 20:08:09,875 [INFO] ApiDb:261 - Set plugin images path to: C:\ST\STM32CubeIDE_1.15.0\STM32CubeIDE\plugins\com.st.stm32cube.common.mx_6.11.1.202404110753\\db\/plugins/mcufinder/images/
2024-05-31 20:08:09,875 [WARN] DbFile:41 - Overriding database path with different value: C:\Users\harun\.stmcufinder\plugins\mcufinder/ => C:\Users\harun\.stmcufinder\plugins\mcufinder
2024-05-31 20:08:09,875 [INFO] ApiDb:250 - Set database path to: C:\Users\harun\.stmcufinder\plugins\mcufinder//mcu/
2024-05-31 20:08:09,875 [WARN] DbFile:41 - Overriding database path with different value: C:\Users\harun\.stmcufinder\plugins\mcufinder/ => C:\Users\harun\.stmcufinder\plugins\mcufinder
2024-05-31 20:08:09,875 [INFO] DbMcusAds:125 - Set database path to: C:\Users\harun\.stmcufinder\plugins\mcufinder//mcu/
2024-05-31 20:08:09,875 [WARN] DbFile:41 - Overriding database path with different value: C:\Users\harun\.stmcufinder\plugins\mcufinder/ => C:\Users\harun\.stmcufinder\plugins\mcufinder
2024-05-31 20:08:09,875 [WARN] DbFile:41 - Overriding database path with different value: C:\Users\harun\.stmcufinder\plugins\mcufinder/ => C:\Users\harun\.stmcufinder\plugins\mcufinder
2024-05-31 20:08:09,875 [INFO] CrossReferenceDbSqlite:203 - Set database path to: C:\Users\harun\.stmcufinder\plugins\mcufinder//mcu/cs/
2024-05-31 20:08:09,891 [INFO] ApplicationProperties:184 - Using Application install path: C:\ST\STM32CubeIDE_1.15.0\STM32CubeIDE\plugins\com.st.stm32cube.common.mx_6.11.1.202404110753
2024-05-31 20:08:09,892 [INFO] PluginManage:196 - Search for loadable plugins [exclusion list=, ]
2024-05-31 20:08:09,893 [INFO] PluginManage:310 - Check plugin analytics
2024-05-31 20:08:10,042 [INFO] AnalyticsPlugin:253 - Accepted Software Licenses: 
2024-05-31 20:08:10,042 [INFO] AnalyticsPlugin:255 - Accepted CMSIS Pack Licenses: 
2024-05-31 20:08:10,042 [INFO] AnalyticsPlugin:257 - Accepted Firmware Licenses: FW.F7.1.17.0
2024-05-31 20:08:10,045 [INFO] PluginManage:359 - Loaded plugin analytics (category:tool,tabindex:-1)
2024-05-31 20:08:10,046 [INFO] PluginManage:310 - Check plugin cadmodel
2024-05-31 20:08:10,094 [INFO] CADModel:105 - Init CAD model plugin
2024-05-31 20:08:10,095 [INFO] PluginManage:359 - Loaded plugin cadmodel (category:power,tabindex:5)
2024-05-31 20:08:10,095 [INFO] PluginManage:310 - Check plugin clock
2024-05-31 20:08:10,113 [INFO] PluginManage:359 - Loaded plugin clock (category:base,tabindex:2)
2024-05-31 20:08:10,113 [INFO] PluginManage:310 - Check plugin ddr
2024-05-31 20:08:10,115 [INFO] PluginManage:359 - Loaded plugin ddr (category:tool,tabindex:6)
2024-05-31 20:08:10,115 [INFO] PluginManage:310 - Check plugin filemanager
2024-05-31 20:08:10,240 [INFO] PluginManage:359 - Loaded plugin filemanager (category:base,tabindex:10)
2024-05-31 20:08:10,240 [INFO] PluginManage:310 - Check plugin ipmanager
2024-05-31 20:08:10,247 [INFO] PluginManage:359 - Loaded plugin ipmanager (category:base,tabindex:5)
2024-05-31 20:08:10,248 [INFO] PluginManage:310 - Check plugin lpbam
2024-05-31 20:08:10,263 [INFO] PluginManage:359 - Loaded plugin lpbam (category:base,tabindex:0)
2024-05-31 20:08:10,264 [INFO] PluginManage:310 - Check plugin memorymap
2024-05-31 20:08:10,285 [INFO] PluginManage:359 - Loaded plugin memorymap (category:base,tabindex:4)
2024-05-31 20:08:10,285 [INFO] PluginManage:310 - Check plugin pinoutandconfiguration
2024-05-31 20:08:10,301 [INFO] PluginManage:359 - Loaded plugin pinoutandconfiguration (category:base,tabindex:1)
2024-05-31 20:08:10,301 [INFO] PluginManage:310 - Check plugin pinoutconfig
2024-05-31 20:08:10,386 [WARN] SupportedApi:132 - Cannot load RTOS API schema: s4s-elt-must-match.1: The content of 'definitions' must match (annotation?, (simpleType | complexType)?, (unique | key | keyref)*)). A problem was found starting at: attribute.
2024-05-31 20:08:10,503 [INFO] PluginManage:359 - Loaded plugin pinoutconfig (category:base,tabindex:0)
2024-05-31 20:08:10,503 [INFO] PluginManage:310 - Check plugin power
2024-05-31 20:08:10,520 [INFO] PluginManage:359 - Loaded plugin power (category:power,tabindex:4)
2024-05-31 20:08:10,520 [INFO] PluginManage:310 - Check plugin projectmanager
2024-05-31 20:08:10,533 [INFO] PluginManage:359 - Loaded plugin projectmanager (category:projectmanager,tabindex:3)
2024-05-31 20:08:10,533 [INFO] PluginManage:310 - Check plugin thirdparty
2024-05-31 20:08:10,771 [INFO] PluginManage:359 - Loaded plugin thirdparty (category:base,tabindex:-1)
2024-05-31 20:08:10,771 [WARN] IntegrityCheckThread:84 - waiting for thirdparty lock release [integrity check]
2024-05-31 20:08:10,772 [INFO] PluginManage:310 - Check plugin tools
2024-05-31 20:08:10,772 [INFO] IntegrityCheckThread:86 - entering critical section [integrity check]
2024-05-31 20:08:10,772 [INFO] ThirdPartyUpdaterWithRetryManager:70 - Updater plugin not ready yet. [1/15]
2024-05-31 20:08:10,799 [INFO] PluginManage:359 - Loaded plugin tools (category:base,tabindex:7)
2024-05-31 20:08:10,799 [INFO] PluginManage:310 - Check plugin tutovideos
2024-05-31 20:08:10,979 [INFO] PluginManage:359 - Loaded plugin tutovideos (category:base,tabindex:-1)
2024-05-31 20:08:10,979 [INFO] PluginManage:310 - Check plugin updater
2024-05-31 20:08:10,988 [INFO] PluginManage:359 - Loaded plugin updater (category:base,tabindex:12)
2024-05-31 20:08:10,988 [INFO] PluginManage:310 - Check plugin userauth
2024-05-31 20:08:10,993 [INFO] UserAuth:114 - Init User Auth plugin
2024-05-31 20:08:10,993 [INFO] PluginManage:359 - Loaded plugin userauth (category:base,tabindex:14)
2024-05-31 20:08:10,994 [INFO] PluginManage:283 - PluginManage : Loaded plugins [17]
2024-05-31 20:08:11,189 [INFO] PinOutPanel:1561 - setPackage(No Configuration,No Configuration)
2024-05-31 20:08:11,269 [INFO] CADModel:165 - CPN selected for project level
2024-05-31 20:08:11,270 [INFO] CADModel:114 - Register for checkConnection events
2024-05-31 20:08:11,297 [INFO] IPUIPlugin:80 - create IPUIPlugin
2024-05-31 20:08:11,297 [INFO] PluginManager:220 - loadIPPluginJar : add adc
2024-05-31 20:08:11,330 [INFO] IPUIPlugin:80 - create IPUIPlugin
2024-05-31 20:08:11,330 [INFO] PluginManager:220 - loadIPPluginJar : add aes
2024-05-31 20:08:11,362 [INFO] IPUIPlugin:80 - create IPUIPlugin
2024-05-31 20:08:11,362 [INFO] PluginManager:220 - loadIPPluginJar : add can
2024-05-31 20:08:11,380 [INFO] IPUIPlugin:80 - create IPUIPlugin
2024-05-31 20:08:11,380 [INFO] PluginManager:220 - loadIPPluginJar : add comp
2024-05-31 20:08:11,409 [INFO] IPUIPlugin:80 - create IPUIPlugin
2024-05-31 20:08:11,409 [INFO] PluginManager:220 - loadIPPluginJar : add cryp
2024-05-31 20:08:11,432 [INFO] IPUIPlugin:80 - create IPUIPlugin
2024-05-31 20:08:11,433 [INFO] PluginManager:220 - loadIPPluginJar : add dfsdm
2024-05-31 20:08:11,445 [INFO] IPUIPlugin:80 - create IPUIPlugin
2024-05-31 20:08:11,446 [INFO] PluginManager:220 - loadIPPluginJar : add dma
2024-05-31 20:08:11,480 [INFO] IPUIPlugin:80 - create IPUIPlugin
2024-05-31 20:08:11,480 [INFO] PluginManager:220 - loadIPPluginJar : add dma3
2024-05-31 20:08:11,516 [INFO] IPUIPlugin:80 - create IPUIPlugin
2024-05-31 20:08:11,516 [INFO] PluginManager:220 - loadIPPluginJar : add extmemmanager
2024-05-31 20:08:11,535 [INFO] IPUIPlugin:80 - create IPUIPlugin
2024-05-31 20:08:11,535 [INFO] PluginManager:220 - loadIPPluginJar : add fatfs
2024-05-31 20:08:11,571 [INFO] IPUIPlugin:80 - create IPUIPlugin
2024-05-31 20:08:11,571 [INFO] PluginManager:220 - loadIPPluginJar : add fmc
2024-05-31 20:08:11,585 [INFO] IPUIPlugin:80 - create IPUIPlugin
2024-05-31 20:08:11,585 [INFO] PluginManager:220 - loadIPPluginJar : add freertos
2024-05-31 20:08:11,602 [INFO] IPUIPlugin:80 - create IPUIPlugin
2024-05-31 20:08:11,602 [INFO] PluginManager:220 - loadIPPluginJar : add genericplugin
2024-05-31 20:08:11,675 [INFO] IPUIPlugin:80 - create IPUIPlugin
2024-05-31 20:08:11,675 [INFO] PluginManager:220 - loadIPPluginJar : add gfxmmu
2024-05-31 20:08:11,796 [INFO] IPUIPlugin:80 - create IPUIPlugin
2024-05-31 20:08:11,797 [INFO] PluginManager:220 - loadIPPluginJar : add gic
2024-05-31 20:08:11,809 [INFO] IPUIPlugin:80 - create IPUIPlugin
2024-05-31 20:08:11,809 [INFO] PluginManager:220 - loadIPPluginJar : add gpio
2024-05-31 20:08:11,888 [INFO] IPUIPlugin:80 - create IPUIPlugin
2024-05-31 20:08:11,888 [INFO] PluginManager:220 - loadIPPluginJar : add gtzc
2024-05-31 20:08:11,919 [INFO] IPUIPlugin:80 - create IPUIPlugin
2024-05-31 20:08:11,920 [INFO] PluginManager:220 - loadIPPluginJar : add hash
2024-05-31 20:08:11,968 [INFO] IPUIPlugin:80 - create IPUIPlugin
2024-05-31 20:08:11,968 [INFO] PluginManager:220 - loadIPPluginJar : add i2c
2024-05-31 20:08:12,005 [INFO] IPUIPlugin:80 - create IPUIPlugin
2024-05-31 20:08:12,005 [INFO] PluginManager:220 - loadIPPluginJar : add i2s
2024-05-31 20:08:12,041 [INFO] IPUIPlugin:80 - create IPUIPlugin
2024-05-31 20:08:12,041 [INFO] PluginManager:220 - loadIPPluginJar : add i3c
2024-05-31 20:08:12,129 [INFO] IPUIPlugin:80 - create IPUIPlugin
2024-05-31 20:08:12,130 [INFO] PluginManager:220 - loadIPPluginJar : add ipddr
2024-05-31 20:08:12,212 [INFO] IPUIPlugin:80 - create IPUIPlugin
2024-05-31 20:08:12,212 [INFO] PluginManager:220 - loadIPPluginJar : add linkedlist
2024-05-31 20:08:12,245 [INFO] IPUIPlugin:80 - create IPUIPlugin
2024-05-31 20:08:12,245 [INFO] PluginManager:220 - loadIPPluginJar : add lorawan
2024-05-31 20:08:12,284 [INFO] IPUIPlugin:80 - create IPUIPlugin
2024-05-31 20:08:12,284 [INFO] PluginManager:220 - loadIPPluginJar : add ltdc
2024-05-31 20:08:12,298 [INFO] IPUIPlugin:80 - create IPUIPlugin
2024-05-31 20:08:12,298 [INFO] PluginManager:220 - loadIPPluginJar : add mdma
2024-05-31 20:08:12,310 [INFO] IPUIPlugin:80 - create IPUIPlugin
2024-05-31 20:08:12,310 [INFO] PluginManager:220 - loadIPPluginJar : add nvic
2024-05-31 20:08:12,344 [INFO] IPUIPlugin:80 - create IPUIPlugin
2024-05-31 20:08:12,344 [INFO] PluginManager:220 - loadIPPluginJar : add opamp
2024-05-31 20:08:12,398 [INFO] IPUIPlugin:80 - create IPUIPlugin
2024-05-31 20:08:12,398 [INFO] PluginManager:220 - loadIPPluginJar : add openamp
2024-05-31 20:08:12,438 [INFO] IPUIPlugin:80 - create IPUIPlugin
2024-05-31 20:08:12,438 [INFO] PluginManager:220 - loadIPPluginJar : add pdm2pcm
2024-05-31 20:08:12,451 [INFO] IPUIPlugin:80 - create IPUIPlugin
2024-05-31 20:08:12,453 [INFO] PluginManager:220 - loadIPPluginJar : add plateformsettings
2024-05-31 20:08:12,472 [INFO] IPUIPlugin:80 - create IPUIPlugin
2024-05-31 20:08:12,473 [INFO] PluginManager:220 - loadIPPluginJar : add quadspi
2024-05-31 20:08:12,483 [INFO] IPUIPlugin:80 - create IPUIPlugin
2024-05-31 20:08:12,483 [INFO] PluginManager:220 - loadIPPluginJar : add resmgrutility
2024-05-31 20:08:12,521 [INFO] IPUIPlugin:80 - create IPUIPlugin
2024-05-31 20:08:12,521 [INFO] PluginManager:220 - loadIPPluginJar : add sai
2024-05-31 20:08:12,560 [INFO] IPUIPlugin:80 - create IPUIPlugin
2024-05-31 20:08:12,560 [INFO] PluginManager:220 - loadIPPluginJar : add spi
2024-05-31 20:08:12,623 [INFO] IPUIPlugin:80 - create IPUIPlugin
2024-05-31 20:08:12,623 [INFO] PluginManager:220 - loadIPPluginJar : add stm32_wpan
2024-05-31 20:08:12,646 [INFO] IPUIPlugin:80 - create IPUIPlugin
2024-05-31 20:08:12,646 [INFO] PluginManager:220 - loadIPPluginJar : add tim
2024-05-31 20:08:12,699 [INFO] IPUIPlugin:80 - create IPUIPlugin
2024-05-31 20:08:12,699 [INFO] PluginManager:220 - loadIPPluginJar : add touchsensing
2024-05-31 20:08:12,719 [INFO] IPUIPlugin:80 - create IPUIPlugin
2024-05-31 20:08:12,719 [INFO] PluginManager:220 - loadIPPluginJar : add tracer_emb
2024-05-31 20:08:12,739 [INFO] IPUIPlugin:80 - create IPUIPlugin
2024-05-31 20:08:12,739 [INFO] PluginManager:220 - loadIPPluginJar : add ts
2024-05-31 20:08:12,757 [INFO] IPUIPlugin:80 - create IPUIPlugin
2024-05-31 20:08:12,757 [INFO] PluginManager:220 - loadIPPluginJar : add tsc
2024-05-31 20:08:12,774 [INFO] IPUIPlugin:80 - create IPUIPlugin
2024-05-31 20:08:12,774 [INFO] PluginManager:220 - loadIPPluginJar : add ucpd
2024-05-31 20:08:12,809 [INFO] IPUIPlugin:80 - create IPUIPlugin
2024-05-31 20:08:12,809 [INFO] PluginManager:220 - loadIPPluginJar : add usart
2024-05-31 20:08:12,847 [INFO] IPUIPlugin:80 - create IPUIPlugin
2024-05-31 20:08:12,847 [INFO] PluginManager:220 - loadIPPluginJar : add usbx
2024-05-31 20:08:12,964 [INFO] CADModel:165 - CPN selected for project level
2024-05-31 20:08:12,964 [INFO] CADModel:114 - Register for checkConnection events
2024-05-31 20:08:12,964 [FATAL] Updater:308 - Updater called before beeing initialized
2024-05-31 20:08:12,964 [ERROR] CADModel:125 - Updater not yet initialized, retry later 
2024-05-31 20:08:13,070 [INFO] CADModel:165 - CPN selected for project level
2024-05-31 20:08:13,070 [INFO] CADModel:114 - Register for checkConnection events
2024-05-31 20:08:13,071 [FATAL] Updater:308 - Updater called before beeing initialized
2024-05-31 20:08:13,071 [ERROR] CADModel:125 - Updater not yet initialized, retry later 
2024-05-31 20:08:13,073 [FATAL] Updater:308 - Updater called before beeing initialized
2024-05-31 20:08:13,175 [FATAL] Updater:308 - Updater called before beeing initialized
2024-05-31 20:08:13,184 [INFO] DbMcusAds:53 - JSON generation date=Thu May 02 04:37:29 EDT 2024 (1714639049318)
2024-05-31 20:08:13,184 [FATAL] Updater:308 - Updater called before beeing initialized
2024-05-31 20:08:13,217 [WARN] DetailPanel:346 - Failed to get advertising image, set to default
2024-05-31 20:08:13,324 [FATAL] Updater:308 - Updater called before beeing initialized
2024-05-31 20:08:13,326 [FATAL] Updater:308 - Updater called before beeing initialized
2024-05-31 20:08:13,326 [FATAL] Updater:308 - Updater called before beeing initialized
2024-05-31 20:08:13,326 [WARN] DetailPanel:346 - Failed to get advertising image, set to default
2024-05-31 20:08:13,326 [FATAL] Updater:308 - Updater called before beeing initialized
2024-05-31 20:08:13,376 [ERROR] Updater:1120 - MainUpdater not yet initialized. External WinMGr cannot be set.
2024-05-31 20:08:13,388 [INFO] Updater:1056 - Updater Version found : 6.11.1
2024-05-31 20:08:13,410 [INFO] ApplicationProperties:184 - Using Application install path: C:\ST\STM32CubeIDE_1.15.0\STM32CubeIDE\plugins\com.st.stm32cube.common.mx_6.11.1.202404110753
2024-05-31 20:08:13,773 [INFO] ThirdPartyUpdaterWithRetryManager:70 - Updater plugin not ready yet. [2/15]
2024-05-31 20:08:14,986 [ERROR] LogOutputStream:75 - [STDERR_REDIRECT] May 31, 2024 8:08:14 PM java.util.prefs.WindowsPreferences <init>
2024-05-31 20:08:14,987 [ERROR] LogOutputStream:75 - [STDERR_REDIRECT] WARNING: Could not open/create prefs root node Software\JavaSoft\Prefs at root 0xffffffff80000002. Windows RegCreateKeyEx(...) returned error code 5.
2024-05-31 20:08:14,987 [ERROR] LogOutputStream:75 - [STDERR_REDIRECT] 
2024-05-31 20:08:15,372 [INFO] MainUpdater:2873 - connection check result : 10
2024-05-31 20:08:15,373 [INFO] MainUpdater:3567 - Updater definition file requires update
2024-05-31 20:08:15,373 [INFO] MainUpdater:290 - Updater Check For Update Now.
2024-05-31 20:08:15,373 [INFO] MicroXplorer:498 - Change Database Version : DB.6.0.111
2024-05-31 20:08:15,387 [INFO] McuFinderGlobals:63 - Set McuFinder mode to 2 (CubeIDE integrated)
2024-05-31 20:08:15,396 [INFO] UserAuth:415 - Internet connection configuration mode: 1
2024-05-31 20:08:15,413 [INFO] JxBrowserEngine:152 - Initiate JxBrowser Engine with user profile folder
2024-05-31 20:08:15,474 [INFO] ServerAccessManage:473 - Download File updaters.zip
2024-05-31 20:08:15,553 [INFO] FileExtend:240 - Unzip File : updaters.zip
2024-05-31 20:08:15,554 [INFO] FileExtend:255 - Standard Zip Deflate
2024-05-31 20:08:15,973 [INFO] ServerAccessManage:473 - Download File PacksControlFlags.xml
2024-05-31 20:08:16,051 [INFO] ServerAccessManage:473 - Download File cubemx.pidx
2024-05-31 20:08:16,775 [WARN] MainUpdater:1194 - Updater busy. Cannot search thirdparties
2024-05-31 20:08:16,775 [INFO] ThirdPartyUpdaterWithRetryManager:96 - Updater plugin is busy. [1/15]
2024-05-31 20:08:17,307 [INFO] ServerAccessManage:473 - Download File wolfSSL.I-CUBE-wolfMQTT.pdsc
2024-05-31 20:08:17,652 [ERROR] ServerAccessManage:1089 - Problem, file not found on Server
2024-05-31 20:08:17,827 [WARN] PackLoader:240 - Cannot read IP mode file for wolfSSL.I-CUBE-wolfMQTT.1.18.0
2024-05-31 20:08:17,828 [INFO] PopulateThirdPartyThread:66 - Ending populate Thread
2024-05-31 20:08:17,830 [INFO] ThirdParty:1030 - CMSIS Pack Vendor :wolfSSL I-CUBE-wolfMQTT 1.18.0
2024-05-31 20:08:17,831 [INFO] LoadServerUpdatesThread:375 - End of LoadServerUpdate Thread
2024-05-31 20:08:17,940 [INFO] CheckServerUpdateThread:120 - End of CheckServer Thread
2024-05-31 20:08:19,689 [INFO] WebApp:161 - Instantiating new browser for Auth
2024-05-31 20:08:19,930 [WARN] PackLoader:240 - Cannot read IP mode file for STMicroelectronics.FP-SNS-MOTENVWB1.1.4.0
2024-05-31 20:08:19,946 [WARN] PackLoader:240 - Cannot read IP mode file for STMicroelectronics.X-CUBE-SMBUS.2.1.0
2024-05-31 20:08:19,958 [WARN] PackLoader:240 - Cannot read IP mode file for STMicroelectronics.X-CUBE-TOUCHGFX.4.23.2
2024-05-31 20:08:19,989 [WARN] PackLoader:240 - Cannot read IP mode file for STMicroelectronics.X-CUBE-AZRTOS-F7.1.1.0
2024-05-31 20:08:19,999 [WARN] PackLoader:240 - Cannot read IP mode file for STMicroelectronics.FP-SNS-FLIGHT1.5.0.2
2024-05-31 20:08:20,015 [WARN] PackLoader:240 - Cannot read IP mode file for STMicroelectronics.X-CUBE-DISPLAY.3.0.0
2024-05-31 20:08:20,032 [WARN] PackLoader:240 - Cannot read IP mode file for STMicroelectronics.X-CUBE-BLE1.7.0.0
2024-05-31 20:08:20,045 [WARN] PackLoader:240 - Cannot read IP mode file for emotas.I-CUBE-CANOPEN.1.3.0
2024-05-31 20:08:20,061 [WARN] PackLoader:240 - Cannot read IP mode file for STMicroelectronics.X-CUBE-BLEMGR.3.1.0
2024-05-31 20:08:20,074 [WARN] PackLoader:240 - Cannot read IP mode file for STMicroelectronics.FP-SNS-SMARTAG2.1.2.0
2024-05-31 20:08:20,089 [INFO] LogOutputStream:77 - [STDOUT_REDIRECT] 1 : Invalid condition id : UX_CORESTACK_Condition cause : null
2024-05-31 20:08:20,090 [INFO] LogOutputStream:77 - [STDOUT_REDIRECT] 1 : Invalid condition id : UX_CORESTACK_Condition cause : null
2024-05-31 20:08:20,091 [INFO] LogOutputStream:77 - [STDOUT_REDIRECT] 1 : Invalid condition id : UX_CORESTACK_Condition cause : null
2024-05-31 20:08:20,091 [INFO] LogOutputStream:77 - [STDOUT_REDIRECT] 1 : Invalid condition id : UX_CORESTACK_Condition cause : null
2024-05-31 20:08:20,092 [INFO] LogOutputStream:77 - [STDOUT_REDIRECT] 1 : Invalid condition id : UX_CORESTACK_Condition cause : null
2024-05-31 20:08:20,094 [WARN] PackLoader:240 - Cannot read IP mode file for STMicroelectronics.X-CUBE-AZRTOS-WL.2.0.0
2024-05-31 20:08:20,107 [WARN] PackLoader:240 - Cannot read IP mode file for WES.I-CUBE-Cesium.1.3.0
2024-05-31 20:08:20,122 [WARN] PackLoader:240 - Cannot read IP mode file for STMicroelectronics.X-CUBE-BLE2.3.3.0
2024-05-31 20:08:20,133 [WARN] PackLoader:240 - Cannot read IP mode file for STMicroelectronics.X-CUBE-TCPP.4.1.0
2024-05-31 20:08:20,148 [WARN] PackLoader:240 - Cannot read IP mode file for STMicroelectronics.X-CUBE-ALGOBUILD.1.3.0
2024-05-31 20:08:20,177 [WARN] PackLoader:240 - Cannot read IP mode file for STMicroelectronics.X-CUBE-AZRTOS-G0.1.1.0
2024-05-31 20:08:20,193 [WARN] PackLoader:240 - Cannot read IP mode file for STMicroelectronics.X-CUBE-SAFEA1.1.2.2
2024-05-31 20:08:20,211 [WARN] PackLoader:240 - Cannot read IP mode file for STMicroelectronics.X-CUBE-NFC4.3.0.0
2024-05-31 20:08:20,217 [WARN] PackLoader:240 - Cannot read IP mode file for wolfSSL.I-CUBE-wolfMQTT.1.18.0
2024-05-31 20:08:20,230 [WARN] PackLoader:240 - Cannot read IP mode file for wolfSSL.I-CUBE-wolfSSL.5.7.0
2024-05-31 20:08:20,235 [WARN] PackLoader:240 - Cannot read IP mode file for STMicroelectronics.FP-ATR-SIGFOX1.3.2.0
2024-05-31 20:08:20,250 [WARN] PackLoader:240 - Cannot read IP mode file for STMicroelectronics.X-CUBE-EEPRMA1.5.1.0
2024-05-31 20:08:20,265 [WARN] PackLoader:240 - Cannot read IP mode file for ITTIA_DB.I-CUBE-ITTIADB.8.9.0
2024-05-31 20:08:20,294 [WARN] PackLoader:240 - Cannot read IP mode file for SEGGER.I-CUBE-embOS.1.3.1
2024-05-31 20:08:20,330 [WARN] PackLoader:240 - Cannot read IP mode file for STMicroelectronics.X-CUBE-ALGOBUILD.1.4.0
2024-05-31 20:08:20,344 [WARN] PackLoader:240 - Cannot read IP mode file for STMicroelectronics.X-CUBE-GNSS1.6.0.0
2024-05-31 20:08:20,369 [WARN] PackLoader:240 - Cannot read IP mode file for STMicroelectronics.X-CUBE-AZRTOS-F4.1.1.0
2024-05-31 20:08:20,385 [WARN] PackLoader:240 - Cannot read IP mode file for STMicroelectronics.X-CUBE-FREERTOS.1.2.0
2024-05-31 20:08:20,407 [WARN] PackLoader:240 - Cannot read IP mode file for STMicroelectronics.X-CUBE-AZRTOS-L5.2.0.0
2024-05-31 20:08:20,422 [WARN] PackLoader:240 - Cannot read IP mode file for STMicroelectronics.X-CUBE-NFC6.3.1.0
2024-05-31 20:08:20,435 [WARN] PackLoader:240 - Cannot read IP mode file for STMicroelectronics.X-CUBE-AI.9.0.0
2024-05-31 20:08:20,451 [WARN] PackLoader:240 - Cannot read IP mode file for STMicroelectronics.X-CUBE-NFC7.1.0.1
2024-05-31 20:08:20,467 [WARN] PackLoader:240 - Cannot read IP mode file for STMicroelectronics.X-CUBE-AI.8.1.0
2024-05-31 20:08:20,497 [WARN] ConditionMgr:438 - getConditionDescription Invalid condition id : LAN8742 Phy interface Condition cause : null
2024-05-31 20:08:20,497 [WARN] PackLoader:240 - Cannot read IP mode file for STMicroelectronics.X-CUBE-AZRTOS-L4.2.0.0
2024-05-31 20:08:20,498 [WARN] ConditionMgr:1039 - genDependencies : Invalid condition id : LAN8742 Phy interface Condition cause : null
2024-05-31 20:08:20,499 [WARN] ConditionMgr:1039 - genDependencies : Invalid condition id : LAN8742 Phy interface Condition cause : null
2024-05-31 20:08:20,499 [WARN] ConditionMgr:1039 - genDependencies : Invalid condition id : LAN8742 Phy interface Condition cause : null
2024-05-31 20:08:20,515 [WARN] PackLoader:240 - Cannot read IP mode file for STMicroelectronics.X-CUBE-SFXS2LP1.4.0.0
2024-05-31 20:08:20,537 [WARN] ConditionMgr:438 - getConditionDescription Invalid condition id : UX DEVICE CLASS RTOS Condition cause : null
2024-05-31 20:08:20,537 [WARN] ConditionMgr:438 - getConditionDescription Invalid condition id : UX DEVICE CLASS RTOS Condition cause : null
2024-05-31 20:08:20,538 [WARN] PackLoader:240 - Cannot read IP mode file for STMicroelectronics.X-CUBE-AZRTOS-WB.2.0.0
2024-05-31 20:08:20,539 [WARN] ConditionMgr:1039 - genDependencies : Invalid condition id : UX DEVICE CLASS RTOS Condition cause : null
2024-05-31 20:08:20,539 [WARN] ConditionMgr:1039 - genDependencies : Invalid condition id : UX DEVICE CLASS RTOS Condition cause : null
2024-05-31 20:08:20,539 [WARN] ConditionMgr:1039 - genDependencies : Invalid condition id : UX DEVICE CLASS RTOS Condition cause : null
2024-05-31 20:08:20,540 [WARN] ConditionMgr:1039 - genDependencies : Invalid condition id : UX DEVICE CLASS RTOS Condition cause : null
2024-05-31 20:08:20,540 [WARN] ConditionMgr:1039 - genDependencies : Invalid condition id : UX DEVICE CLASS RTOS Condition cause : null
2024-05-31 20:08:20,554 [INFO] WebApp:779 - Register for checkConnection events
2024-05-31 20:08:20,554 [INFO] WebApp:414 - Apply proxy settings
2024-05-31 20:08:20,555 [INFO] WebApp:499 - Chromium requires no authentication
2024-05-31 20:08:20,557 [WARN] PackLoader:240 - Cannot read IP mode file for STMicroelectronics.X-CUBE-SUBG2.5.0.0
2024-05-31 20:08:20,571 [INFO] WebApp:442 - Direct internet connection detected
2024-05-31 20:08:20,581 [WARN] PackLoader:240 - Cannot read IP mode file for STMicroelectronics.X-CUBE-AZRTOS-G4.2.0.0
2024-05-31 20:08:20,592 [WARN] PackLoader:240 - Cannot read IP mode file for STMicroelectronics.FP-SNS-MOTENVWB1.1.3.1
2024-05-31 20:08:20,604 [WARN] PackLoader:240 - Cannot read IP mode file for STMicroelectronics.X-CUBE-ISPU.2.0.0
2024-05-31 20:08:20,617 [WARN] PackLoader:240 - Cannot read IP mode file for STMicroelectronics.X-CUBE-ALS.1.0.2
2024-05-31 20:08:20,653 [WARN] PackLoader:240 - Cannot read IP mode file for STMicroelectronics.X-CUBE-MEMS1.10.0.0
2024-05-31 20:08:20,728 [WARN] PackLoader:240 - Cannot read IP mode file for STMicroelectronics.X-CUBE-FREERTOS.1.1.0
2024-05-31 20:08:20,745 [WARN] PackLoader:240 - Cannot read IP mode file for portGmbH.I-Cube-SoM-uGOAL.1.1.0
2024-05-31 20:08:20,761 [WARN] PackLoader:240 - Cannot read IP mode file for STMicroelectronics.X-CUBE-ALS.1.0.1
2024-05-31 20:08:20,786 [WARN] PackLoader:240 - Cannot read IP mode file for STMicroelectronics.X-CUBE-AZRTOS-H7RS.1.0.0
2024-05-31 20:08:20,792 [WARN] PackLoader:240 - Cannot read IP mode file for STMicroelectronics.FP-ATR-ASTRA1.2.0.0
2024-05-31 20:08:20,811 [WARN] PackLoader:240 - Cannot read IP mode file for STMicroelectronics.X-CUBE-TOF1.3.4.1
2024-05-31 20:08:20,840 [WARN] PackLoader:240 - Cannot read IP mode file for STMicroelectronics.X-CUBE-AZRTOS-H7.3.2.0
2024-05-31 20:08:20,863 [WARN] PackLoader:240 - Cannot read IP mode file for Infineon.AIROC-Wi-Fi-Bluetooth-STM32.1.6.0
2024-05-31 20:08:20,866 [INFO] ThirdParty:978 - Integrity check success = true
2024-05-31 20:08:20,866 [INFO] IntegrityCheckThread:100 - exiting critical section [integrity check]
2024-05-31 20:08:20,866 [INFO] IntegrityCheckThread:103 - End integrity checks thread
2024-05-31 20:08:21,171 [INFO] WebApp:192 - Starting web application
2024-05-31 20:08:21,171 [INFO] WebApp:544 - Web application path used C:\ST\STM32CubeIDE_1.15.0\STM32CubeIDE\plugins\com.st.stm32cube.common.mx_6.11.1.202404110753\db\plugins\mcufinder\reactClient1\index.html
2024-05-31 20:20:10,734 [ERROR] LogOutputStream:75 - [STDERR_REDIRECT] 
