2024-04-21 15:19:24,086 [INFO] LogOutputStream:77 - [STDOUT_REDIRECT] 
2024-04-21 15:19:25,675 [INFO] ProjectBuilder:5002 - Time for Generating toolchain IDE Files: 2316mS.
2024-04-21 15:19:25,676 [INFO] ProjectBuilder:3034 - Time for Copy CMSIS : 1mS.
2024-04-21 15:19:25,683 [INFO] ProjectBuilder:3034 - Time for Copy CMSIS : 0mS.
2024-04-21 15:33:27,402 [INFO] NvicIntPanel:101 - NVIC parent = com.st.microxplorer.plugins.ip.nvic.MultiNvicIntPanel[,0,0,0x0,invalid,layout=javax.swing.BoxLayout,alignmentX=0.0,alignmentY=0.0,border=,flags=9,maximumSize=,minimumSize=,preferredSize=]
2024-04-21 15:33:36,782 [INFO] NvicIntPanel:101 - NVIC parent = com.st.microxplorer.plugins.ip.nvic.MultiNvicIntPanel[,0,0,0x0,invalid,layout=javax.swing.BoxLayout,alignmentX=0.0,alignmentY=0.0,border=,flags=9,maximumSize=,minimumSize=,preferredSize=]
2024-04-21 15:33:50,911 [INFO] NvicIntPanel:101 - NVIC parent = com.st.microxplorer.plugins.ip.nvic.MultiNvicIntPanel[,0,0,0x0,invalid,layout=javax.swing.BoxLayout,alignmentX=0.0,alignmentY=0.0,border=,flags=9,maximumSize=,minimumSize=,preferredSize=]
2024-04-21 15:33:51,014 [INFO] NvicIntPanel:101 - NVIC parent = com.st.microxplorer.plugins.ip.nvic.MultiNvicIntPanel[,0,0,0x0,invalid,layout=javax.swing.BoxLayout,alignmentX=0.0,alignmentY=0.0,border=,flags=9,maximumSize=,minimumSize=,preferredSize=]
2024-04-21 15:33:52,825 [INFO] NvicIntPanel:101 - NVIC parent = com.st.microxplorer.plugins.ip.nvic.MultiNvicIntPanel[,0,0,0x0,invalid,layout=javax.swing.BoxLayout,alignmentX=0.0,alignmentY=0.0,border=,flags=9,maximumSize=,minimumSize=,preferredSize=]
2024-04-21 15:33:52,926 [INFO] NvicIntPanel:101 - NVIC parent = com.st.microxplorer.plugins.ip.nvic.MultiNvicIntPanel[,0,0,0x0,invalid,layout=javax.swing.BoxLayout,alignmentX=0.0,alignmentY=0.0,border=,flags=9,maximumSize=,minimumSize=,preferredSize=]
2024-04-21 15:33:58,373 [INFO] UtilMem:75 - End SaveConfig() Used Memory: 479916072 Bytes (998244352)
2024-04-21 15:33:59,347 [INFO] UtilMem:75 - End SaveConfig() Used Memory: 510322128 Bytes (998244352)
2024-04-21 15:34:00,708 [INFO] UtilMem:75 - End SaveConfig() Used Memory: 563273168 Bytes (998244352)
2024-04-21 15:34:00,845 [INFO] BlockDiagram:2759 - set Specific Code input for plugin: SPI
2024-04-21 15:34:00,845 [INFO] BlockDiagram:2759 - set Specific Code input for plugin: SYS
2024-04-21 15:34:00,845 [INFO] BlockDiagram:2759 - set Specific Code input for plugin: RCC
2024-04-21 15:34:00,845 [INFO] BlockDiagram:2759 - set Specific Code input for plugin: USB_OTG_FS
2024-04-21 15:34:00,845 [INFO] BlockDiagram:2759 - set Specific Code input for plugin: NVIC
2024-04-21 15:34:00,845 [INFO] BlockDiagram:2759 - set Specific Code input for plugin: USART
2024-04-21 15:34:00,845 [INFO] BlockDiagram:2759 - set Specific Code input for plugin: GPIO
2024-04-21 15:34:00,845 [INFO] BlockDiagram:2759 - set Specific Code input for plugin: ETH
2024-04-21 15:34:00,847 [INFO] CodeGenerator:807 - code generatio: config db path: C:\ST\STM32CubeIDE_1.15.0\STM32CubeIDE\plugins\com.st.stm32cube.common.mx_6.11.0.202403141607\\db\
2024-04-21 15:34:00,925 [INFO] CodeEngine:255 - oldGeneratedFile, C:\Users\harun\Documents\GitHub\Personal-Projects\microFlipper\SimpleGUI\SimpleGUI\MXTmpFiles\license.tmp_save
2024-04-21 15:34:01,019 [INFO] CodeEngine:279 - Generated code: C:\Users\harun\Documents\GitHub\Personal-Projects\microFlipper\SimpleGUI\SimpleGUI\MXTmpFiles\license.tmp
2024-04-21 15:34:01,077 [INFO] CodeEngine:255 - oldGeneratedFile, C:\Users\harun\Documents\GitHub\Personal-Projects\microFlipper\SimpleGUI\SimpleGUI\MXTmpFiles\gpio.tmp_save
2024-04-21 15:34:01,159 [INFO] CodeEngine:279 - Generated code: C:\Users\harun\Documents\GitHub\Personal-Projects\microFlipper\SimpleGUI\SimpleGUI\MXTmpFiles\gpio.tmp
2024-04-21 15:34:01,460 [WARN] IPConfigManager:2982 - Warning: the RefConfig PWREx_EnableUSBVoltageDetector is not available in your config.xml file
2024-04-21 15:34:01,471 [INFO] CodeEngine:255 - oldGeneratedFile, C:\Users\harun\Documents\GitHub\Personal-Projects\microFlipper\SimpleGUI\SimpleGUI\MXTmpFiles\cortex.tmp_save
2024-04-21 15:34:01,546 [INFO] CodeEngine:279 - Generated code: C:\Users\harun\Documents\GitHub\Personal-Projects\microFlipper\SimpleGUI\SimpleGUI\MXTmpFiles\cortex.tmp
2024-04-21 15:34:01,573 [INFO] CodeEngine:255 - oldGeneratedFile, C:\Users\harun\Documents\GitHub\Personal-Projects\microFlipper\SimpleGUI\SimpleGUI\Core\Src\stm32f7xx_it.c_save
2024-04-21 15:34:01,700 [INFO] CodeEngine:279 - Generated code: C:\Users\harun\Documents\GitHub\Personal-Projects\microFlipper\SimpleGUI\SimpleGUI\Core\Src\stm32f7xx_it.c
2024-04-21 15:34:01,708 [INFO] CodeEngine:255 - oldGeneratedFile, C:\Users\harun\Documents\GitHub\Personal-Projects\microFlipper\SimpleGUI\SimpleGUI\Core\Inc\stm32f7xx_it.h_save
2024-04-21 15:34:01,760 [INFO] CodeEngine:279 - Generated code: C:\Users\harun\Documents\GitHub\Personal-Projects\microFlipper\SimpleGUI\SimpleGUI\Core\Inc\stm32f7xx_it.h
2024-04-21 15:34:01,780 [INFO] CodeEngine:255 - oldGeneratedFile, C:\Users\harun\Documents\GitHub\Personal-Projects\microFlipper\SimpleGUI\SimpleGUI\Core\Src\stm32f7xx_hal_msp.c_save
2024-04-21 15:34:01,873 [INFO] CodeEngine:279 - Generated code: C:\Users\harun\Documents\GitHub\Personal-Projects\microFlipper\SimpleGUI\SimpleGUI\Core\Src\stm32f7xx_hal_msp.c
2024-04-21 15:34:01,877 [INFO] CodeEngine:255 - oldGeneratedFile, C:\Users\harun\Documents\GitHub\Personal-Projects\microFlipper\SimpleGUI\SimpleGUI\MXTmpFiles\system.tmp_save
2024-04-21 15:34:01,921 [INFO] CodeEngine:279 - Generated code: C:\Users\harun\Documents\GitHub\Personal-Projects\microFlipper\SimpleGUI\SimpleGUI\MXTmpFiles\system.tmp
2024-04-21 15:34:01,936 [INFO] CodeEngine:311 - oldGeneratedFile, C:\Users\harun\Documents\GitHub\Personal-Projects\microFlipper\SimpleGUI\SimpleGUI\Core\Inc\stm32f7xx_hal_conf.h_save
2024-04-21 15:34:02,004 [INFO] CodeEngine:335 - Generated code: C:\Users\harun\Documents\GitHub\Personal-Projects\microFlipper\SimpleGUI\SimpleGUI\Core\Inc\stm32f7xx_hal_conf.h
2024-04-21 15:34:02,025 [WARN] IPConfigManager:3513 - IP not found : USB_OTG
2024-04-21 15:34:02,026 [WARN] CodeGenerator:3951 - IP not found : null
2024-04-21 15:34:02,039 [INFO] CodeEngine:255 - oldGeneratedFile, C:\Users\harun\Documents\GitHub\Personal-Projects\microFlipper\SimpleGUI\SimpleGUI\Core\Inc\main.h_save
2024-04-21 15:34:02,112 [INFO] CodeEngine:279 - Generated code: C:\Users\harun\Documents\GitHub\Personal-Projects\microFlipper\SimpleGUI\SimpleGUI\Core\Inc\main.h
2024-04-21 15:34:02,126 [INFO] CodeEngine:255 - oldGeneratedFile, C:\Users\harun\Documents\GitHub\Personal-Projects\microFlipper\SimpleGUI\SimpleGUI\Core\Src\main.c_save
2024-04-21 15:34:02,247 [INFO] CodeEngine:279 - Generated code: C:\Users\harun\Documents\GitHub\Personal-Projects\microFlipper\SimpleGUI\SimpleGUI\Core\Src\main.c
2024-04-21 15:34:02,524 [INFO] ProjectBuilder:3163 - Time for Copy HAL[1] : 151mS.
2024-04-21 15:34:02,531 [INFO] ProjectBuilder:4736 - Project Generator version: 4.3.0-B58
2024-04-21 15:34:02,585 [INFO] ConfigFileManager:1503 - The Die is : DIE451
2024-04-21 15:34:03,460 [INFO] ProjectBuilder:5002 - Time for Generating toolchain IDE Files: 929mS.
2024-04-21 15:34:03,461 [INFO] ProjectBuilder:3034 - Time for Copy CMSIS : 1mS.
2024-04-21 15:34:03,469 [INFO] ProjectBuilder:3034 - Time for Copy CMSIS : 0mS.
2024-04-21 20:48:20,771 [ERROR] LogOutputStream:75 - [STDERR_REDIRECT] 
